<?xml version="1.0" encoding="UTF-8"?>
<testsuite name="rss.app.MessageUtilsTest" tests="1" skipped="0" failures="0" errors="0" timestamp="2021-10-25T13:46:28" hostname="daMachine" time="0.021">
  <properties/>
  <testcase name="testGetMessage()" classname="rss.app.MessageUtilsTest" time="0.021"/>
  <system-out><![CDATA[]]></system-out>
  <system-err><![CDATA[]]></system-err>
</testsuite>
