<?xml version="1.0" encoding="UTF-8"?>
<testsuite name="rss.app.MessageUtilsTest" tests="1" skipped="0" failures="0" errors="0" timestamp="2022-02-25T15:01:13" hostname="sentinel" time="0.013">
  <properties/>
  <testcase name="testGetMessage()" classname="rss.app.MessageUtilsTest" time="0.013"/>
  <system-out><![CDATA[]]></system-out>
  <system-err><![CDATA[]]></system-err>
</testsuite>
