<?xml version="1.0" encoding="UTF-8"?>
<testsuite name="rss.list.LinkedListTest" tests="4" skipped="0" failures="0" errors="0" timestamp="2021-10-25T13:45:35" hostname="daMachine" time="0.025">
  <properties/>
  <testcase name="testAdd()" classname="rss.list.LinkedListTest" time="0.02"/>
  <testcase name="testRemoveMissing()" classname="rss.list.LinkedListTest" time="0.001"/>
  <testcase name="testRemove()" classname="rss.list.LinkedListTest" time="0.001"/>
  <testcase name="testConstructor()" classname="rss.list.LinkedListTest" time="0.001"/>
  <system-out><![CDATA[]]></system-out>
  <system-err><![CDATA[]]></system-err>
</testsuite>
