<?xml version="1.0" encoding="UTF-8"?>
<testsuite name="de.unipassau.wolfgangpopp.xmlrss.wpprovider.psrss.PSRedactableXMLSignatureTest" tests="13" skipped="0" failures="0" errors="0" timestamp="2022-03-04T11:49:18" hostname="sentinel" time="0.12">
  <properties/>
  <testcase name="engineVerifyFail" classname="de.unipassau.wolfgangpopp.xmlrss.wpprovider.psrss.PSRedactableXMLSignatureTest" time="0.009"/>
  <testcase name="testAddNonRedactable" classname="de.unipassau.wolfgangpopp.xmlrss.wpprovider.psrss.PSRedactableXMLSignatureTest" time="0.002"/>
  <testcase name="testGetInstanceFromSpecificProviderObject" classname="de.unipassau.wolfgangpopp.xmlrss.wpprovider.psrss.PSRedactableXMLSignatureTest" time="0.001"/>
  <testcase name="testGetInstanceFromSpecificProviderString" classname="de.unipassau.wolfgangpopp.xmlrss.wpprovider.psrss.PSRedactableXMLSignatureTest" time="0.0"/>
  <testcase name="testRedactOverlapDTD" classname="de.unipassau.wolfgangpopp.xmlrss.wpprovider.psrss.PSRedactableXMLSignatureTest" time="0.014"/>
  <testcase name="testSign" classname="de.unipassau.wolfgangpopp.xmlrss.wpprovider.psrss.PSRedactableXMLSignatureTest" time="0.016"/>
  <testcase name="testSignThenRedactAndThenVerify" classname="de.unipassau.wolfgangpopp.xmlrss.wpprovider.psrss.PSRedactableXMLSignatureTest" time="0.013"/>
  <testcase name="testRedactOverlapSchema" classname="de.unipassau.wolfgangpopp.xmlrss.wpprovider.psrss.PSRedactableXMLSignatureTest" time="0.019"/>
  <testcase name="testVerifyFalseModifiedDoc" classname="de.unipassau.wolfgangpopp.xmlrss.wpprovider.psrss.PSRedactableXMLSignatureTest" time="0.014"/>
  <testcase name="testSignAndThenVerify" classname="de.unipassau.wolfgangpopp.xmlrss.wpprovider.psrss.PSRedactableXMLSignatureTest" time="0.015"/>
  <testcase name="testVerifyFalseModfiedSig" classname="de.unipassau.wolfgangpopp.xmlrss.wpprovider.psrss.PSRedactableXMLSignatureTest" time="0.012"/>
  <testcase name="testAddPartSelectorDuplicate" classname="de.unipassau.wolfgangpopp.xmlrss.wpprovider.psrss.PSRedactableXMLSignatureTest" time="0.003"/>
  <testcase name="testGetInstance" classname="de.unipassau.wolfgangpopp.xmlrss.wpprovider.psrss.PSRedactableXMLSignatureTest" time="0.0"/>
  <system-out><![CDATA[<?xml version="1.0" encoding="UTF-8" standalone="no"?><Vehicle><Aircraft id="a1"><Glider id="g1">DG-800</Glider><Jet id="j1">Airbus A380</Jet></Aircraft><Watercraft id="a2"><Sailboat>Bavaria 36</Sailboat><Motorboat>Bavaria Sport 29</Motorboat></Watercraft><MotorVehicles id="a3"><Car Brand="Audi" Model="A3"/><Car Brand="Audi" Model="A4"/><Car Brand="BMW" Model="i7"/><Motorcycle Brand="Honda" Model="RC212V"/></MotorVehicles><Signature xmlns="https://sec.uni-passau.de/2017/03/xmlrss"><SignatureInfo><CanonicalizationMethod Algorithm="http://www.w3.org/2006/12/xml-c14n11"/><RedactableSignatureAlgorithm Algorithm="http://sec.uni-passau.de/2017/xmlrss/psrss"/></SignatureInfo><References><Reference><Pointer Redactable="true" URI="#xpointer(id('a1'))"/><Proof><Data>FEmDolYH84+SLweT/+bthzuH18NCh8g064G1VWcqC145K5jFg9QUKaplk1K7ttIt8ybLB3v1Ma2fKyO06uTWKw==</Data></Proof></Reference><Reference><Pointer Redactable="true" URI="#xpointer(id('a3'))"/><Proof><Data>IMaNjc1yb8y6AQKgjiR4ZThYR5Zvwrazq0TnNjfsTTtS3rdsqL2ITJGjdgbD+AtpCP2iT766e5KNreveQm0fAQ==</Data></Proof></Reference><Reference><Pointer Redactable="true" URI="#xpointer(id('a2'))"/><Proof><Data>aVqWgOPGKLDzY6WXkaIR3quDyB5TXRpw2YMnWLJMjF4vlZTGZsFpZlr+Qx2EhuQdL44XX4xhWPBctCqNQcUEUA==</Data></Proof></Reference><Reference><Pointer URI="SignatureInfo"/><Proof><Data>AIebIUqwWvMj/+YR3yxCjxgXGa1WXWWlSCVJEbsVanOEhYZBXLJ9zie0XUqzvAePurl7B7JZvKrFeKuHxctkBJk=</Data></Proof></Reference></References><SignatureValue><Tag>t/7sXfXsbZIQ6UBZMOuOAxr0XtbL4nKWbt4QUzb1YG3rRRfdVh+kYc3qOSYos7kvXZUOe9Gs061U8u/giuPtKF0Q8XP+GdVw+i2TLn3n76yQ5X3Of1hXiDTnxrsl71ZG4uAgUJXNazD3/5Khj+g0NbsAjsUmbL/5VfcybMvYfeCehXi3A7s1rs5zj0eAvGRJqw4AQZgWdXlR0MCId3nEPP/ZJPsS0CtmqHZPfK1onwGvBIshtSOpWbDAkTWbQ9Xn2LNanX5OAcYpbDh4DPez8/RXyRMo5dmIRkBU8fRHK4dW6RB5CglrAdDSpNrvLkNGbwe3Mkx0GOnK5o8c6cdStTx1YugC3R30zW9KqqFybn2lxGry6XXUQiZXX+1xPyZYgi/ORPCcZ6cdZSETXkHLORUVk3oeQSJHWKDtBzTlqOqPXS0taXjmL9e9vQwKuBNV8ttEEj5RhF/dZpr4rNqOFu2/pFRMMdE7g41kjTQNVFwO331Z6ZmZadTd2dOFAABsCG4RhW/VPao6sTN92OgAPmvMU/XqkkCnwZrwuRUQOZ7ULp4m582At6ujk8N5e9swTFAHUOMsMgy2dglRiPFoLus2W2iimS7ZNOQwS+YyE7kuOSF7QLgwq7yBKGryI1Zi/gAZtMZmXwdptJ+TFQVUAK5JBuCFQFzsw22XEXa8NBE=</Tag><ProofOfTag>E633fZpRPXE8dcjjKfEGjuZJpKJpLje46j11MMRKnSH4FUdikgkx/l8bspQs9H/73osikutFuQVUrYU1CYUYqQ==</ProofOfTag><AccumulatorValue>P5h3HLSJzD0r0rnS83r/8ZOvx0I63FWOmC50moD4IlsRvxY9PSKoGdlYKavGBc2Dnb0QzGV6dUSqKMQYDhhcVQ==</AccumulatorValue></SignatureValue></Signature></Vehicle><?xml version="1.0" encoding="utf-8" standalone="no"?><!--
  ~ XMLRSS - A Java Crypto Provider for Redactable Signatures and their
  ~ XML Signature encoding.
  ~
  ~ Copyright (c) 2017 Wolfgang Popp
  ~
  ~ This program is free software: you can redistribute it and/or modify
  ~ it under the terms of the GNU General Public License as published by
  ~ the Free Software Foundation, either version 3 of the License, or
  ~ (at your option) any later version.
  ~
  ~ This program is distributed in the hope that it will be useful,
  ~ but WITHOUT ANY WARRANTY; without even the implied warranty of
  ~ MERCHANTABILITY or FITNESS FOR A PARTICULAR PURPOSE.  See the
  ~ GNU General Public License for more details.
  ~
  ~ You should have received a copy of the GNU General Public License
  ~ along with this program.  If not, see <http://www.gnu.org/licenses/>.
  --><container xmlns="https://sec.fim.uni-passau.de/psrss"><item id="i1"><list id="l1"><entry id="e1">entry1</entry><entry id="e2">entry2</entry><entry id="e3">entry3</entry></list></item><item id="i2"><struct id="s1"><header>head</header><body>
                <data>data</data>
            </body><footer>foot</footer></struct></item><item id="i3"><data id="d1">data</data></item><Signature xmlns="https://sec.uni-passau.de/2017/03/xmlrss"><SignatureInfo><CanonicalizationMethod Algorithm="http://www.w3.org/2006/12/xml-c14n11"/><RedactableSignatureAlgorithm Algorithm="http://sec.uni-passau.de/2017/xmlrss/psrss"/></SignatureInfo><References><Reference><Pointer Redactable="true" URI="#xpointer(id('e3'))"/><Proof><Data>Y2a9VkBtapmr6H6HsfBxgrTuVt85qv883a7F3H3wjBXcY3vIRgcmkZF45UCDCs4iMd0wIM4U7l1w+g4eTFUFYQ==</Data></Proof></Reference><Reference><Pointer Redactable="true" URI="#xpointer(id('e1'))"/><Proof><Data>QnHE4lXMzM4U832Pun+nAYlvYWVX2IV4jiFCq8BBI/zi1hZDm/Czr+LANzjb4J2Moe7m3JekF9zUX7tY6DokAg==</Data></Proof></Reference><Reference><Pointer Redactable="true" URI="#xpointer(id('i2'))"/><Proof><Data>ddz0joYmq52X4sEtBUakEpL14bg3DYLXXexRqufIowk5r5zQZl3E5L2kRrvb+Iw7GLoJ8m+pRuDnuIEQ8dv9Fw==</Data></Proof></Reference><Reference><Pointer Redactable="true" URI="#xpointer(id('i3'))"/><Proof><Data>ZpXNySGsBNTDeNmoenKgjTk4GalhnsPZVxxnQ4RY7DsaTv+LO5N0+kk7JQCHLs0Ntgt3/bzwrHBeQxeGosldFg==</Data></Proof></Reference><Reference><Pointer Redactable="true" URI="#xpointer(id('i1'))"/><Proof><Data>MTbpPz0DIOwWf4e4Uia8AYDpdEUhi8g+HnJscfh0oGho2FfJVk63k6UoM9Z3PW1XRxPD5mES8pcTNmwgrmi6Bw==</Data></Proof></Reference><Reference><Pointer Redactable="true" URI="#xpointer(id('l1'))"/><Proof><Data>AIgiNCVE4KBI4y4MxNf4xIrqLj2xQGog7qvamzqWHvE6kSQm6t0Z+IN/lnNUznqxQNaE5pALWIlurB5LOW0xO0o=</Data></Proof></Reference><Reference><Pointer URI="SignatureInfo"/><Proof><Data>cc5Oq0OUdOqX5c8XrK1zXT9UIBklqpEYZjkTPVxqqKL7wGy9LpwVhcQDlXbyOG7v8ftjXEzECaIZ0Sr7tqrL8g==</Data></Proof></Reference><Reference><Pointer Redactable="true" URI="#xpointer(id('s1'))"/><Proof><Data>QghdGzg5t6+35rpl5aecq5vu40x4ymeo5ye1ND4Mw7xxAiAdZ53X+3MqhDECY7s2C7RBFBaf9LjtMVkFhbRe9Q==</Data></Proof></Reference><Reference><Pointer Redactable="true" URI="#xpointer(id('e2'))"/><Proof><Data>T7KQa8o5OXfwfDux7ldIg0U6o/80ig0/MsETwkASp3TSoJ2VD7mM3xw/ALm5UgBbkPIrTbYPoDqEcHmZPgqIhQ==</Data></Proof></Reference></References><SignatureValue><Tag>PQHBeztGkY6iCzaqcJK0W+brN++7coomczd0r2shXYfVYVDN6vrjgyz4HnHJD6x5KGk9kS1M7U+bHoXqoJYgAjV5rgix9JyMjstvF5oUoacAP12W03V/VP4bJXn3pQ2SdXV4ytgpVd6Hxiyvl7SA1r4x6Lrg7Gm9rP/35d2lR6FT2J+8Oqu3NRbmI0x9nQ1eG4C3ZCGiUf9v/wSlOd1fWMerIG8sBRYF3Cqd6FpE2Ojx2Tx6l3ALCeE9RPYlt/eAuDQljxFdi4m1B5S8EoueRIu3ZIR82AulrzEeAUbxXLHE2UVDyehrCCxPWhFxBsupNik7KB5EquATsgm941JpqhuaTFBfrWWBrFMiup+sj56UgcI4mhELuBck3Z+GWUVLmtawcCKnELsHK2nMgzgqR2KxRwoLJ6iN/esBgbfXjLCR3CwQX4KuZVGkDz+79zzVi6AvUu+0rxn8C1ApcsTInteElvBhniJjyhVOr8dKpgDZHRtNpw3Fk18Dy2X9dEqSBB6ouhAIahYuUZgWTbIJMMMyqv8TFNhiGNou0gIwzTC5ZOqPouhtxTv7YB/BxoyXDxXMOkVLYnZ9wuuNCxDN320P8U9hWRaS0PjFgcO4ubvj6IgtNqKprqpvoocZABLRnT7undjyLSsJJitT2PlQxc1piJXcm2Of2hO7RVbd6AY=</Tag><ProofOfTag>RQxR0//t84ZikvphVIH7m55xzIxrQ9kyXHV5vQscK8JLQ65w0QdljceDkDpJYMp/GvRwB+XxcGNRaJwXY9BULw==</ProofOfTag><AccumulatorValue>KLgHkQefnTsBn5059wIl9ULJ3Mat65Tl49sljBsNOFbbR4ccPppXsZWG5tJQSQw64f/wYgwMUmv8bOsTgtwKUQ==</AccumulatorValue></SignatureValue></Signature></container><?xml version="1.0" encoding="utf-8" standalone="no"?><!--
  ~ XMLRSS - A Java Crypto Provider for Redactable Signatures and their
  ~ XML Signature encoding.
  ~
  ~ Copyright (c) 2017 Wolfgang Popp
  ~
  ~ This program is free software: you can redistribute it and/or modify
  ~ it under the terms of the GNU General Public License as published by
  ~ the Free Software Foundation, either version 3 of the License, or
  ~ (at your option) any later version.
  ~
  ~ This program is distributed in the hope that it will be useful,
  ~ but WITHOUT ANY WARRANTY; without even the implied warranty of
  ~ MERCHANTABILITY or FITNESS FOR A PARTICULAR PURPOSE.  See the
  ~ GNU General Public License for more details.
  ~
  ~ You should have received a copy of the GNU General Public License
  ~ along with this program.  If not, see <http://www.gnu.org/licenses/>.
  --><container xmlns="https://sec.fim.uni-passau.de/psrss"><item id="i2"><struct id="s1"><header>head</header><body>
                <data>data</data>
            </body><footer>foot</footer></struct></item><Signature xmlns="https://sec.uni-passau.de/2017/03/xmlrss"><SignatureInfo><CanonicalizationMethod Algorithm="http://www.w3.org/2006/12/xml-c14n11"/><RedactableSignatureAlgorithm Algorithm="http://sec.uni-passau.de/2017/xmlrss/psrss"/></SignatureInfo><References><Reference><Pointer Redactable="true" URI="#xpointer(id('i2'))"/><Proof><Data>ddz0joYmq52X4sEtBUakEpL14bg3DYLXXexRqufIowk5r5zQZl3E5L2kRrvb+Iw7GLoJ8m+pRuDnuIEQ8dv9Fw==</Data></Proof></Reference><Reference><Pointer URI="SignatureInfo"/><Proof><Data>cc5Oq0OUdOqX5c8XrK1zXT9UIBklqpEYZjkTPVxqqKL7wGy9LpwVhcQDlXbyOG7v8ftjXEzECaIZ0Sr7tqrL8g==</Data></Proof></Reference><Reference><Pointer Redactable="true" URI="#xpointer(id('s1'))"/><Proof><Data>QghdGzg5t6+35rpl5aecq5vu40x4ymeo5ye1ND4Mw7xxAiAdZ53X+3MqhDECY7s2C7RBFBaf9LjtMVkFhbRe9Q==</Data></Proof></Reference></References><SignatureValue><Tag>PQHBeztGkY6iCzaqcJK0W+brN++7coomczd0r2shXYfVYVDN6vrjgyz4HnHJD6x5KGk9kS1M7U+bHoXqoJYgAjV5rgix9JyMjstvF5oUoacAP12W03V/VP4bJXn3pQ2SdXV4ytgpVd6Hxiyvl7SA1r4x6Lrg7Gm9rP/35d2lR6FT2J+8Oqu3NRbmI0x9nQ1eG4C3ZCGiUf9v/wSlOd1fWMerIG8sBRYF3Cqd6FpE2Ojx2Tx6l3ALCeE9RPYlt/eAuDQljxFdi4m1B5S8EoueRIu3ZIR82AulrzEeAUbxXLHE2UVDyehrCCxPWhFxBsupNik7KB5EquATsgm941JpqhuaTFBfrWWBrFMiup+sj56UgcI4mhELuBck3Z+GWUVLmtawcCKnELsHK2nMgzgqR2KxRwoLJ6iN/esBgbfXjLCR3CwQX4KuZVGkDz+79zzVi6AvUu+0rxn8C1ApcsTInteElvBhniJjyhVOr8dKpgDZHRtNpw3Fk18Dy2X9dEqSBB6ouhAIahYuUZgWTbIJMMMyqv8TFNhiGNou0gIwzTC5ZOqPouhtxTv7YB/BxoyXDxXMOkVLYnZ9wuuNCxDN320P8U9hWRaS0PjFgcO4ubvj6IgtNqKprqpvoocZABLRnT7undjyLSsJJitT2PlQxc1piJXcm2Of2hO7RVbd6AY=</Tag><ProofOfTag>RQxR0//t84ZikvphVIH7m55xzIxrQ9kyXHV5vQscK8JLQ65w0QdljceDkDpJYMp/GvRwB+XxcGNRaJwXY9BULw==</ProofOfTag><AccumulatorValue>KLgHkQefnTsBn5059wIl9ULJ3Mat65Tl49sljBsNOFbbR4ccPppXsZWG5tJQSQw64f/wYgwMUmv8bOsTgtwKUQ==</AccumulatorValue></SignatureValue></Signature></container><?xml version="1.0" encoding="UTF-8" standalone="no"?><Vehicle><Aircraft id="a1"><Glider id="g1">DG-800</Glider><Jet id="j1">Airbus A380</Jet></Aircraft><Watercraft id="a2"><Sailboat>Bavaria 36</Sailboat><Motorboat>Bavaria Sport 29</Motorboat></Watercraft><MotorVehicles id="a3"><Car Brand="Audi" Model="A3"/><Car Brand="Audi" Model="A4"/><Car Brand="BMW" Model="i7"/><Motorcycle Brand="Honda" Model="RC212V"/></MotorVehicles><Signature xmlns="https://sec.uni-passau.de/2017/03/xmlrss"><SignatureInfo><CanonicalizationMethod Algorithm="http://www.w3.org/2006/12/xml-c14n11"/><RedactableSignatureAlgorithm Algorithm="http://sec.uni-passau.de/2017/xmlrss/psrss"/></SignatureInfo><References><Reference><Pointer URI="SignatureInfo"/><Proof><Data>PIjgIBFpXe+bnYeQCMOepMOU/Uy01tgNS6LnbOdqOfoM4Lz9eFJbN1zqQd7BkGSrRhhx9aCRjS3kv0c6tNgKsg==</Data></Proof></Reference><Reference><Pointer Redactable="true" URI="#xpointer(id('a3'))"/><Proof><Data>GhZF9Y6uedNSU9aDThS56+38Zv5pKZ6EwKaMvZFtYP7jYcW+XJahYRfGKhExIFa/VdEWBxNW2miio3lIXXzQDA==</Data></Proof></Reference><Reference><Pointer Redactable="true" URI="#xpointer(id('a1'))"/><Proof><Data>bMqU5/kZGG1wi/YrkuOyCh5CbXVrCPV0HlsnmyYP9se61Yox2R0wXEhEpOcSZ2dpiYyFDVussN2nsFTgPnb8NQ==</Data></Proof></Reference><Reference><Pointer Redactable="true" URI="#xpointer(id('a2'))"/><Proof><Data>CghYD6WEtDGR7joKoY62yT5OfFzNYVo8Et4gToKiIir9JxuuxdUdzucoaCplgjixZWln8Z6BhitQ898Pjb/7Mg==</Data></Proof></Reference></References><SignatureValue><Tag>qtROUFSy8lDnhvzPOyjTAMjOnKoYLZ/dQOows85fZ/eo6Dhx4XUZv3kNtlF6X50Rvje/rpdfRyH3YEUR7nRSnR7nnBceWggvD53kJUctmFENtXEn4s7ALiqGQ5WK//OHFIyMrtPmD/oazSEVsFOevx7sG4LXTwTxdvOjfZ8HUaqUs/Y+reGTVKMwzjOQ1g6hMvSDrx8lZK2ooNPsIp+3gtomzg29Lnvjmj67YHWlwsHWqEp8FOwvn/mdVbSiRc/wnxCCNWs7nW7wuO9mjsbScMuX7M2ZIbNxBCfwjL4RY+Ro000/EoKUGfygy0M1q7XCGB6+dZsO2ljvffEClds3IVLp4BbUb4cync3t5/riilprUdSXJskLCrQgCzZtnH+/uxm2kpqtALjf1txaOemZvbcGw9KwUQ8vh2nLCMi5EmYhTjWSU99UzaFIR7CLvLOieCUAMsQORUEN5fq10hsOQPJZ8lnT3rF0cabPXjHhc+YX/ND56wTSLz6MMLHXP+NGRzj/6j7G7b+y8dZ++5lvNUfSoRptUKULnqyjl7dGwmPNcGmGwuwT2z+K5EbCFfYSXT1n6myxjEn9V9EEqxGrVXWaSsEl+c1ZT6yY68lvdIYEu4OJPjyYuSN895QCtGasoVPa2gmBRSdrlKpVBwXM5SGR2/B+NpVFI6SpepyytPc=</Tag><ProofOfTag>Cyk1wcC1BidJBZa5JLqR66/3t3nMkXnfURoWHMwx92CHp8Oe1n9A0dfOw4rT1mRxH8B7UqxiGOjZa9tyvMFfdw==</ProofOfTag><AccumulatorValue>UleCfnaLhEwt9Wue87+QeBqkVL1ENYf2HagmcpOPNX/fOdNKfCaW3fIxdATQE0j4nAmMAoHxtH1sfRcOdi33Mw==</AccumulatorValue></SignatureValue></Signature></Vehicle><?xml version="1.0" encoding="UTF-8" standalone="no"?><Vehicle><Aircraft id="a1"><Glider id="g1">DG-800</Glider><Jet id="j1">Airbus A380</Jet></Aircraft><Watercraft id="a2"><Sailboat>Bavaria 36</Sailboat><Motorboat>Bavaria Sport 29</Motorboat></Watercraft><MotorVehicles id="a3"><Car Brand="Audi" Model="A3"/><Car Brand="Audi" Model="A4"/><Car Brand="BMW" Model="i7"/><Motorcycle Brand="Honda" Model="RC212V"/></MotorVehicles><Signature xmlns="https://sec.uni-passau.de/2017/03/xmlrss"><SignatureInfo><CanonicalizationMethod Algorithm="http://www.w3.org/2006/12/xml-c14n11"/><RedactableSignatureAlgorithm Algorithm="http://sec.uni-passau.de/2017/xmlrss/psrss"/></SignatureInfo><References><Reference><Pointer URI="SignatureInfo"/><Proof><Data>VYEFsbukwVwKBy1VA8dtrGXMXkMqiLirqHZzuHiSk8tawoOLWhT14TeiGysLwZYoa7ggTcBFgExhK97YcFjO3Q==</Data></Proof></Reference><Reference><Pointer Redactable="true" URI="#xpointer(id('a3'))"/><Proof><Data>RaZCfJX/E5jCBmWtf1+x9wBBp7edYft/J/79IwuH3Rcq9BQPBjqb4bqGo86jGcQTc1Hdhk38N9p5MzlIKqnOBg==</Data></Proof></Reference><Reference><Pointer Redactable="true" URI="#xpointer(id('a1'))"/><Proof><Data>boNm3Vjqz7yRaaeeMcSbrZ9kKo7sSNC4hM//ZMEpi4XIhl8VC5pErdo1vJ27xvimM9JMQ18W9SfRf4TfjHtJng==</Data></Proof></Reference><Reference><Pointer Redactable="true" URI="#xpointer(id('a2'))"/><Proof><Data>Py+nVH2Thw09e9BpodEa6rJ5lDI3tdVlUwaENTdQC7+mrop0+xx4cdol3DMw0Voaf56tuGjxNKqAE8tzBnYKOQ==</Data></Proof></Reference></References><SignatureValue><Tag>XlbLX7vyLceWYouP+gAUFxb00Rw88UBLfj7ge87NybnhXoGrwSBeTQgAHyO41cdtgL6L8PA/kRTD0s3kLV5l7t9p+cF9cvGPX4sPzjp0zLwvZU1XpKomHtJHYC3SXMOXosgIKf1sLPWluTNoqXWkIhXRq1x9H7PMsoQcYSElIF0mt+TthuImWkMVx30BwD3B5haCSma85RiwSi0PlfzfextiQTDEASO9b/S+tKjvw/g0TctyZTW/qi2r3uukjqqkJvXLVMfODUqx6xumh1LUS99+R2h4+Q9V67zM7ZpMvS4V/7tJjpOo2SHgCQNtL51GAqko33JtGBhMNVPH7WRVwagEAoJXt+jxkq/ntR0VJF3brHg9f6L/IaWJin9RIj7oTMUNSB0o8l1Ssqa0HniAza2u9AlW9lvzFPjrDh20LMR7YiMsjYQT29jfJ84QsNkASsqNVhoAQEqzfWr+K129KWHm0CRNi573P1rOH2sZ7pNVHr+wG7QznujZvRFgAAWDVXNBSbpea0qzZr6opX1kiaBOihhzU6hj+iZmoBrG/FRt/XrF+5Ih8ViSWdI64TSl0PnkXuoBo4KocY9ZEfEvWLjXYx3AQpP3v9eus8CvHsXz1y+nZ7cHF/dDPyVe2OZ1vSNwfvKfBD02QH9zfO6XEQHfmlHC9Ai00UaEDy0oKXg=</Tag><ProofOfTag>HCp/wFyFu4llsME2GOA9uZ1EFhihKkhrocHcSy63mTGQLK3zrqABE9x2ArDy+veXtTRB4z1o9GFhWxizIQN6TQ==</ProofOfTag><AccumulatorValue>DW6xxhRJY5QW9li2Uu0sSDDmeOy1v/cCG9RYdbxybp3jlyj44OXPyF9UphtiYikI3HKRYI4dthfsDO2xS3wYVw==</AccumulatorValue></SignatureValue></Signature></Vehicle><?xml version="1.0" encoding="UTF-8" standalone="no"?><Vehicle><Aircraft id="a1"><Glider id="g1">DG-800</Glider><Jet id="j1">Airbus A380</Jet></Aircraft><Watercraft id="a2"><Sailboat>Bavaria 36</Sailboat><Motorboat>Bavaria Sport 29</Motorboat></Watercraft><MotorVehicles id="a3"><Car Brand="Audi" Model="A3"/><Car Brand="Audi" Model="A4"/><Car Brand="BMW" Model="i7"/><Motorcycle Brand="Honda" Model="RC212V"/></MotorVehicles><Signature xmlns="https://sec.uni-passau.de/2017/03/xmlrss"><SignatureInfo><CanonicalizationMethod Algorithm="http://www.w3.org/2006/12/xml-c14n11"/><RedactableSignatureAlgorithm Algorithm="http://sec.uni-passau.de/2017/xmlrss/psrss"/></SignatureInfo><References><Reference><Pointer Redactable="true" URI="#xpointer(id('a1'))"/><Proof><Data>P6icbnsUKat0WcrVE9tH6RWArx/MK5xRAgKPpJBpm3cWTA9B39h8HPWpx5afrf0SaykMjiYsjVuqhmUJdXAUog==</Data></Proof></Reference><Reference><Pointer Redactable="true" URI="#xpointer(id('a3'))"/><Proof><Data>Byf6ZaTQv5qF5PDE6XMXgJbWPpUE42CqT9bu5zvjuzGa6JZtH2YMd+f9ZPqaqMXeoMJtWJH0ItuG7Vas1Vq1nw==</Data></Proof></Reference><Reference><Pointer Redactable="true" URI="#xpointer(id('a2'))"/><Proof><Data>NhbuItQazpC4Jud2BdbGdWBgVUM9J/NR9b9MmOpXiAE6q639KOGvMQlPFnG2Wp7LFLcZOfIVDiIl9E1Aca5YxQ==</Data></Proof></Reference><Reference><Pointer URI="SignatureInfo"/><Proof><Data>e8RRdFKOw+ojVxiRTjFevm77zeerbd3Tg8fXJ3J7eThYAtAot8VhdtdXEBawcOEJMlfbLQYpccENURMqFd9Drw==</Data></Proof></Reference></References><SignatureValue><Tag>h1qPz9OcUf+nrGhaLhHEGCwTKBOAPZe1Ga2tq4OnD4eCogn1ptufy7SOPYauJMsCL5pUswDEATWWO9OrrNcAg7guEoS88t1fqb0g3sH5BVtSJWWntO1lYkVPIXjXtXkl+qwcOamam6stkJ56z9KGLm9xVoQZllchjMwHGupKBaLNoPR36KipHDTbi04PULnRhunDAQYGOioeY2Xjj8Db+AS2Z5Z4rTETYoLV7+vRZXhpyqw4hX2C/UqTUXkR1nYUKODMcFn+32UFdfiT2KprZK0s9LdpqvJY1WmD3ujH/hfG9y5jNHLHnhfqZREemIAJRzoBiKVHzslMAe7qqutLg+SFs3Gzbvt5SvOOSt1jyNfd5ITFmb/uU6P8FbABjJv8MJLod/llD2WgJR+G6vslasvRpbD1onFs0hspD+TLOjF8G5teE2vTiiWjJUABJTD6bJ+V6AFdf1YET9NpCkq2JeaSY2n5Dywty/iEFIDMjuxEPzjUSDlOp+LGPEWKJ28vRUkYv79aRkKIDls84+YAiH2t5i2o1xfYXLfxBGn09Ea5zhtv8nAE2tLuaV9Bigz1YtTGo9a+XkGVoWLF8n5bnYX/iY464xYzTrXvh9aiqGQ5wWMJQOSmXdcdOHzXRPRqStYZ4D0WW0qBb8QBbPvrPzhDahg8OWK231wb9HlXjqc=</Tag><ProofOfTag>arL8/dukfQcmFbgxchi48HqnX/cQCAH/nhjt287dyXk0LaiLrxec9hLWGo2oHzQfTKjcSGd58GpwUattcFPjuQ==</ProofOfTag><AccumulatorValue>cL9jORN0vMPI9Xli2Z0JVhpYbItEXOJp2RWo/ULHYsIURkUsWPGTFRMmGHUPBr/I0OwHKcnnAVHv/5UD1BxZQg==</AccumulatorValue></SignatureValue></Signature></Vehicle>]]></system-out>
  <system-err><![CDATA[]]></system-err>
</testsuite>
