<?xml version="1.0" encoding="UTF-8"?>
<testsuite name="de.unipassau.wolfgangpopp.xmlrss.wpprovider.grss.xml.GLRedactableXMLSignatureTest" tests="13" skipped="0" failures="0" errors="0" timestamp="2022-03-04T11:49:17" hostname="sentinel" time="0.347">
  <properties/>
  <testcase name="testAddNonRedactable" classname="de.unipassau.wolfgangpopp.xmlrss.wpprovider.grss.xml.GLRedactableXMLSignatureTest" time="0.122"/>
  <testcase name="testRedactNonRedactable" classname="de.unipassau.wolfgangpopp.xmlrss.wpprovider.grss.xml.GLRedactableXMLSignatureTest" time="0.013"/>
  <testcase name="testGetInstanceFromSpecificProviderObject" classname="de.unipassau.wolfgangpopp.xmlrss.wpprovider.grss.xml.GLRedactableXMLSignatureTest" time="0.0"/>
  <testcase name="testGetInstanceFromSpecificProviderString" classname="de.unipassau.wolfgangpopp.xmlrss.wpprovider.grss.xml.GLRedactableXMLSignatureTest" time="0.0"/>
  <testcase name="testRedactOverlapDTD" classname="de.unipassau.wolfgangpopp.xmlrss.wpprovider.grss.xml.GLRedactableXMLSignatureTest" time="0.025"/>
  <testcase name="testSign" classname="de.unipassau.wolfgangpopp.xmlrss.wpprovider.grss.xml.GLRedactableXMLSignatureTest" time="0.022"/>
  <testcase name="testSignThenRedactAndThenVerify" classname="de.unipassau.wolfgangpopp.xmlrss.wpprovider.grss.xml.GLRedactableXMLSignatureTest" time="0.027"/>
  <testcase name="testRedactOverlapSchema" classname="de.unipassau.wolfgangpopp.xmlrss.wpprovider.grss.xml.GLRedactableXMLSignatureTest" time="0.059"/>
  <testcase name="testVerifyFalseModifiedDoc" classname="de.unipassau.wolfgangpopp.xmlrss.wpprovider.grss.xml.GLRedactableXMLSignatureTest" time="0.024"/>
  <testcase name="testSignAndThenVerify" classname="de.unipassau.wolfgangpopp.xmlrss.wpprovider.grss.xml.GLRedactableXMLSignatureTest" time="0.024"/>
  <testcase name="testVerifyFalseModfiedSig" classname="de.unipassau.wolfgangpopp.xmlrss.wpprovider.grss.xml.GLRedactableXMLSignatureTest" time="0.022"/>
  <testcase name="testAddPartSelectorDuplicate" classname="de.unipassau.wolfgangpopp.xmlrss.wpprovider.grss.xml.GLRedactableXMLSignatureTest" time="0.004"/>
  <testcase name="testGetInstance" classname="de.unipassau.wolfgangpopp.xmlrss.wpprovider.grss.xml.GLRedactableXMLSignatureTest" time="0.0"/>
  <system-out><![CDATA[<?xml version="1.0" encoding="UTF-8" standalone="no"?><Vehicle><Aircraft id="a1"><Glider id="g1">DG-800</Glider><Jet id="j1">Airbus A380</Jet></Aircraft><Watercraft id="a2"><Sailboat>Bavaria 36</Sailboat><Motorboat>Bavaria Sport 29</Motorboat></Watercraft><MotorVehicles id="a3"><Car Brand="Audi" Model="A3"/><Car Brand="Audi" Model="A4"/><Car Brand="BMW" Model="i7"/><Motorcycle Brand="Honda" Model="RC212V"/></MotorVehicles><Signature xmlns="https://sec.uni-passau.de/2017/03/xmlrss"><SignatureInfo><CanonicalizationMethod Algorithm="http://www.w3.org/2006/12/xml-c14n11#WithComments"/><RedactableSignatureAlgorithm Algorithm="http://sec.uni-passau.de/2017/xmlrss/glrss"/></SignatureInfo><References><Reference><Pointer URI="SignatureInfo"/><Proof><GSProof>KUJhZjhwW/oNGraAu6ty7ukFrWhl0Mwq+OHxpzrbriQCExiz+/RHCPt7ULc1BcM0sD2VRpidRc3H45FAT32IpQ==</GSProof><RandomValue>Io80RLdVP5b4UMYPYcrs3Z4In6N7g7I8uZeX660GNGCv7bqmi43+V4g3iBDJcBiB1ZZgLjavTeamyILbmtFFug==</RandomValue><AccumulatorValue>Kvq3zgfpzbTDDw4YeveFWi2QNd0db5qBSJ2Wfy87L7dUUeBk2b2TiHJ8urszaaykagJ4Fb1y9V+ZJkdrF1vn7g==</AccumulatorValue><Witnesses><Witness>Pq4OM+xJlKbYAV9czsId4PJa6IZTjl8p2/C6xMb2wgegc7xxFJ1Z9aqOoik3hSEhlBCGiqaZJz0LYT+yBxsrtA==</Witness></Witnesses></Proof></Reference><Reference><Pointer Redactable="true" URI="#xpointer(id('a1'))"/><Proof><GSProof>DS93mTID7b2VDgzc3kghPaEz8buM452gFtWedC0B4yRh7O9ayMiQGI2kYDHOmcJcj30aHRktRrMPv/7+0o7RKA==</GSProof><RandomValue>c/WPMZqicV4Lr+VGdImeVGJQXxio0SLQbuoDH0Fz6bwp85HY/oHUdn1hS/psjaoJo3bK34T+kciglrkhJfJADQ==</RandomValue><AccumulatorValue>d/Ags4Ry/N8Yl/wqzJDV4zJ2N7zsETB6SwTe/BAAGaoWqGK+Mh8XJ/397IJIH0rgLUtkbOro3Er+Fb8Sbf2oTw==</AccumulatorValue><Witnesses><Witness>SGWRciFz76OZUiEDreBZlQwLjRiilCCoB+sKWxCcSeZyTc2/M6SFOZ1YseS6e3tNpDMZSa9dfjYYDMijtA6NRA==</Witness><Witness>TCrWilXF7FgpbMhi5RIXvIKZIxGna7vcSf54IDtORWjGAeg72m4SWzLPwYxvRA91+Ah841yzgnytV9FgwiqGKg==</Witness></Witnesses></Proof></Reference><Reference><Pointer Redactable="false" URI="#xpointer(id('a2'))"/><Proof><GSProof>W5hkVM9Tt+qIAMLo1aXrCtLASJsnRkWk/y4pw9zcPUEP6vg1UTdsnPJ8rhHSGlG02ulymmi1YoEoXnfGrDEC1w==</GSProof><RandomValue>gQjzPws82lnLxiq+wuaXAyODQubsmwi4a4tWLjZdAPPebxm+X2cjNgmfszlAyl0nXUabfvIoCF1nLLeUvLvcQQ==</RandomValue><AccumulatorValue>WnnqM9yma3to6cMTmr81Q4mavOltaHUG6g6T/G0iNRg9nngFwHkSO8xsDUh2L2ZAzBiyY8Mp2yj/Z7Vt/mQPCw==</AccumulatorValue><Witnesses><Witness>JjTm3UHC/mF/zx2mJ5hras1Vq2Nm5FnxDun9rfqRUeJsxVUZSXhEr7SfNGJiSILjrFfgYul975Eu7zQjpA1HKA==</Witness><Witness>IJP8zjGbC8cOBhaSZjWO71MPyidaVvWKbgxofXiV926ZohJBSAdkqgy2j/WR8uiWW0OrFBlA34IZyaBppt/vzA==</Witness><Witness>ETsUfwcl6scpUQ6RpyLqT2GwrIIDNGSgG60U66BF8QgVMXvJcl6h1b6KdjsuKjVz0kP85hKWz48IdlCgz7AWkA==</Witness></Witnesses></Proof></Reference></References><SignatureValue><DSigValue>YEOYY90tJzF046UYDCpFPDWywtUakG8FYjcbuRvMm+CeIoaS22B6HHlWKigIvRG7nRf/EBVUI9Y1sngVQN4zvw==</DSigValue><AccumulatorValue>IVdDv3wllUMBMTFbEbPnuWdoC46Ytj48mHZpaokH11IksWFF9EjuBpVQv9S083NnZnBK3Ar6cIS9/6NtdLz+QA==</AccumulatorValue></SignatureValue></Signature></Vehicle><?xml version="1.0" encoding="UTF-8" standalone="no"?><Vehicle><Aircraft id="a1"><Glider id="g1">DG-800</Glider><Jet id="j1">Airbus A380</Jet></Aircraft><Watercraft id="a2"><Sailboat>Bavaria 36</Sailboat><Motorboat>Bavaria Sport 29</Motorboat></Watercraft><MotorVehicles id="a3"><Car Brand="Audi" Model="A3"/><Car Brand="Audi" Model="A4"/><Car Brand="BMW" Model="i7"/><Motorcycle Brand="Honda" Model="RC212V"/></MotorVehicles><Signature xmlns="https://sec.uni-passau.de/2017/03/xmlrss"><SignatureInfo><CanonicalizationMethod Algorithm="http://www.w3.org/2006/12/xml-c14n11#WithComments"/><RedactableSignatureAlgorithm Algorithm="http://sec.uni-passau.de/2017/xmlrss/glrss"/></SignatureInfo><References><Reference><Pointer URI="SignatureInfo"/><Proof><GSProof>Dm8J+yH8lga/y2gFHZsysqA9jtL18gWYre9fNikoouYgeYwOnNSyJcXZglZ7s67fpidHR1R/FM2cgH8Z5k/vbQ==</GSProof><RandomValue>LOMAsjtn/a9qOul8Gh9xF7kBAC6CGNKmv3mTDR0HWBr1+9AabSDIWA6Emdh3ePskhyN30NTiz4c4JXUcNj8sDA==</RandomValue><AccumulatorValue>eebYTzaOGdga9t92W1upgTNZpUWcAxZ1YOCH43/a8zQWd3I8lDzaq2u7bQYX6oAYBjAPID1MeXyJ+r64mWTDqw==</AccumulatorValue><Witnesses><Witness>WNNhG7mdHfR/CusPYN556GLnATGgALiBYVRVaqxt2OxKjAkhkwFx3DHEeCGhhMJdYH18buQVN3GNrLVbHqCWXA==</Witness></Witnesses></Proof></Reference><Reference><Pointer Redactable="true" URI="#xpointer(id('a1'))"/><Proof><GSProof>I73yZv6d5mq1rS6+ej28sxoLAl7dtmQH6Lfe13dzNDdHSQRdHvjyQkYLmTyTQE/BnwDyjAbPvTh4sDSVpNM80g==</GSProof><RandomValue>6ume++jmFWHRhi+n19rZBOo8P14mm1A6Zj5i0l0PvDk8rfE619hdKO1iICEJq6JVB+sQKJXi5PjWLVO9g5gMpA==</RandomValue><AccumulatorValue>LtCxjIgnMNtfIz8TeV1WLtbt6JZCjrz4DL2g8tpgKd2eeKE1AX9pYbkwm2wP9KSp0+TMPMOTO9YTqZHkYq5CWQ==</AccumulatorValue><Witnesses><Witness>XXUoUfvH6b7EgzqLjvKJyv+14IhRNvSQ7/6/ErpRWnPLJD+d+SBEicQ9qcsD+thId4mhtssO8reXnAtboCXdgw==</Witness><Witness>PPWN3Sm/Z6MoYI6yhoZ/fwAxP4c00B4SyjpUJLcNMT+SNmRvvLth10yKxUd17ysD+j3RzRqyuSKuIBbkTF2eiQ==</Witness></Witnesses></Proof></Reference><Reference><Pointer Redactable="false" URI="#xpointer(id('a2'))"/><Proof><GSProof>FmGJsHtphzDNOL3JvtwNX3q4jGvtUMDJ/pENPqej73gsTP5EkF2EcDCKlYsYgf74FzbZ5SRVw4iLrcsW9GvqNg==</GSProof><RandomValue>rX+VXqzO+pE/nw7uZ4gEuysye/itxVsnUGo+EnyJ2bdPX/uY+56F04uq85rqOKK0Y7Y/qAfdPEYNrI/LgCBULg==</RandomValue><AccumulatorValue>WXjQ2hvcpW21TMdpAUrOhciVJeAWzuHZQKjboDdju7r1CshHSgr1LjTRcWS5ULFJHkQUTeoFAWrVIR/hnJxumA==</AccumulatorValue><Witnesses><Witness>N96XWSd7AW4AhvsVG1GXRuzbHMCMAMH73Zl6lwdLn42+rOvCmeFttrT01VetXxxjf7+Q5e3NkuORDy6tUQW8IA==</Witness><Witness>J0BMtqw+KHWoW2OJ9JE6ETcM8uRkJBVEF+W9pbMe+ocyT7d7cElojBgt1SZJZIieaMM0bK4iyPlGChDS/6aMUg==</Witness><Witness>ewdlnCAFKjq/tCLiPEo0x/whDj/MZPfQAvV01GjpDeIAgi2XSzTG5VY+DuqD9IJQEwDT9O1ZNuxdsm0zxCfGfA==</Witness></Witnesses></Proof></Reference></References><SignatureValue><DSigValue>g99o0CJGBDyfJDOx6uvdaG453CTOm+IQAfXNph8Zb6JwCQUvRoIn3NmkL6AGlIRIdvqUcHE99gzd2TfBdMQw0A==</DSigValue><AccumulatorValue>H0gYCwMkWXULxH8l3h8lpcqJgby9IMFDFkflR4W7jUylzjRiT2KenGokMgy3EuwC4nEvG0ncyKgr8n0CtNAI7w==</AccumulatorValue></SignatureValue></Signature></Vehicle><?xml version="1.0" encoding="UTF-8" standalone="no"?><Vehicle><Aircraft id="a1"><Glider id="g1">DG-800</Glider><Jet id="j1">Airbus A380</Jet></Aircraft><Watercraft id="a2"><Sailboat>Bavaria 36</Sailboat><Motorboat>Bavaria Sport 29</Motorboat></Watercraft><MotorVehicles id="a3"><Car Brand="Audi" Model="A3"/><Car Brand="Audi" Model="A4"/><Car Brand="BMW" Model="i7"/><Motorcycle Brand="Honda" Model="RC212V"/></MotorVehicles><Signature xmlns="https://sec.uni-passau.de/2017/03/xmlrss"><SignatureInfo><CanonicalizationMethod Algorithm="http://www.w3.org/2006/12/xml-c14n11#WithComments"/><RedactableSignatureAlgorithm Algorithm="http://sec.uni-passau.de/2017/xmlrss/glrss"/></SignatureInfo><References><Reference><Pointer URI="SignatureInfo"/><Proof><GSProof>HgwTg6hebPZpz0aOpf0GL+lj9d/l1Rd8cvArK5Evyx/DjxnRXNRQytGkXT0aTXc5xQpiHmh7DwR55OUkqXKLfg==</GSProof><RandomValue>R4d9r9hmM2eBiPXgcjZ6lS73zHcCIr97BYz/L6lM3CIkOejrshPhQqhOcc25RG3wEFZfFdKK+UvQC/fMa07LaA==</RandomValue><AccumulatorValue>Nz4voLM9r92k5ubSdQFLHDMZdUWC8BN4VJ1ENJibI9OWLQrUGGmWi0NikV301V+Q151y9jzNGfy4di7OaOfMIQ==</AccumulatorValue><Witnesses><Witness>Hy36lifiJGwn70F1TxH3b8Ju469a3AAc5AdcnUYvlIJqGfm0jceT9uNPTYEl2dNxorqXDjnOFc6J/EAull1ZTg==</Witness></Witnesses></Proof></Reference><Reference><Pointer Redactable="true" URI="#xpointer(id('a1'))"/><Proof><GSProof>BCLCYAiCjaaEgv0JXEXTGR3a0Wy+0aMSceUBlU/lTozk9emg6naAFpfmYm/bf9mKshgtIzl9XgFT1XL2bE7iDA==</GSProof><RandomValue>5hjpH0T1BmmjiEmsMiiH/zZ33StPdZxXS8JudtAqkjMtVacOekb2ulS6+lbOiqDvZcD17q5+fAYcL7V+pjGwzA==</RandomValue><AccumulatorValue>YYU9SLmwMfOOcAKQTzX3ULpHmE4acbQT4j1RvFRZw7rcEn0eiXTFr5eacLxkFwK9Sw8+UzQ+j3Ract+hro+SGA==</AccumulatorValue><Witnesses><Witness>P07fy+LGFNAzIVtR4x22hPLma3zNhLLwQLmzlWdHC9hItCeGpd0Yp+BHDc96MJSuIJ5BM1t51fzAzH4MY4OVzQ==</Witness><Witness>RV+wiXs4ajS+SKo5gjMxMJy1lV1YqBM8auNt/z1jA5hFR+Su7pUUtgX5LukokgoKTSUPrOAmg7scLfnMUlXW3A==</Witness></Witnesses></Proof></Reference><Reference><Pointer Redactable="true" URI="#xpointer(id('a2'))"/><Proof><GSProof>YqBzQU4KmQw7iDwpTANlQ3DlvUJGNHaed11CCvXxdLzKX2Fga75/D+9xCShDh6TvyoRC0/QPVUP14HCKax5Y5Q==</GSProof><RandomValue>yRmWtzL3iU8C1H39qLk9UXU5py3Q3vwLLGYkcncA8lqruO9RqmvxHnev6axjlgyR7ixhKPtwXJpXvAjvIMcphQ==</RandomValue><AccumulatorValue>eGybyDeAfwsKtJShezthZlsMosHgi8HfoWTDkqx9nPAlvU2wE7w3Wvs7wBAuf0KW/MZbPNm9n4tJuctBBBXo+g==</AccumulatorValue><Witnesses><Witness>IOXiuQ6eVGg03Khq4pSRjsgCe/+taj3PA1ZsKR+fBvAdkOQlgeXEg86uhH+RxnVB+9ZSQJZZXdwYPUX7XRN0tg==</Witness><Witness>D8Pl5EZLAqdspPONxgVCsqU8kDpQg9CjG9Galc/1V+O6Uq1nmPNx4yTyVIMSO5Hj+jZO5kvIsuOC76AgvT20hQ==</Witness><Witness>c9mvrBUQtF0DHxN2Ns2DQSymnZpVrBir2PDd0Ni4vRpQ/EerMoH3Cm5jOGlLPeWUJoSXaLsFbpg537CiZQkwzA==</Witness></Witnesses></Proof></Reference><Reference><Pointer Redactable="true" URI="#xpointer(id('a3'))"/><Proof><GSProof>P5dsCKipF5UGzs8IWNjs3C3Iwmo2VDZvRrWtSpMkjHLrKp00tBTGX0dUUxgEsAbL4hMnKHU98naAapc+Irl3IQ==</GSProof><RandomValue>LaHgwSiHWmoSE+af6AFWj09OK6QiyavkuupxAAKqn1e6auhvGH1y9CWOP7KWL6/58m8M8oXim/YXeXM95A9A3Q==</RandomValue><AccumulatorValue>MKlqI6UZsNB6MJpLnkndlh+dYGICfGomw+Yvob6hHvircfvd5aPeQ4SEJIfomxMFLSLr0eqgobXT25c/lWJ08g==</AccumulatorValue><Witnesses><Witness>fwMem+aWu1MXN8raVowUyMDq/4/e/nJGWDTsajHXGT8jWws62EFSUco4dyAmCrU8Rklxg7fh2VOT33BzQuuE7Q==</Witness><Witness>a6QjgzW9mE8k/3jlH71PCwuA23bL1/Y0ADY+IGY8WYmxg2SkocrB9JqLoM83sF1NF9qPTuoP1Y2KEgtUkIgjZQ==</Witness><Witness>T97GcFCvXek6Hvuoiy5GNsBZQeGIE/GUvKtoTQJpUv08vXyLDFYpo2QjXDrlkWgVCQduKdzxXLKV4olOnorw8w==</Witness><Witness>Q73dxqinjhn0hunz4OOcu7XoYPkuZaJ7JJK3H4v/hIIPtCVM2nuXDM3jOYy7F1i+u0TkjbvsGqNwlT0U7lHzGA==</Witness></Witnesses></Proof></Reference></References><SignatureValue><DSigValue>YxU2DqM2jtij6zbPGJ+NJbmWIPHJlTMyJhsjI5au4SX/W/iQSXaAuWkxhlAzDwMpFCuPVwgfMg0wOF28CQk0Sw==</DSigValue><AccumulatorValue>XwMQD8ELDYUOtvXpLKAkTKmHNsc1ZCZ18bkshPGhEL/bpLmRVFGnFC/pf6w4lEoPTi8gwFpYKcaM9rhNnwW9DA==</AccumulatorValue></SignatureValue></Signature></Vehicle><?xml version="1.0" encoding="utf-8" standalone="no"?><!--
  ~ XMLRSS - A Java Crypto Provider for Redactable Signatures and their
  ~ XML Signature encoding.
  ~
  ~ Copyright (c) 2017 Wolfgang Popp
  ~
  ~ This program is free software: you can redistribute it and/or modify
  ~ it under the terms of the GNU General Public License as published by
  ~ the Free Software Foundation, either version 3 of the License, or
  ~ (at your option) any later version.
  ~
  ~ This program is distributed in the hope that it will be useful,
  ~ but WITHOUT ANY WARRANTY; without even the implied warranty of
  ~ MERCHANTABILITY or FITNESS FOR A PARTICULAR PURPOSE.  See the
  ~ GNU General Public License for more details.
  ~
  ~ You should have received a copy of the GNU General Public License
  ~ along with this program.  If not, see <http://www.gnu.org/licenses/>.
  --><container xmlns="https://sec.fim.uni-passau.de/psrss"><item id="i1"><list id="l1"><entry id="e1">entry1</entry><entry id="e2">entry2</entry><entry id="e3">entry3</entry></list></item><item id="i2"><struct id="s1"><header>head</header><body>
                <data>data</data>
            </body><footer>foot</footer></struct></item><item id="i3"><data id="d1">data</data></item><Signature xmlns="https://sec.uni-passau.de/2017/03/xmlrss"><SignatureInfo><CanonicalizationMethod Algorithm="http://www.w3.org/2006/12/xml-c14n11#WithComments"/><RedactableSignatureAlgorithm Algorithm="http://sec.uni-passau.de/2017/xmlrss/glrss"/></SignatureInfo><References><Reference><Pointer URI="SignatureInfo"/><Proof><GSProof>KORgIyqdzSltYZ+urZDbAMSjc6lstPc/c/sTtW4oFxj8o5XfC1KNDxhG43Z/n1njRQt/1UfKN+5b+Wz+q71THg==</GSProof><RandomValue>FYPZNaX5PEbCh3ZF0WxgE5AmEvyjbgv92Hs2eEjulUwnZXGhASugJ8v+CAger2gySs4E9hqsi1qAbkEMCaW8YA==</RandomValue><AccumulatorValue>RDEre6+slq7flfI7UnNvJ3sT6L9HwkA4QEaGPfNcH+UbC1KBplGyf0uza9T1kXZ0pFWQGu5ZJjlS+087oQAG2g==</AccumulatorValue><Witnesses><Witness>LbrhHJgQNtjwuXg8+i9o9OEZDsxAEc0tuAzvltcL426LGmGR9PhuLCG1d67Ju4dRCpVD0z7n/ArnpFKqAXAW3w==</Witness></Witnesses></Proof></Reference><Reference><Pointer Redactable="true" URI="#xpointer(id('i1'))"/><Proof><GSProof>Yf62U3AYP2mMSWd6gzvXu9Dowz/bzJvMF1mVSTQjpgYeugUuMFyjaj7zOO4njvVrSboaZs4skE4JxXrgnSMlKg==</GSProof><RandomValue>vZl6Hf3m8wDBhtYk6FBr2PVAVvjMtmknR5N0HAHBzDH/bJDdUn/MJUtFR477tWLR9I7oYO00zHQiLYO7UvuaCA==</RandomValue><AccumulatorValue>DH9UZl96P4XAGpypkq9EPcpK1SVyEv1NkLJ4lO69a/nMViplGHo0HTt27M2UamdrX8gHyIgVXnw3vdDygBM2Jg==</AccumulatorValue><Witnesses><Witness>PTLQ4eku94eknFnz15nRMB57NXUI44oTDgVRVh6NM6KONki4+GTx4bDwSnk8H831Un9m+6gPIeAQO7ZnmDeXkg==</Witness><Witness>OIF+jegASnDMPzXG0DYluRxKxeFRCCBQPpDiOacGeTB0YG+sM2E0A0Ajg/solQ9KIwsGc47y2eCRg8qtslfL6g==</Witness></Witnesses></Proof></Reference><Reference><Pointer Redactable="true" URI="#xpointer(id('l1'))"/><Proof><GSProof>JjRwv1ZYbd5xZQYlzOGeB19+OvJbXv1n/+6Q9YD69ztPGjOGdgSne+mYrLQMFmG74iKjgqEP4Qi+yH85qYMPAQ==</GSProof><RandomValue>binr01iPsqBVZ409A2BxsdypuaKEEUfxMKOQDkk1IVmWiASXvdTmrLzuGpvbABzBloW9bl0n7pFUm5FPbPT0oA==</RandomValue><AccumulatorValue>AIRipaEcHOrASQ2ddcOPe3uOM8esdk8ZuIgZjGl6ZqeRONuMhGsZjbuivqqMvbQ/j2GzJaBvxMy8GXXf2V5PAoc=</AccumulatorValue><Witnesses><Witness>ewiy1uNOw28erBJKZf22/+vWRh6Hh1g1lelLSSwEvbX2uy0UT1UTRRErYxPIYiDt6tLrHF3FzVXlK3Lb+hBfjQ==</Witness><Witness>BPGDPG/AVJBgTZCyYtN2B5Y02swMsSxuFSGKyBr5mEYxka9b9cvsqsgkuwWFVNiZ/dJYtTBs/OSjPQNEhrbmBw==</Witness><Witness>K+UMr35sSTyUpeCsGbU5qngUFI81JrGha5fayxienjapCpEzq5r9bCJ1qbsYltt4XeH15fJ0t/8ieqXJ/BBXMw==</Witness></Witnesses></Proof></Reference><Reference><Pointer Redactable="true" URI="#xpointer(id('e1'))"/><Proof><GSProof>Wdu/OKrSgMRsIX8AI1PyYlYYAPB++XdopEFR273us2WDP9xGe4ypOBpzWkkqSP2AbvaBiWrSaq2+Qr2intmFuA==</GSProof><RandomValue>Ta0gzbSydbzN8ggucei/ZaFrHKGss55BqJU+GkaFYhJUAvFeC6WQ0YlF+dAsPzPA7mpxUN5veYLNWNrDOOF6cg==</RandomValue><AccumulatorValue>H+HhQx5B9kNTKzKf3QGvQx3EFcLKHtPSOEhgItHMie7xzTRxyM/cu+GDZA6gjMip1dSCwXJe/EennGr5HTNN1A==</AccumulatorValue><Witnesses><Witness>TJZaT0EDqOfyZXkwqtCna8V89ePdJDojc2EfaNEHGImkQAdCBixgRI4Iex2+LVO34mG2rBSUZZ8RhkT8c9V/ww==</Witness><Witness>IKzI3p/ZBtKF6262yTHSUn+Ir90QgkzFr3AO83YgvVf2n2yciezs2Zof6Ng/iiOrVhbdDfU/ZYsoNWh++FwY8Q==</Witness><Witness>SxOiYpS/HjUuzVHtFOe+MjoYkdiCBJaVsIJWM/L3nNBg7wlv8kFCuUwhAlyfUEqjdfy6lGbqOm260pQLPFZ2ww==</Witness><Witness>DOUt8r/J0GLXX053VRfI0bQbsbeH4hYhi2uyhpYFO//5TSU+cnjXfA9gTMIENQgwSpnQlAPGdO/JcFbtwwBdVg==</Witness></Witnesses></Proof></Reference><Reference><Pointer Redactable="true" URI="#xpointer(id('e2'))"/><Proof><GSProof>RtvZWsi8OQelNwptJPFqvhF5DM5MoizZvQFU7YgKeWb5h0XDYrZXRU+XLsDfwzpvOOybqhWlBQM09QD1lV+oTQ==</GSProof><RandomValue>3Ij2eN1fv8mTKB8uVV/w0lRIRDBFRos+1HpgZXb32xYD3LpX68TuEMLzAfaEHawYR5xdAujkdCGuMjmL2OfBPQ==</RandomValue><AccumulatorValue>QGXdWibEoFW2w5tgig/GSAqJAwIzihxn54aCwsHlBvL/ZvuBcTyaqnuguOzo8NMqPWk5NVb47ftM9UBPnIBAdQ==</AccumulatorValue><Witnesses><Witness>Qeh6AnWxRegTf8iSr/eQAHlUxJY4F4Mzb+TOGaYCIKJlnGXWhCNpOJXavEYFRQaLJqM/4BGLH2z+rowHt7atwA==</Witness><Witness>AIK36A5fSDeZDEE149Hg8kanSfqEhAsWIgLKnbgMGuKg2urW+Cuvbi7AXof9vhI4SThwR1+szQRh8f9NszGF6zc=</Witness><Witness>N8O6WrEw/ntg89tEHAfQBOBHqgwhAhSrsPhqgz0RdBRo85VlP6g60x119g85w27AvKrbusheYGBiBqX5lTu0IA==</Witness><Witness>KUmg2buojT8OS3Fcyed0fpmmtSwlnoIpASPRCVpuGuMjKZ7l0nlppuo6qFxtkAb0bQwPG1EOdhjdn/lAW0OOBA==</Witness><Witness>GFcHwwEjsizrX0MvgwLlVTzhDMov8tsbXp7WanZ3ewwnK3HxNpzUA/4zwLxVG828yVvmuHfHHDTcRBOvFVaR+g==</Witness></Witnesses></Proof></Reference><Reference><Pointer Redactable="true" URI="#xpointer(id('e3'))"/><Proof><GSProof>Wwm0SZZF/tv2zmRxqlJAz5Nxu55u/BWBuCiemhxPs4sepn26/c9tEgiGCE1pC7cNaSOnwjwekwJUx0nsmDHxug==</GSProof><RandomValue>FBTbAutxJ4iN/QLv7yFEFi5oD3+7hTeVPnlSM4L0Au/BnvbVErgd8Fxg/8xFcYsreSIxA8aeEdayy0I9REv8oQ==</RandomValue><AccumulatorValue>a7UOcpMp7O1X0HdVFnwkWlNHmVQhGnTuxzJItq7pZX/m0shRpUPfVS78lxfAgB711i74a9l3JTKXmcdcRQeZ0w==</AccumulatorValue><Witnesses><Witness>EQAp5yy0LzPw2RclFNIdu6L6N7pw2nv1JtRs3aQoVjVExN6ZEGk0OQ/vjM2KhILXm2V1g/+wjfmk/MC0kOJJ9A==</Witness><Witness>Mr7999Ig24tZ3mYOxC5G/kdd0/oPnOhM97gFOTGUP4AtZ0L/2m8KKPWTF5vnttwbue1Y4mMVve9ZpzyCTGbGJg==</Witness><Witness>XNHdq6QlGECsioB0Qy5c96s7FFRyRj68uqg+XDTs8cl7cTdELg4+wBM8R+BP+9aruorVU0e8CSkk8hWM4TCm9w==</Witness><Witness>YFXoxvqE4mEAk1phndkbNlYFO8KQIoYqj1LL+3zfs525/ZGrjQkCK88buujp/JVA1pS0NQ+DUXbuGLhlnwdgjQ==</Witness><Witness>RvacbPCD+Y0C3Nw+gfDeLVSq+FOqV0usWtZAiBli7A8EG1dRLnK09utToFM1/1s02Y27UCdsQyFmfE8BDkKj0A==</Witness><Witness>a9sLbWburOh8hFQb00t+XSsKhFPsFZDuWbQMW4xomXbQjZot3bLT17XUDyFojH0ZmecrhBskJRzTs1IzZ4Ye4Q==</Witness></Witnesses></Proof></Reference><Reference><Pointer Redactable="true" URI="#xpointer(id('i3'))"/><Proof><GSProof>Fg0w50mGRP3V/1klhfFNCLJ3JdgrH5vEVY6YI9xYIdofTkp0h/dPsBkU054ychK85MQTOmfFiTNQmShGaIThuw==</GSProof><RandomValue>HVOHP+fRCHtsPCc2TWEL2teS/k2f1DDVaYogheLacaJkS/hwjY0q5EvPYTiyjERSi1zK8xUcNcjYgTWchzibgg==</RandomValue><AccumulatorValue>AIMZXDrt6thLKE0LsrE+Qw62UUVLdvQNJrS3ZmcgV1gDBAnF0elgW4MHOZ9/YpICG1cz/y34fMsdcKBknnfZQnw=</AccumulatorValue><Witnesses><Witness>AIJ0AbjnuGAVfnvnpLLbGnhfIO1hEj6FYDBV5HblBk8ahSGxHMxab7kwXc93UssJFliemU0DCsVh6Qd7mSBZNrQ=</Witness><Witness>cJa9sMIxaapZVNY3OuVHj2zp+YMl4zEOsCoouqTUWmBcgCwnKU1s2kfKkvc2AnWuDNGb1kSm394GQB5sAG5VsQ==</Witness><Witness>MeWkN79TKH3w4CP8DXxwbNeoKMLvysFw286e+fRuE5gRC85cKW7Au90SNmMgBvI0ifN0wYPZ63lOPhiVViISUQ==</Witness><Witness>ZXj4JFZoKsP6QwsUi8XP2Z5UeobMy9TRjDyI/RwsNrn/Mlg3poGJ4PV0zqmVUIRPhnXWA4eiq0PhZhu+91aqWA==</Witness><Witness>B8J+OyC+eUDBkenhRkbllcEzhpssnnrycSC5qjbvXkk3yJd3OkWfaTt1hPRgh/k5Y126EXBH1aNN8AtfCfcHQQ==</Witness><Witness>dXC0JWOzLwH56xTSUPaNnrsC+GdqpSlQ8+JyGu4PfwyvN0fwR4+G9OqRqoSloGimfmxUn4gZS/ovPgEC6iPnWQ==</Witness><Witness>VO5XaaZ7Je/M/nVNo2cvmYdis+nv5oRev9NlaZFhZktuOHZpimTGe+o0P+CZof/p+06t2M8iZRumuHx3WZn3Tw==</Witness></Witnesses></Proof></Reference><Reference><Pointer Redactable="true" URI="#xpointer(id('i2'))"/><Proof><GSProof>IokNQYqcBpj3g9NjPhc7NAVBtDf/YmfKYRuFcqF36KidYumUshyc4iYIa7iZzPGFFFRHVeJkCoXYl9ji/PnoSw==</GSProof><RandomValue>lXh+GIkKB8dywvrplLQxfFC8BAdCyZ4jFC5IM8UoYBpJqI4YV6ImKScwWqTa7Xg/Fo3Epozfiid/CFmksVHOyA==</RandomValue><AccumulatorValue>SEjn7Sh3/b4eBboKULYY4EAo7Nl9QZ6B9RTLYmIeUYGsCDFz4bAHL3QqUKBaVX//nZiSsd/4F1TwoHHF3ZUZIw==</AccumulatorValue><Witnesses><Witness>crno75pQ43mp0e7CXwhdXQCossmawXiIar639cikygFDbDzhMRcYR7sT4vuzjNqDLVuFs7cZYVXRsri+Zvb8vA==</Witness><Witness>dy4RycjjKNEH65IacaJtRTvtHjEGZMOopAyjeMoUsX+k51vhLOR1ocplk1oil0zdHrJy6D/2aMvNRPLbCLnDaw==</Witness><Witness>dH6beNxi9rtyVAGA4AdrD9DZnQpsektTeMItBGSelksDdyvfx4y1U0H1q1THndVv4ObqdVNoJwWlYZ0tIKpCcw==</Witness><Witness>WBjrWX71d4/0SNxwdJyDLltII3Resin3hObcSlbzTIhvRBgge31pWPmYd0TSRgNxlFQRSfDr3IXynZ3L56ny7Q==</Witness><Witness>JLq4vzM5czv3tzNDw0snn8AQkwqdDs+mDbeg4unC8IPW5SKPESFadI5g4FNWIsNlQjhvbixOCb6s+b6Pq4hesA==</Witness><Witness>Ob9XDL1lh05HhM4c8VfwDdw/dg/eW4IfDcfzXjsl4DjUA98yerWxFfBbVNN4Ft+Iq4fygGcEfSsy+Qri01yZ8A==</Witness><Witness>B+B83UBQDz7KrGiv8hG34cJu/3ZS2Jp5RHV7kqtjFc+1OHgqKICI00d9DxMqHAYrGaI5PEgTKnOnYTzQkCuIsA==</Witness><Witness>f38zQ5nsWx1vjEFGeUZakn8Cw+xtAkcsnaKRonEH3cv60OXFIf1Pex9/o97CHIjN+mxlOE4TeTnFoVGAEN/uOg==</Witness></Witnesses></Proof></Reference><Reference><Pointer Redactable="true" URI="#xpointer(id('s1'))"/><Proof><GSProof>RrcmC30SOBfqdSr8GXkryEP5Kt2adRZXkorQ1v7F5hM/hHiwVLvriUSMJ7OmGo9rNK7CNF5CDx4LEg8OnYCgug==</GSProof><RandomValue>IWriWCb8ZdpxqkistSscWZ1FbTYf3jTOLVHYIbOj4cc7S/6ooWi3APxgaaqoxsHOutEh9JH2hR3de3e1/l/MyA==</RandomValue><AccumulatorValue>BgSjbb1aeAgXxhveIgqZmhvGhDZ1w2pI/P5X18Z/aIq1r3bNQxdJ+POEIOhgxZKZTfbbNt30WX1dGz1RQ7wEmA==</AccumulatorValue><Witnesses><Witness>Q++PKgt5QPSONTc6W8PcWE0H+nTE6HUZ3qau5cM0LkmfjB6t3Mq4krc6YgDjoVaBQ2sp0W/8dUgCStE7EWiCZg==</Witness><Witness>CiVuGrvN6HLGaweF7EKmk0acJETuFeNhg12lNFj0cKo0w2BXdF+3QqrGIlT1TGa2xqYdKfiPBDwOIBfTPf0T</Witness><Witness>BV0RDXFdkCxzzyMgb7JNHKS7g1YGbySdW6fgrdO0Lnk1C2ZVBCm3YUY0sk9/AGMbi6fTTSWvNUC4Vasfu97JqA==</Witness><Witness>VejowvkwCVylFVflQX9KFQmZgoIp8SHh+6TL8NFxDSYyN4hstSIq3KabKh65ZZU6Q7fDELhDADPvhcmZ2Iq5bw==</Witness><Witness>PUmSMqIPmToY3fItjVqa0W04b25gc62qW7O6Dusk9wXRhlLBjrWyOUXF1qnMPPMgoTp7rvhMpRBGbZB3zg7Luw==</Witness><Witness>Bf55NObjPfu+gO7ggC3uKhJz5xeNS6cuwjs00nfix9BXW2mSrBeRQiD5UPOFuzMgMFgTHTUajPWvnPNoQJIR3A==</Witness><Witness>R4cUGkPQcNAXHDhLuuVXJVwsaOqv5rjgcen7ceT2rbHjk6TjU2oIOVw90YXjxhQ0+sRopiidBt51NqLFzm/CFQ==</Witness><Witness>SGUJFpLfstw4mxAMdJCQ7XdH1Jluvmiojokpga2K/cbqtgAhPfeDj8KD5FmORDALuV2kZ32SsVGszPcqmQocNA==</Witness><Witness>d3QQV3/Da29jpSZQ9yWIHIc0E8nK+smNRF2Fxge9DOaoveArMkvRKSv2iBfmx9tFJpBgNHgdgJcBvIcgkwUVpA==</Witness></Witnesses></Proof></Reference></References><SignatureValue><DSigValue>YxU2DqM2jtij6zbPGJ+NJbmWIPHJlTMyJhsjI5au4SX/W/iQSXaAuWkxhlAzDwMpFCuPVwgfMg0wOF28CQk0Sw==</DSigValue><AccumulatorValue>IOLLOqucvZSdLzVzLybxjvINpym0wSqhOBe3lRRq0y7jQ7PpdMFByLZXAaKfXrEHEfcyo6eDaVXBJoMx63W+Pg==</AccumulatorValue></SignatureValue></Signature></container><?xml version="1.0" encoding="utf-8" standalone="no"?><!--
  ~ XMLRSS - A Java Crypto Provider for Redactable Signatures and their
  ~ XML Signature encoding.
  ~
  ~ Copyright (c) 2017 Wolfgang Popp
  ~
  ~ This program is free software: you can redistribute it and/or modify
  ~ it under the terms of the GNU General Public License as published by
  ~ the Free Software Foundation, either version 3 of the License, or
  ~ (at your option) any later version.
  ~
  ~ This program is distributed in the hope that it will be useful,
  ~ but WITHOUT ANY WARRANTY; without even the implied warranty of
  ~ MERCHANTABILITY or FITNESS FOR A PARTICULAR PURPOSE.  See the
  ~ GNU General Public License for more details.
  ~
  ~ You should have received a copy of the GNU General Public License
  ~ along with this program.  If not, see <http://www.gnu.org/licenses/>.
  --><container xmlns="https://sec.fim.uni-passau.de/psrss"><item id="i2"><struct id="s1"><header>head</header><body>
                <data>data</data>
            </body><footer>foot</footer></struct></item><Signature xmlns="https://sec.uni-passau.de/2017/03/xmlrss"><SignatureInfo><CanonicalizationMethod Algorithm="http://www.w3.org/2006/12/xml-c14n11#WithComments"/><RedactableSignatureAlgorithm Algorithm="http://sec.uni-passau.de/2017/xmlrss/glrss"/></SignatureInfo><References><Reference><Pointer URI="SignatureInfo"/><Proof><GSProof>KORgIyqdzSltYZ+urZDbAMSjc6lstPc/c/sTtW4oFxj8o5XfC1KNDxhG43Z/n1njRQt/1UfKN+5b+Wz+q71THg==</GSProof><RandomValue>FYPZNaX5PEbCh3ZF0WxgE5AmEvyjbgv92Hs2eEjulUwnZXGhASugJ8v+CAger2gySs4E9hqsi1qAbkEMCaW8YA==</RandomValue><AccumulatorValue>RDEre6+slq7flfI7UnNvJ3sT6L9HwkA4QEaGPfNcH+UbC1KBplGyf0uza9T1kXZ0pFWQGu5ZJjlS+087oQAG2g==</AccumulatorValue><Witnesses><Witness>LbrhHJgQNtjwuXg8+i9o9OEZDsxAEc0tuAzvltcL426LGmGR9PhuLCG1d67Ju4dRCpVD0z7n/ArnpFKqAXAW3w==</Witness></Witnesses></Proof></Reference><Reference><Pointer Redactable="true" URI="#xpointer(id('i2'))"/><Proof><GSProof>IokNQYqcBpj3g9NjPhc7NAVBtDf/YmfKYRuFcqF36KidYumUshyc4iYIa7iZzPGFFFRHVeJkCoXYl9ji/PnoSw==</GSProof><RandomValue>lXh+GIkKB8dywvrplLQxfFC8BAdCyZ4jFC5IM8UoYBpJqI4YV6ImKScwWqTa7Xg/Fo3Epozfiid/CFmksVHOyA==</RandomValue><AccumulatorValue>SEjn7Sh3/b4eBboKULYY4EAo7Nl9QZ6B9RTLYmIeUYGsCDFz4bAHL3QqUKBaVX//nZiSsd/4F1TwoHHF3ZUZIw==</AccumulatorValue><Witnesses><Witness>crno75pQ43mp0e7CXwhdXQCossmawXiIar639cikygFDbDzhMRcYR7sT4vuzjNqDLVuFs7cZYVXRsri+Zvb8vA==</Witness><Witness>f38zQ5nsWx1vjEFGeUZakn8Cw+xtAkcsnaKRonEH3cv60OXFIf1Pex9/o97CHIjN+mxlOE4TeTnFoVGAEN/uOg==</Witness></Witnesses></Proof></Reference><Reference><Pointer Redactable="true" URI="#xpointer(id('s1'))"/><Proof><GSProof>RrcmC30SOBfqdSr8GXkryEP5Kt2adRZXkorQ1v7F5hM/hHiwVLvriUSMJ7OmGo9rNK7CNF5CDx4LEg8OnYCgug==</GSProof><RandomValue>IWriWCb8ZdpxqkistSscWZ1FbTYf3jTOLVHYIbOj4cc7S/6ooWi3APxgaaqoxsHOutEh9JH2hR3de3e1/l/MyA==</RandomValue><AccumulatorValue>BgSjbb1aeAgXxhveIgqZmhvGhDZ1w2pI/P5X18Z/aIq1r3bNQxdJ+POEIOhgxZKZTfbbNt30WX1dGz1RQ7wEmA==</AccumulatorValue><Witnesses><Witness>Q++PKgt5QPSONTc6W8PcWE0H+nTE6HUZ3qau5cM0LkmfjB6t3Mq4krc6YgDjoVaBQ2sp0W/8dUgCStE7EWiCZg==</Witness><Witness>SGUJFpLfstw4mxAMdJCQ7XdH1Jluvmiojokpga2K/cbqtgAhPfeDj8KD5FmORDALuV2kZ32SsVGszPcqmQocNA==</Witness><Witness>d3QQV3/Da29jpSZQ9yWIHIc0E8nK+smNRF2Fxge9DOaoveArMkvRKSv2iBfmx9tFJpBgNHgdgJcBvIcgkwUVpA==</Witness></Witnesses></Proof></Reference></References><SignatureValue><DSigValue>YxU2DqM2jtij6zbPGJ+NJbmWIPHJlTMyJhsjI5au4SX/W/iQSXaAuWkxhlAzDwMpFCuPVwgfMg0wOF28CQk0Sw==</DSigValue><AccumulatorValue>IOLLOqucvZSdLzVzLybxjvINpym0wSqhOBe3lRRq0y7jQ7PpdMFByLZXAaKfXrEHEfcyo6eDaVXBJoMx63W+Pg==</AccumulatorValue></SignatureValue></Signature></container><?xml version="1.0" encoding="UTF-8" standalone="no"?><Vehicle><Aircraft id="a1"><Glider id="g1">DG-800</Glider><Jet id="j1">Airbus A380</Jet></Aircraft><Watercraft id="a2"><Sailboat>Bavaria 36</Sailboat><Motorboat>Bavaria Sport 29</Motorboat></Watercraft><MotorVehicles id="a3"><Car Brand="Audi" Model="A3"/><Car Brand="Audi" Model="A4"/><Car Brand="BMW" Model="i7"/><Motorcycle Brand="Honda" Model="RC212V"/></MotorVehicles><Signature xmlns="https://sec.uni-passau.de/2017/03/xmlrss"><SignatureInfo><CanonicalizationMethod Algorithm="http://www.w3.org/2006/12/xml-c14n11#WithComments"/><RedactableSignatureAlgorithm Algorithm="http://sec.uni-passau.de/2017/xmlrss/glrss"/></SignatureInfo><References><Reference><Pointer URI="SignatureInfo"/><Proof><GSProof>I7X5fF2jANQNyEg9Kk+XZjGmBjuE03SUVN4myWM6Zg1fCCvSTA2U2NLKLhs52LeCySZUpR3UUkVaxmZ6QUULPQ==</GSProof><RandomValue>ylikOYHs7tgS8tvHGvGPbQDiktD0wDW8o+VxDoAg5hEUlsmUDi6ZxDbzR5j+khUb08Tv41IDUGMR3is5pjzDpQ==</RandomValue><AccumulatorValue>AezjPsfcjo+stsCtZvUwq6YK71kbTQ7vrjIsrmXEIf7ZQ9fYYRN1Qga97qlG6ptqvM8OaQtrhRCNawFpdZ5f7Q==</AccumulatorValue><Witnesses><Witness>DzmsnTo0vx2bUN3gMP7OHFRv5Faze4AYNOPMWEhpnxdYSSXvpX20sQgFGhf/Ht48sG4YWjsjxdGjKZd344wByg==</Witness></Witnesses></Proof></Reference><Reference><Pointer Redactable="true" URI="#xpointer(id('a1'))"/><Proof><GSProof>Q1T1Evh/i1QqGv4PQRcmAtJGb6fQfmWaGkdKQJCI6SkQzdxoZhzhEG+8czijLgV7mYr83pMvXnf2wiUKiwKXew==</GSProof><RandomValue>tCOfUcwS2llFF93nkz+VxOGL5DqDHEuHL35/l+I46FJkxHi66ZwWoHcooGPbZDveTn4OOfnF2xklTQFOKJAaIg==</RandomValue><AccumulatorValue>entQ81SK5B5w2ZVP49E35aTHJnMsEhVspULiCVXE5mfk6+4yADWhrT4dVJ8jljtSVYnDyH6puOzPE0s7XO2tTg==</AccumulatorValue><Witnesses><Witness>TfS8i5rdq5xgtrD9QDpc2r92Lt7AnmvFiZ4Uah0yWa57jgxXnvE4oMxYaXvh4veH0I/EKgUAcs4o9ISXKod/yw==</Witness><Witness>ZEXLG6Gpuro1bP1/q7wNhRFJ5XU4WC3PEoR3Zi1sDEh7vbmIpJxBU+WuXKf3BwHcdieAgMKfLIe+f4UHMWGpwA==</Witness></Witnesses></Proof></Reference><Reference><Pointer Redactable="true" URI="#xpointer(id('a2'))"/><Proof><GSProof>NzUtD2RmNuWimQs6xAVL9exifFG0ZIsaZPf8LKtWMq3Rqmhf2YN2M0xus3Q+KzNUmtqWMSzNYJ87KhoANRQ+SA==</GSProof><RandomValue>RFX0q6h79uXxT+f/DdnExlzqmeVeu6rnFm4dWxcs8cp5Bpsef1Pn/CACgQWAZGWPQgcHqMy9AOP1wL6Tb57CgQ==</RandomValue><AccumulatorValue>IGbGfhl3jMKOMkoHhmGyefNsiptsYYeT425/BefWeG4x8LZB5WvPbasxamMSgFlkLXELmxh2hueZAbzwG2uEzg==</AccumulatorValue><Witnesses><Witness>SV+WDAPvSFOQpoau7rEvoreyOHNoQjX/aKPq0nelU9hbMcT74s0r0FFO/CBFr+OloYMh4WNfh4Ay7+TbR6nK7w==</Witness><Witness>T2jDjzzsBd4SxPO9tbYCBHn0zYFTQD7BP6m72xZSKACz1ZCGhNHoRCPt3Bux4ZFeok8f3E3jEE9XKPioKyoBWg==</Witness><Witness>Fd87F8WGX1asS65D8S4YlLudbGp4dVWY+Mj0l9V3R3aH57XVZToFM9cEp4sRRaFbNZS9F03yW2KnzYSphgcDlw==</Witness></Witnesses></Proof></Reference><Reference><Pointer Redactable="true" URI="#xpointer(id('a3'))"/><Proof><GSProof>XIH0GIxQ870e1zPzmFeJZj48KN6iB6bPiTqCyodsk1AP46sm3P23EyTjc1ZKdAAa+WCIFat+V0a9NdcReAqZeQ==</GSProof><RandomValue>1YKASSqpWosD7Z0QSrPcM4h27qzoWh+yWzWz3rdmP+Ln8paaxY6G4JHJC7zZt6tWFEq4RquoDmECh088aAp+SQ==</RandomValue><AccumulatorValue>LTd8ruJZKLbZHGkAb/FtcIubm/Xt8UvC4oH4Oxp1zrMI0w06E2kePLff7O9lJNgnkuSARPoC8zM+RUvVdZCi6A==</AccumulatorValue><Witnesses><Witness>AIG45sytdMyoFaovYm6QAyWKYiaxaCMcJkNEzsarEugWySbInk8rTGMqIulZQacy0aOehD4hkhGDZ2n8oitUyqY=</Witness><Witness>MBbK22zIiiQh/Ye3/Jv2gJ5Z5rd2sG7bfLdbZnJcPpnYTch+X3a9NKxnmUeWkcm6bE+VLR40PrAoJswdnRHcEA==</Witness><Witness>PswtuFFTSJhKYkS45ecEKveXVBU6dUWrk5mvWG7UskkMwK5FvRkULTr0fOwnS0N03oDH0XPhLxuDDu3OgiiW/Q==</Witness><Witness>GZFAl5Eh/mHS3X70ebX3z+SoffghoxqeCZwK3Vc/fgXFl+Jhiva1g+nLzbDptxO3EICofT6sAlW61TSyqluGZw==</Witness></Witnesses></Proof></Reference></References><SignatureValue><DSigValue>YxU2DqM2jtij6zbPGJ+NJbmWIPHJlTMyJhsjI5au4SX/W/iQSXaAuWkxhlAzDwMpFCuPVwgfMg0wOF28CQk0Sw==</DSigValue><AccumulatorValue>RmcXHZ03SN62cwjLww7M61c2HrLkzI6jvTJbMH+vO9g7p17rfDdP6NY5IvRis87WH3R+rZS/nbY12ME4lgmw4w==</AccumulatorValue></SignatureValue></Signature></Vehicle><?xml version="1.0" encoding="UTF-8" standalone="no"?><Vehicle><Aircraft id="a1"><Glider id="g1">DG-800</Glider><Jet id="j1">Airbus A380</Jet></Aircraft><Watercraft id="a2"><Sailboat>Bavaria 36</Sailboat><Motorboat>Bavaria Sport 29</Motorboat></Watercraft><MotorVehicles id="a3"><Car Brand="Audi" Model="A3"/><Car Brand="Audi" Model="A4"/><Car Brand="BMW" Model="i7"/><Motorcycle Brand="Honda" Model="RC212V"/></MotorVehicles><Signature xmlns="https://sec.uni-passau.de/2017/03/xmlrss"><SignatureInfo><CanonicalizationMethod Algorithm="http://www.w3.org/2006/12/xml-c14n11#WithComments"/><RedactableSignatureAlgorithm Algorithm="http://sec.uni-passau.de/2017/xmlrss/glrss"/></SignatureInfo><References><Reference><Pointer URI="SignatureInfo"/><Proof><GSProof>HO4Hy5wb8e5zuMNGxKHKJBPRvTNPNInCGvRLOhg34iQomI51+37eUwOBuHxHpCnUUYQVx5MVxYlOPmKKFHBmGQ==</GSProof><RandomValue>mZl1D0HL/U00V51PHqyqq7PnjFUGIXYd6cwK/CEZxb5K3N/PtgOGXmK4ZBZqfw1sR8DQrG6f2ywf4CNL4FV4uQ==</RandomValue><AccumulatorValue>J2/n92hjmPNtaRzk56xaWmu5nhAl5D6fvMHg5LDGs6Fh22HqdMZPV+OcsO8bcrUIQ3nmnrCFTuHw/B7O90PHRg==</AccumulatorValue><Witnesses><Witness>EF7R7MgqA5A/XkU4+5zILtaKhuWmgmfyY6ZSIJm0jD5G3Vl6i8zBleyuasb1VexgP/PhEqiMjNrM5CaypYzxwg==</Witness></Witnesses></Proof></Reference><Reference><Pointer Redactable="true" URI="#xpointer(id('a1'))"/><Proof><GSProof>BkwEx38PyiKnb4DhtoZLibdsF6EJbjSn22VyxcKdR56JpkT4Jhku1fV0c0YoFNf/xvh1lHn8r/dZ1jT82K24jw==</GSProof><RandomValue>oHj/mcmd+5Cy70rDb3RcPgRik7CczPYqATkNqddckxrxLh38tsJxlv7QBWQrs0bdMrqIupCE/8IeTDlav+06WQ==</RandomValue><AccumulatorValue>WucSAHMc/c72vxSYSQ2CSRUVwTQut/E2UJbW21LkP22QTru0SITDLL9VJ4pAfzqECzeQT+BGsEiIPEjt27k2Cg==</AccumulatorValue><Witnesses><Witness>QhiU35oSPTQ644MwdJ/it7cua8R03sbgXd/t7bLwogqGFPwKj18dl9SIw6DkxwKpTPmkXNRDzcU8844wBr561A==</Witness><Witness>W9F31jNTzFBGWxWHv2HdSXwTpalnJQ0HerlAnird+WCOs1n1qgEti468X+W+mwEd5g9QtiKKGZgkZ5jWi7DNqw==</Witness></Witnesses></Proof></Reference><Reference><Pointer Redactable="true" URI="#xpointer(id('a2'))"/><Proof><GSProof>J37o038x4kbMyFvwx76Hlu3Phrm+JrZ83QaRVIid3dLT/0Y2Te2slbbI3EDUL85UPvN5DQE/e5DCDEBbQTalSQ==</GSProof><RandomValue>9LoFBcZr8aA/CH3wbxhXSX6gvhXwn6eVHcd5l8dp8V+BihLNOtlDHgXG3CANlbJAkyHnLfTkcmLjE+x0uQjsSw==</RandomValue><AccumulatorValue>Ub/HZoSa2DQ9SyB5jsdLZL+HYLGH/pe1h3uOSTbyjnkpaEJ7KUdJzcjOVREiIulJZVkZkwXwDTRc8hGwPTAFVg==</AccumulatorValue><Witnesses><Witness>SC3v8Qf5nOa6hDfx1A7Cb0WTi/Sj8HKFE3y4rhefrdFv3uKAlUHBlbHArGxM+i7NT7ByH9KNQ817VYmD13nMmg==</Witness><Witness>foqmpRnPTU4InsW/284e0B6FcPVwcAIRs95+bi4uai/LAeaO8a7SD6iD3qMIHKp86cbUEMQNgYX5bZyxYK5yog==</Witness><Witness>WPju8gzVlRum2tb2/Kk2+EBtQae+71fE57D4yq4dtsmZaa+smp07rpzc/2xFu8BRU5vXJmrAUnQqZx/ePUrXFQ==</Witness></Witnesses></Proof></Reference><Reference><Pointer Redactable="true" URI="#xpointer(id('a3'))"/><Proof><GSProof>VegulvorafjlRw//25dV36hmZ4ZWikicxujASY6QIoBLQQa5mgLwz2dI0IckH4jOKitTk/lzb6Gg6Ja34q7PGw==</GSProof><RandomValue>fno00wwY4msIHEH8mZ5nhBE11cbOiZnh9k8npQjiIh+lcpvU8GwoZzIsWDt/wNThHb27NzRkhR/Brxt4tZzmbQ==</RandomValue><AccumulatorValue>BCBmeJ7RENOpJbTPRGqQYcNdf+aHlQ93Rh7ma9MsAeTBJWs85a2C2AvLAB/KUVcslvMj12kF6co3n5o97RI0Uw==</AccumulatorValue><Witnesses><Witness>eRnJ1FK4mXMlqEE7EEb7xIElHwrVK2qlx3zrk23p29HXo7j+e2aD/pnl/x7yjl09P0EnLUcEbyoX7ZYbLdy56Q==</Witness><Witness>DB0EOWt+nH7CcjBP4Aqh026/9XDvnaFB0n4aBuEZtftW4n6csDsuQ+LRm7lc5iHLhxiFmI+aUdkGruoiK8xv/w==</Witness><Witness>cTKjihfZMlYk96Ewwpcd11AfsGZoplIpwplNAhCfqc2dweSyFpPBhvyvXA4WTyJoUc4Q4YAb873X2TnaHKYUng==</Witness><Witness>KVVaRzaA0fpYXE9KPwQ8x45Pu+i33A4IwaWsPMWScENgwlxzgCtfnasQdwgKHp9dYpQ7TCsTSBD/rCw6mMa0Ww==</Witness></Witnesses></Proof></Reference></References><SignatureValue><DSigValue>YxU2DqM2jtij6zbPGJ+NJbmWIPHJlTMyJhsjI5au4SX/W/iQSXaAuWkxhlAzDwMpFCuPVwgfMg0wOF28CQk0Sw==</DSigValue><AccumulatorValue>Rl5fXoVHoN4fp9O/PtPwsR779OO/32riddRp0HHkWxhY6QQK/IdxRR5ZywamiA7d9mRxT6Pzy0K9ycNOhRGDEA==</AccumulatorValue></SignatureValue></Signature></Vehicle><?xml version="1.0" encoding="UTF-8" standalone="no"?><Vehicle><Aircraft id="a1"><Glider id="g1">DG-800</Glider><Jet id="j1">Airbus A380</Jet></Aircraft><Watercraft id="a2"><Sailboat>Bavaria 36</Sailboat><Motorboat>Bavaria Sport 29</Motorboat></Watercraft><MotorVehicles id="a3"><Car Brand="Audi" Model="A3"/><Car Brand="Audi" Model="A4"/><Car Brand="BMW" Model="i7"/><Motorcycle Brand="Honda" Model="RC212V"/></MotorVehicles><Signature xmlns="https://sec.uni-passau.de/2017/03/xmlrss"><SignatureInfo><CanonicalizationMethod Algorithm="http://www.w3.org/2006/12/xml-c14n11#WithComments"/><RedactableSignatureAlgorithm Algorithm="http://sec.uni-passau.de/2017/xmlrss/glrss"/></SignatureInfo><References><Reference><Pointer URI="SignatureInfo"/><Proof><GSProof>UlGUXYlMz2ngD2ZsvtBAqjhDZHvTAf/RRzmvNWY1vF4ICRqVOKZMlnoi0zL5LTf3HrxB/xUa3NelktPosxevNw==</GSProof><RandomValue>bMVWD91u6JpfVUhjDXbGhG1yIv+FQLXYGnixrGkkUWGWaX5vU9cTigL8ASpU+8TW8O7Ik7GfsJL27Ooj4MiOxw==</RandomValue><AccumulatorValue>AIOUbp9xU8rxKV8R49AJ0N558HyjDJknNEFw/pggEVsdjemGpMA8nXMTs8yaUb1JsAbSlp5rH1iZxY1ZO03h5CQ=</AccumulatorValue><Witnesses><Witness>RligS20JToUXlJPU/cx9otUJmGoNjtxyn8q30A23Vl9fWC0TcLyky32KY1NmRqejJFTyhV4L3j/6lj8B/W4hAA==</Witness></Witnesses></Proof></Reference><Reference><Pointer Redactable="true" URI="#xpointer(id('a1'))"/><Proof><GSProof>ORSZUCWG5glYiYnnSQr6wc18xweogRD2yKIuU7hbdLwRT9P9vNBSDXK4wPReaW/1Nrxf5Z4kT5+f/nWGa/W4jg==</GSProof><RandomValue>+GbJaLfCRmGfnSsl+nKPU07cl5e8IsQnsVwmTFZsfjxDb2ConQTeAPV9QZrE86z0tj019t7LSBD59IptWDsJBg==</RandomValue><AccumulatorValue>OTY7chdrJNYbLibjZwl+Bf3DQ0Pg+GNEp+v6ez2U08dNnQad/LPPRs36lMtlZqhngtWSnfGQtKrGMJ/nrbYHCw==</AccumulatorValue><Witnesses><Witness>IlwnpkGw527XZBrFiwx1HWnRrqHac2A1+kuXp7/Ih6zaV8VK0SytkxBYja/MbeDPgEQtY5D/uknqjlmbcbu8WA==</Witness><Witness>WBnqAo9vuq7LGqQ7a9HAK6JP1GeXIq586Ggdi2qaofscT5wF5KUeowr3a0fi0Zq4VW/t5uHaPtCiDsYEsGeU9g==</Witness></Witnesses></Proof></Reference><Reference><Pointer Redactable="true" URI="#xpointer(id('a2'))"/><Proof><GSProof>OkFo7QuwClG17JqdlBgntoUl7szt1mweM3R+sP1Ad1Y/SVwThkPZFpbu17CY35S5r6bYiHpJkQxHivahuOC1Mw==</GSProof><RandomValue>tabi5tvhWAQDQTjXbdZf4vLvYyzZZbbRqSzdkgTW/HH0QgGaVD30eMpWOgki6Nv2xYb9EoZGGuPwoxFIZ+QYcg==</RandomValue><AccumulatorValue>AZLe8Rpkk/TlyN5pyjTWUSOHE18BWnQBSbpDDeFiFLYQYgeBjr4ponPv9m3hBygtkw6RNuanGWiSspR+2ATKpw==</AccumulatorValue><Witnesses><Witness>X3NcsmUtjhjV6Pm5oIigWsmaOr0ExSpz0wln7tLhh/SGylC2ldl6hU9dWT9ckiGQSM0WX/NOZpe5nYiDKYvaDQ==</Witness><Witness>dzs/hJfcfo1+olKr7yCVSog3dTMic8bB7AxQbYuML4+udFWCR4KdsfKHZbQGxd3Hw47mZIByINY+FcY7JvEvyQ==</Witness><Witness>AIbwyfFltgoU2Ns/zT7bpuJXXLZVxhPShIu1RuE8MMmYUg1LANYy65VMldy0+ymDurB0q+LOyoAnfYTwwbXFuUE=</Witness></Witnesses></Proof></Reference><Reference><Pointer Redactable="true" URI="#xpointer(id('a3'))"/><Proof><GSProof>WPb4SCzYmOsTQ1qM0KrrFLSamh4qiOeARjlxGcZqnQno8CfFgSzJsExIb3RPts5jDERaILxO4Npm6WbD7J7Nsw==</GSProof><RandomValue>zErNPO0yOWqKVwDH6HkSL9kid+39tCkFC3GsBrM79mpmC0O/y5lY1/gQ3Lr5PLbUsBje36MKTcXHMmkTGlJl8Q==</RandomValue><AccumulatorValue>C9L9MsLWWscJmhpUH+aadaXF8jPNm+kXwC5CfrObnTB5b6+b/nupGZPKqBVn/4mSy+dZAU5m86epd9nu5an1lQ==</AccumulatorValue><Witnesses><Witness>ENFz1FfhUYc08avTz3qLpDpD6DCHe9ZZnKzzX1j9eSnpUcYU9APpRsXGtcPtot0x98FAA6QfC214vlBrDHD/oA==</Witness><Witness>Ng85A4OTHaC9SYkFNOnoKj0Z+L4sXaeAwSo5EG6WrVmTS51Jn6JxUDq1VK3w8x/7H7E5zbodDoFopUA2VLljUA==</Witness><Witness>bhdVDr6NUs7qJ95rXutJnhxJurI8TzGt7a0abAS9N3LxEo6pKYlVmInUpyp+l/a28Wj/g9/6QhfPQ7RVIQZCpg==</Witness><Witness>AILuUKX8fVDJ0qLrdRWMfAV9WzL4RgkZMfAA0Lf8mqcrEJEomYzHKS0jlyQIs8RJpuqfqzkfanUy4Rj9BKGHojs=</Witness></Witnesses></Proof></Reference></References><SignatureValue><DSigValue>YxU2DqM2jtij6zbPGJ+NJbmWIPHJlTMyJhsjI5au4SX/W/iQSXaAuWkxhlAzDwMpFCuPVwgfMg0wOF28CQk0Sw==</DSigValue><AccumulatorValue>Cp1bsIqh0TpqchZU6BQW4vxFDQoIWPpiUegacgoO14AspILhmaUR6AggNB4mlVF4cTHRtMFqzdU8iQ6hAp0kDw==</AccumulatorValue></SignatureValue></Signature></Vehicle>]]></system-out>
  <system-err><![CDATA[SLF4J: Failed to load class "org.slf4j.impl.StaticLoggerBinder".
SLF4J: Defaulting to no-operation (NOP) logger implementation
SLF4J: See http://www.slf4j.org/codes.html#StaticLoggerBinder for further details.
]]></system-err>
</testsuite>
