<?xml version="1.0" encoding="UTF-8"?>
<testsuite name="de.unipassau.wolfgangpopp.xmlrss.wpprovider.grss.xml.GSRedactableXMLSignatureTest" tests="13" skipped="0" failures="0" errors="0" timestamp="2022-03-04T11:49:17" hostname="sentinel" time="0.099">
  <properties/>
  <testcase name="testAddNonRedactable" classname="de.unipassau.wolfgangpopp.xmlrss.wpprovider.grss.xml.GSRedactableXMLSignatureTest" time="0.013"/>
  <testcase name="testRedactNonRedactable" classname="de.unipassau.wolfgangpopp.xmlrss.wpprovider.grss.xml.GSRedactableXMLSignatureTest" time="0.006"/>
  <testcase name="testGetInstanceFromSpecificProviderObject" classname="de.unipassau.wolfgangpopp.xmlrss.wpprovider.grss.xml.GSRedactableXMLSignatureTest" time="0.0"/>
  <testcase name="testGetInstanceFromSpecificProviderString" classname="de.unipassau.wolfgangpopp.xmlrss.wpprovider.grss.xml.GSRedactableXMLSignatureTest" time="0.0"/>
  <testcase name="testRedactOverlapDTD" classname="de.unipassau.wolfgangpopp.xmlrss.wpprovider.grss.xml.GSRedactableXMLSignatureTest" time="0.009"/>
  <testcase name="testSign" classname="de.unipassau.wolfgangpopp.xmlrss.wpprovider.grss.xml.GSRedactableXMLSignatureTest" time="0.008"/>
  <testcase name="testSignThenRedactAndThenVerify" classname="de.unipassau.wolfgangpopp.xmlrss.wpprovider.grss.xml.GSRedactableXMLSignatureTest" time="0.01"/>
  <testcase name="testRedactOverlapSchema" classname="de.unipassau.wolfgangpopp.xmlrss.wpprovider.grss.xml.GSRedactableXMLSignatureTest" time="0.018"/>
  <testcase name="testVerifyFalseModifiedDoc" classname="de.unipassau.wolfgangpopp.xmlrss.wpprovider.grss.xml.GSRedactableXMLSignatureTest" time="0.01"/>
  <testcase name="testSignAndThenVerify" classname="de.unipassau.wolfgangpopp.xmlrss.wpprovider.grss.xml.GSRedactableXMLSignatureTest" time="0.008"/>
  <testcase name="testVerifyFalseModfiedSig" classname="de.unipassau.wolfgangpopp.xmlrss.wpprovider.grss.xml.GSRedactableXMLSignatureTest" time="0.008"/>
  <testcase name="testAddPartSelectorDuplicate" classname="de.unipassau.wolfgangpopp.xmlrss.wpprovider.grss.xml.GSRedactableXMLSignatureTest" time="0.003"/>
  <testcase name="testGetInstance" classname="de.unipassau.wolfgangpopp.xmlrss.wpprovider.grss.xml.GSRedactableXMLSignatureTest" time="0.0"/>
  <system-out><![CDATA[<?xml version="1.0" encoding="UTF-8" standalone="no"?><Vehicle><Aircraft id="a1"><Glider id="g1">DG-800</Glider><Jet id="j1">Airbus A380</Jet></Aircraft><Watercraft id="a2"><Sailboat>Bavaria 36</Sailboat><Motorboat>Bavaria Sport 29</Motorboat></Watercraft><MotorVehicles id="a3"><Car Brand="Audi" Model="A3"/><Car Brand="Audi" Model="A4"/><Car Brand="BMW" Model="i7"/><Motorcycle Brand="Honda" Model="RC212V"/></MotorVehicles><Signature xmlns="https://sec.uni-passau.de/2017/03/xmlrss"><SignatureInfo><CanonicalizationMethod Algorithm="http://www.w3.org/2006/12/xml-c14n11#WithComments"/><RedactableSignatureAlgorithm Algorithm="http://sec.uni-passau.de/2017/xmlrss/gsrss"/></SignatureInfo><References><Reference><Pointer Redactable="true" URI="#xpointer(id('a1'))"/><Proof><Data>OFHBa/G/Oijzta4NWk09q2bA36d7PzSVuudU9n2iq4Y/DSrpksbSx7FDZoo1ljlb73DI14SxXbOExBBmJ2V0hA==</Data></Proof></Reference><Reference><Pointer Redactable="false" URI="#xpointer(id('a2'))"/><Proof><Data>P06Ndfk8rDcJH4QcJVXvrhVJyiPlKUnIx4nGuw3rAS8Q9DUazAM0b3XgfNEq9GZaQpCX8YFyu1I0Jk4PdznC7g==</Data></Proof></Reference><Reference><Pointer URI="SignatureInfo"/><Proof><Data>S/ZX8/d67/L7XlxkGeDsQ1hkIYwEDmy7ts0pvNOYjC+qzpTGsFUE7akWL+DlQ0pd7tcUO4vk3Jm9KxbFSuhtrw==</Data></Proof></Reference></References><SignatureValue><DSigValue>EBxIi0imWdrDu90Hmkti7ukEk4NVaIZ0dts2Wbhw9Asq1r/4S+Qqstk+VeHcHo6gXSDl91W0a55gqtGzdj7LHQ==</DSigValue><AccumulatorValue>aRw44h4kLqh9pQQw23KHxipZVuGG0TJN+mO8qHBdCMyb+j6ea1y6R8xB1V4c8liNLckCNX70Wh9S7Rs/+AXfMw==</AccumulatorValue></SignatureValue></Signature></Vehicle><?xml version="1.0" encoding="UTF-8" standalone="no"?><Vehicle><Aircraft id="a1"><Glider id="g1">DG-800</Glider><Jet id="j1">Airbus A380</Jet></Aircraft><Watercraft id="a2"><Sailboat>Bavaria 36</Sailboat><Motorboat>Bavaria Sport 29</Motorboat></Watercraft><MotorVehicles id="a3"><Car Brand="Audi" Model="A3"/><Car Brand="Audi" Model="A4"/><Car Brand="BMW" Model="i7"/><Motorcycle Brand="Honda" Model="RC212V"/></MotorVehicles><Signature xmlns="https://sec.uni-passau.de/2017/03/xmlrss"><SignatureInfo><CanonicalizationMethod Algorithm="http://www.w3.org/2006/12/xml-c14n11#WithComments"/><RedactableSignatureAlgorithm Algorithm="http://sec.uni-passau.de/2017/xmlrss/gsrss"/></SignatureInfo><References><Reference><Pointer Redactable="true" URI="#xpointer(id('a1'))"/><Proof><Data>ZOL/THaHgvYx8pUWUcdmblXQDF1/bKGg4l0TOnsYC42Zxr9Gk15CBhqCw0kG+AJK2jJsMn3P6s3yFMidPYltqA==</Data></Proof></Reference><Reference><Pointer Redactable="false" URI="#xpointer(id('a2'))"/><Proof><Data>Y9Ipt515zbvIYkL/QjZotURx1OsGaz1fHpWBHwHxRziCc5ZeA1oGlLbyw8ojLw56YNAYslxU1jO3yZap+aXnZA==</Data></Proof></Reference><Reference><Pointer URI="SignatureInfo"/><Proof><Data>Q7s+HydQToq3uvIDqB3YPjhpRJiVka+zbjK3gegkoncAp+JP6VfH5CS9lVI5YNWiwKS6ta4MWuBlPzufALEzQA==</Data></Proof></Reference></References><SignatureValue><DSigValue>EBxIi0imWdrDu90Hmkti7ukEk4NVaIZ0dts2Wbhw9Asq1r/4S+Qqstk+VeHcHo6gXSDl91W0a55gqtGzdj7LHQ==</DSigValue><AccumulatorValue>Fiw5KPFTenmjmwIMqorJBFEhELJm3Y8qiT26Wj7EdibKgJu9Y9ytImLs8BXx+n6dh8qd7TbX3N8Bs3cJCpTMHg==</AccumulatorValue></SignatureValue></Signature></Vehicle><?xml version="1.0" encoding="UTF-8" standalone="no"?><Vehicle><Aircraft id="a1"><Glider id="g1">DG-800</Glider><Jet id="j1">Airbus A380</Jet></Aircraft><Watercraft id="a2"><Sailboat>Bavaria 36</Sailboat><Motorboat>Bavaria Sport 29</Motorboat></Watercraft><MotorVehicles id="a3"><Car Brand="Audi" Model="A3"/><Car Brand="Audi" Model="A4"/><Car Brand="BMW" Model="i7"/><Motorcycle Brand="Honda" Model="RC212V"/></MotorVehicles><Signature xmlns="https://sec.uni-passau.de/2017/03/xmlrss"><SignatureInfo><CanonicalizationMethod Algorithm="http://www.w3.org/2006/12/xml-c14n11#WithComments"/><RedactableSignatureAlgorithm Algorithm="http://sec.uni-passau.de/2017/xmlrss/gsrss"/></SignatureInfo><References><Reference><Pointer Redactable="true" URI="#xpointer(id('a1'))"/><Proof><Data>DM2lIxIhhWvIoFbdQBfiI2tKu50j/bSjvVx3OfS8qMsm1RLY7oj10VKnOh5AtdNAufqRzNrRitwkDoI+11JV1A==</Data></Proof></Reference><Reference><Pointer Redactable="true" URI="#xpointer(id('a2'))"/><Proof><Data>RGJx+iPjeqcWRj53xmsOR6k/EGIWfK5dgK4cncg8uFir7iwUOjwLb2/GPpfj8fJV1g9uMK3/nGBpuT1ghiTWPg==</Data></Proof></Reference><Reference><Pointer Redactable="true" URI="#xpointer(id('a3'))"/><Proof><Data>CZo3bUtdSrVdDNKJx8RFhMM8YrIDNI56Fuy7eHRCYcsF3FtHSZuBvahqg5c8rDzkHuGSR+BY4rDcY2qYVc/K7Q==</Data></Proof></Reference><Reference><Pointer URI="SignatureInfo"/><Proof><Data>Zn71Rrnk/xSDDAfjAal2Ed3wSqVW6WTe38jrq/UfoLUkqG7n0wULNvjH0l58n6W65z6N5PqW3eiIOc4s1e8qFw==</Data></Proof></Reference></References><SignatureValue><DSigValue>D6TBPpbFGN9zPrrRLS4d+z/zmdZ8xY2p+uvzVxqoEdtRusrpYD6tNEUMo//MczD1+BV7a4ON7XZukEg2+vzfJg==</DSigValue><AccumulatorValue>EJhn8sRaUigKP4rxO5uks9fF648VY4Z5AgGfRI92g04nXaLAAC4j0WnO9/5rgDj5RMBcuDQb6AoCm4VuAqVlsw==</AccumulatorValue></SignatureValue></Signature></Vehicle><?xml version="1.0" encoding="utf-8" standalone="no"?><!--
  ~ XMLRSS - A Java Crypto Provider for Redactable Signatures and their
  ~ XML Signature encoding.
  ~
  ~ Copyright (c) 2017 Wolfgang Popp
  ~
  ~ This program is free software: you can redistribute it and/or modify
  ~ it under the terms of the GNU General Public License as published by
  ~ the Free Software Foundation, either version 3 of the License, or
  ~ (at your option) any later version.
  ~
  ~ This program is distributed in the hope that it will be useful,
  ~ but WITHOUT ANY WARRANTY; without even the implied warranty of
  ~ MERCHANTABILITY or FITNESS FOR A PARTICULAR PURPOSE.  See the
  ~ GNU General Public License for more details.
  ~
  ~ You should have received a copy of the GNU General Public License
  ~ along with this program.  If not, see <http://www.gnu.org/licenses/>.
  --><container xmlns="https://sec.fim.uni-passau.de/psrss"><item id="i1"><list id="l1"><entry id="e1">entry1</entry><entry id="e2">entry2</entry><entry id="e3">entry3</entry></list></item><item id="i2"><struct id="s1"><header>head</header><body>
                <data>data</data>
            </body><footer>foot</footer></struct></item><item id="i3"><data id="d1">data</data></item><Signature xmlns="https://sec.uni-passau.de/2017/03/xmlrss"><SignatureInfo><CanonicalizationMethod Algorithm="http://www.w3.org/2006/12/xml-c14n11#WithComments"/><RedactableSignatureAlgorithm Algorithm="http://sec.uni-passau.de/2017/xmlrss/gsrss"/></SignatureInfo><References><Reference><Pointer Redactable="true" URI="#xpointer(id('s1'))"/><Proof><Data>VHE9e9/7Mn2KCT7iIHNElw8cEvzBG2I+W4FB7lc4pAarZVawEpMmzCw1VlKDfUCIYKFKobTNFJE/acMUM6ErAw==</Data></Proof></Reference><Reference><Pointer Redactable="true" URI="#xpointer(id('i2'))"/><Proof><Data>GpD58kozllbiDwAuoZiPnPDxl/nETCMubSSlCxfYonRPFhBTSaaE1OWmsrMi3X7etDfuQNrIzEgOnvgCPDFx3Q==</Data></Proof></Reference><Reference><Pointer Redactable="true" URI="#xpointer(id('e1'))"/><Proof><Data>Egmf+5yCc3sQrl9bm82rToCtgHYOIjTw+jvcVRJ4pc6Rr8ekImH8g9KpWL+n2eV4K35cCRGvgqcbgE8owMXtoQ==</Data></Proof></Reference><Reference><Pointer URI="SignatureInfo"/><Proof><Data>Bhs6Yoxjqnxx3KVhY00gQc60fLhQWdKaxYnlrSlBWLxupDRtcrO8AybO7C8nwxLejzGM8jdYdtcALjNaqj2KRg==</Data></Proof></Reference><Reference><Pointer Redactable="true" URI="#xpointer(id('l1'))"/><Proof><Data>IdCIc1a+T+HQC3HI2b14pA7bH2y30lC38pY24LEMBt71xNvItXeICf38S4K0ejJrJQZBeSN9i6sAAWLTUmvDlQ==</Data></Proof></Reference><Reference><Pointer Redactable="true" URI="#xpointer(id('e3'))"/><Proof><Data>Pd/jMxo1C1h7T5AnaRtL1+IeHw0dnyj6PfBYV6jMZBJx0363DOmRnfrZQjfswxo8SVAVWaXXrXlaDQyYrkzF3A==</Data></Proof></Reference><Reference><Pointer Redactable="true" URI="#xpointer(id('i1'))"/><Proof><Data>PYquCwseG0RWdFE4DlUGIryaY+2idy8j0raVUrTUzUuTDD5M9l5c9w2EGcc+71IxLG8IDWAOPw3arewTRxzfRg==</Data></Proof></Reference><Reference><Pointer Redactable="true" URI="#xpointer(id('i3'))"/><Proof><Data>Mnp25wECwUTgfGZ9EQRdankb9XN0WClHq3v6/xYxtG3vK4FBouJHglXpR1R9DH6UeIDfEOSPnmZKi39eDiu+sQ==</Data></Proof></Reference><Reference><Pointer Redactable="true" URI="#xpointer(id('e2'))"/><Proof><Data>OpOG3DYEaN0tuOp7WDJ4t6+UTZq2aX/z85mOq7y4TGKqsEeT3ekwEfnlO3BAeu6Q5NmlxjLWGASOjA97xeXPlQ==</Data></Proof></Reference></References><SignatureValue><DSigValue>D6TBPpbFGN9zPrrRLS4d+z/zmdZ8xY2p+uvzVxqoEdtRusrpYD6tNEUMo//MczD1+BV7a4ON7XZukEg2+vzfJg==</DSigValue><AccumulatorValue>Wuqzww3dhq8IvzbSLfNeujPHKv+hb3VcV+EO6PZDUppfaXOsi69dDf4zPAIh1GIH4e3k5pSiD/Z7pDat1Y6Lqw==</AccumulatorValue></SignatureValue></Signature></container><?xml version="1.0" encoding="utf-8" standalone="no"?><!--
  ~ XMLRSS - A Java Crypto Provider for Redactable Signatures and their
  ~ XML Signature encoding.
  ~
  ~ Copyright (c) 2017 Wolfgang Popp
  ~
  ~ This program is free software: you can redistribute it and/or modify
  ~ it under the terms of the GNU General Public License as published by
  ~ the Free Software Foundation, either version 3 of the License, or
  ~ (at your option) any later version.
  ~
  ~ This program is distributed in the hope that it will be useful,
  ~ but WITHOUT ANY WARRANTY; without even the implied warranty of
  ~ MERCHANTABILITY or FITNESS FOR A PARTICULAR PURPOSE.  See the
  ~ GNU General Public License for more details.
  ~
  ~ You should have received a copy of the GNU General Public License
  ~ along with this program.  If not, see <http://www.gnu.org/licenses/>.
  --><container xmlns="https://sec.fim.uni-passau.de/psrss"><item id="i2"><struct id="s1"><header>head</header><body>
                <data>data</data>
            </body><footer>foot</footer></struct></item><Signature xmlns="https://sec.uni-passau.de/2017/03/xmlrss"><SignatureInfo><CanonicalizationMethod Algorithm="http://www.w3.org/2006/12/xml-c14n11#WithComments"/><RedactableSignatureAlgorithm Algorithm="http://sec.uni-passau.de/2017/xmlrss/gsrss"/></SignatureInfo><References><Reference><Pointer Redactable="true" URI="#xpointer(id('s1'))"/><Proof><Data>VHE9e9/7Mn2KCT7iIHNElw8cEvzBG2I+W4FB7lc4pAarZVawEpMmzCw1VlKDfUCIYKFKobTNFJE/acMUM6ErAw==</Data></Proof></Reference><Reference><Pointer Redactable="true" URI="#xpointer(id('i2'))"/><Proof><Data>GpD58kozllbiDwAuoZiPnPDxl/nETCMubSSlCxfYonRPFhBTSaaE1OWmsrMi3X7etDfuQNrIzEgOnvgCPDFx3Q==</Data></Proof></Reference><Reference><Pointer URI="SignatureInfo"/><Proof><Data>Bhs6Yoxjqnxx3KVhY00gQc60fLhQWdKaxYnlrSlBWLxupDRtcrO8AybO7C8nwxLejzGM8jdYdtcALjNaqj2KRg==</Data></Proof></Reference></References><SignatureValue><DSigValue>D6TBPpbFGN9zPrrRLS4d+z/zmdZ8xY2p+uvzVxqoEdtRusrpYD6tNEUMo//MczD1+BV7a4ON7XZukEg2+vzfJg==</DSigValue><AccumulatorValue>Wuqzww3dhq8IvzbSLfNeujPHKv+hb3VcV+EO6PZDUppfaXOsi69dDf4zPAIh1GIH4e3k5pSiD/Z7pDat1Y6Lqw==</AccumulatorValue></SignatureValue></Signature></container><?xml version="1.0" encoding="UTF-8" standalone="no"?><Vehicle><Aircraft id="a1"><Glider id="g1">DG-800</Glider><Jet id="j1">Airbus A380</Jet></Aircraft><Watercraft id="a2"><Sailboat>Bavaria 36</Sailboat><Motorboat>Bavaria Sport 29</Motorboat></Watercraft><MotorVehicles id="a3"><Car Brand="Audi" Model="A3"/><Car Brand="Audi" Model="A4"/><Car Brand="BMW" Model="i7"/><Motorcycle Brand="Honda" Model="RC212V"/></MotorVehicles><Signature xmlns="https://sec.uni-passau.de/2017/03/xmlrss"><SignatureInfo><CanonicalizationMethod Algorithm="http://www.w3.org/2006/12/xml-c14n11#WithComments"/><RedactableSignatureAlgorithm Algorithm="http://sec.uni-passau.de/2017/xmlrss/gsrss"/></SignatureInfo><References><Reference><Pointer Redactable="true" URI="#xpointer(id('a2'))"/><Proof><Data>Lx2EMNHL9MuHw2TYmJS9rAoV26pEwG61x8YoEmaIqorS3d6IrndPVHhZ1yPxtRCIXuLS15TAZpyGcj4wmG5q/g==</Data></Proof></Reference><Reference><Pointer URI="SignatureInfo"/><Proof><Data>aUbv+D9/n1tt3/KXvIWkwbGVRfEfZ+MOi4YJV5pY7cKjb9FBafuEFc30HYJQAbYWUQx79ysn7npiQFw+IAiBkg==</Data></Proof></Reference><Reference><Pointer Redactable="true" URI="#xpointer(id('a1'))"/><Proof><Data>ZpwTpXVpJZX5yeaEgbCVO6iBdYygqgVLetty2YCwwXM6xuIwzUblMOZ5g49rQ6OVwNp3FFseMOL9U0F0Ni3ioQ==</Data></Proof></Reference><Reference><Pointer Redactable="true" URI="#xpointer(id('a3'))"/><Proof><Data>YX9UkkRUw/6AmDv1U1FD+fqszcFDT9s9rglx0CEIoOmK1TwEsPnzd6Ry2QejD+JVvcOVlL+9LZCDFnSZEdWH+A==</Data></Proof></Reference></References><SignatureValue><DSigValue>D6TBPpbFGN9zPrrRLS4d+z/zmdZ8xY2p+uvzVxqoEdtRusrpYD6tNEUMo//MczD1+BV7a4ON7XZukEg2+vzfJg==</DSigValue><AccumulatorValue>NFuLG8KdwsYayHM4gV05NOwzOHZQjpAHvd17p0Pf66ut3+rvvOGs5EO58nI9zZoqsFzTtR56btU1zBe3cJ56ew==</AccumulatorValue></SignatureValue></Signature></Vehicle><?xml version="1.0" encoding="UTF-8" standalone="no"?><Vehicle><Aircraft id="a1"><Glider id="g1">DG-800</Glider><Jet id="j1">Airbus A380</Jet></Aircraft><Watercraft id="a2"><Sailboat>Bavaria 36</Sailboat><Motorboat>Bavaria Sport 29</Motorboat></Watercraft><MotorVehicles id="a3"><Car Brand="Audi" Model="A3"/><Car Brand="Audi" Model="A4"/><Car Brand="BMW" Model="i7"/><Motorcycle Brand="Honda" Model="RC212V"/></MotorVehicles><Signature xmlns="https://sec.uni-passau.de/2017/03/xmlrss"><SignatureInfo><CanonicalizationMethod Algorithm="http://www.w3.org/2006/12/xml-c14n11#WithComments"/><RedactableSignatureAlgorithm Algorithm="http://sec.uni-passau.de/2017/xmlrss/gsrss"/></SignatureInfo><References><Reference><Pointer Redactable="true" URI="#xpointer(id('a2'))"/><Proof><Data>POU00R5wLjDoP+r0MszSQRaXS8+eWzu6OtYD53t6O2vOq+5nIjwgDILdNHDXri3udNLiA17hHPYLB5GXRkFsnA==</Data></Proof></Reference><Reference><Pointer Redactable="true" URI="#xpointer(id('a3'))"/><Proof><Data>M0qNVhqJH/zFZfJcFTcd0g1UQhX4mgrI5XSWb0Sa4/FdO6LS0Fna0QtHthLd9z7zThN7/xvRhyREHixaxDyHfw==</Data></Proof></Reference><Reference><Pointer Redactable="true" URI="#xpointer(id('a1'))"/><Proof><Data>FWikR53DccH9tzfe9XgigJ48YhDtnpO6xQ6GEPdPQd15nWJzM63MZNqgaTqAlbPbYmVxTDjLm3PORViIidrHrw==</Data></Proof></Reference><Reference><Pointer URI="SignatureInfo"/><Proof><Data>GbTSov3SgJ6e5CIE471mcmRrptIVcnAs0VaiC8lrdewJdb4n8ScTj7o7Yk3HmK2d4zis9lPpskIp2OX3/Bywog==</Data></Proof></Reference></References><SignatureValue><DSigValue>D6TBPpbFGN9zPrrRLS4d+z/zmdZ8xY2p+uvzVxqoEdtRusrpYD6tNEUMo//MczD1+BV7a4ON7XZukEg2+vzfJg==</DSigValue><AccumulatorValue>SWduouL9VZl7495fqk+nulGjiuNeQ5ar+AXamAIq+LAfjFgMpa0jQl/3nxc9WpB1zc5gnMELr+hHtNCikUr19g==</AccumulatorValue></SignatureValue></Signature></Vehicle><?xml version="1.0" encoding="UTF-8" standalone="no"?><Vehicle><Aircraft id="a1"><Glider id="g1">DG-800</Glider><Jet id="j1">Airbus A380</Jet></Aircraft><Watercraft id="a2"><Sailboat>Bavaria 36</Sailboat><Motorboat>Bavaria Sport 29</Motorboat></Watercraft><MotorVehicles id="a3"><Car Brand="Audi" Model="A3"/><Car Brand="Audi" Model="A4"/><Car Brand="BMW" Model="i7"/><Motorcycle Brand="Honda" Model="RC212V"/></MotorVehicles><Signature xmlns="https://sec.uni-passau.de/2017/03/xmlrss"><SignatureInfo><CanonicalizationMethod Algorithm="http://www.w3.org/2006/12/xml-c14n11#WithComments"/><RedactableSignatureAlgorithm Algorithm="http://sec.uni-passau.de/2017/xmlrss/gsrss"/></SignatureInfo><References><Reference><Pointer Redactable="true" URI="#xpointer(id('a3'))"/><Proof><Data>WP2DVb4hVjisc7wiP8PQteDS0OwwYhosWK7SV3rk+sd8K66EteGjoytwVuIV+Ry6VDERIJxBmJ3jIRVTO/FSHw==</Data></Proof></Reference><Reference><Pointer Redactable="true" URI="#xpointer(id('a2'))"/><Proof><Data>EmgCN48EslQMbSiu+xSbZURW5Xj+of0BxicJNAOM8K/1D1lBJRuAW8bIf0I2BWOOkEEl9xUsvGg5mY8ccJnkDQ==</Data></Proof></Reference><Reference><Pointer URI="SignatureInfo"/><Proof><Data>R0X75qiVF0o9IXpvxBESZv9yrXFWM2nRrfEXu6UGWnjn8rKmcuZQaJsABUgvS8NV4Cr8CtrWGSN/UTeGPzNh9A==</Data></Proof></Reference><Reference><Pointer Redactable="true" URI="#xpointer(id('a1'))"/><Proof><Data>VzgrMuPgPpAjWDcjeHKxD1s8gb308iUExOd0okrGZlmy8mcrJD0Iu4ahE+d2qosryFFak5ssim7G/gc0whqkiw==</Data></Proof></Reference></References><SignatureValue><DSigValue>D6TBPpbFGN9zPrrRLS4d+z/zmdZ8xY2p+uvzVxqoEdtRusrpYD6tNEUMo//MczD1+BV7a4ON7XZukEg2+vzfJg==</DSigValue><AccumulatorValue>Ku9PwO8gJthcRuJYCu1BkdRjE74m18HdBQGzKSL3Kt5qQNHWjYAOTCd80jWIiv56fRdjdqs6Kooyc1No0CS30g==</AccumulatorValue></SignatureValue></Signature></Vehicle>]]></system-out>
  <system-err><![CDATA[]]></system-err>
</testsuite>
