<?xml version="1.0" encoding="UTF-8"?>
<testsuite name="de.unipassau.wolfgangpopp.xmlrss.wpprovider.psrss.PSAccumulatorTest" tests="2" skipped="0" failures="0" errors="0" timestamp="2022-03-04T11:49:18" hostname="sentinel" time="0.003">
  <properties/>
  <testcase name="testRestoreWitness" classname="de.unipassau.wolfgangpopp.xmlrss.wpprovider.psrss.PSAccumulatorTest" time="0.002"/>
  <testcase name="testCreateWitness" classname="de.unipassau.wolfgangpopp.xmlrss.wpprovider.psrss.PSAccumulatorTest" time="0.0"/>
  <system-out><![CDATA[]]></system-out>
  <system-err><![CDATA[]]></system-err>
</testsuite>
