<?xml version="1.0" encoding="UTF-8"?>
<testsuite name="de.unipassau.wolfgangpopp.xmlrss.wpprovider.grss.xml.GSRedactableXMLSignatureTest" tests="13" skipped="0" failures="0" errors="0" timestamp="2022-03-22T14:49:30" hostname="sentinel" time="0.077">
  <properties/>
  <testcase name="testAddNonRedactable" classname="de.unipassau.wolfgangpopp.xmlrss.wpprovider.grss.xml.GSRedactableXMLSignatureTest" time="0.008"/>
  <testcase name="testRedactNonRedactable" classname="de.unipassau.wolfgangpopp.xmlrss.wpprovider.grss.xml.GSRedactableXMLSignatureTest" time="0.004"/>
  <testcase name="testGetInstanceFromSpecificProviderObject" classname="de.unipassau.wolfgangpopp.xmlrss.wpprovider.grss.xml.GSRedactableXMLSignatureTest" time="0.0"/>
  <testcase name="testGetInstanceFromSpecificProviderString" classname="de.unipassau.wolfgangpopp.xmlrss.wpprovider.grss.xml.GSRedactableXMLSignatureTest" time="0.0"/>
  <testcase name="testRedactOverlapDTD" classname="de.unipassau.wolfgangpopp.xmlrss.wpprovider.grss.xml.GSRedactableXMLSignatureTest" time="0.006"/>
  <testcase name="testSign" classname="de.unipassau.wolfgangpopp.xmlrss.wpprovider.grss.xml.GSRedactableXMLSignatureTest" time="0.006"/>
  <testcase name="testSignThenRedactAndThenVerify" classname="de.unipassau.wolfgangpopp.xmlrss.wpprovider.grss.xml.GSRedactableXMLSignatureTest" time="0.009"/>
  <testcase name="testRedactOverlapSchema" classname="de.unipassau.wolfgangpopp.xmlrss.wpprovider.grss.xml.GSRedactableXMLSignatureTest" time="0.015"/>
  <testcase name="testVerifyFalseModifiedDoc" classname="de.unipassau.wolfgangpopp.xmlrss.wpprovider.grss.xml.GSRedactableXMLSignatureTest" time="0.007"/>
  <testcase name="testSignAndThenVerify" classname="de.unipassau.wolfgangpopp.xmlrss.wpprovider.grss.xml.GSRedactableXMLSignatureTest" time="0.008"/>
  <testcase name="testVerifyFalseModfiedSig" classname="de.unipassau.wolfgangpopp.xmlrss.wpprovider.grss.xml.GSRedactableXMLSignatureTest" time="0.009"/>
  <testcase name="testAddPartSelectorDuplicate" classname="de.unipassau.wolfgangpopp.xmlrss.wpprovider.grss.xml.GSRedactableXMLSignatureTest" time="0.002"/>
  <testcase name="testGetInstance" classname="de.unipassau.wolfgangpopp.xmlrss.wpprovider.grss.xml.GSRedactableXMLSignatureTest" time="0.0"/>
  <system-out><![CDATA[<?xml version="1.0" encoding="UTF-8" standalone="no"?><Vehicle><Aircraft id="a1"><Glider id="g1">DG-800</Glider><Jet id="j1">Airbus A380</Jet></Aircraft><Watercraft id="a2"><Sailboat>Bavaria 36</Sailboat><Motorboat>Bavaria Sport 29</Motorboat></Watercraft><MotorVehicles id="a3"><Car Brand="Audi" Model="A3"/><Car Brand="Audi" Model="A4"/><Car Brand="BMW" Model="i7"/><Motorcycle Brand="Honda" Model="RC212V"/></MotorVehicles><Signature xmlns="https://sec.uni-passau.de/2017/03/xmlrss"><SignatureInfo><CanonicalizationMethod Algorithm="http://www.w3.org/2006/12/xml-c14n11#WithComments"/><RedactableSignatureAlgorithm Algorithm="http://sec.uni-passau.de/2017/xmlrss/gsrss"/></SignatureInfo><References><Reference><Pointer URI="SignatureInfo"/><Proof><Data>XA3S9DgYN8hBPugdmpTR/gH7p6vxbbjODZVg1TQhmYLgCiaussmzSE5lUCy2ATFojgvzeAqXoSl/h255+eUUug==</Data></Proof></Reference><Reference><Pointer Redactable="false" URI="#xpointer(id('a2'))"/><Proof><Data>O8qqpsEirl/FlKWRIj22lR3J21f8AddFk+mwJGReBAvUkJQLf8rUMG01t3Wb8g/hPfNCf7D0WWavfa2Un2owcQ==</Data></Proof></Reference><Reference><Pointer Redactable="true" URI="#xpointer(id('a1'))"/><Proof><Data>A3N0eFNGKrsYRBHKTWe1MdoZJnNlAhQAuNHZ503/2sHRgr6ygP5qlHGFpaqtDU8JE66lvQ1AAVM5u98WxAM+Kg==</Data></Proof></Reference></References><SignatureValue><DSigValue>jJ70WYLCKDgDq1Q7rRSBwmUtscq0VuRrYbP2p/8FeFvVBdXDSS/stGwepsEzPUCT5WN8KD3Y7vFHnJuCOF0voA==</DSigValue><AccumulatorValue>O5TC1EV/TYL05PKGYmWRgXOxwUpm4i3G+wz5r0Iz/lQyutk6w294foM/U0DIYmUKVWK7Zt4KiB1HUnTInsUliw==</AccumulatorValue></SignatureValue></Signature></Vehicle><?xml version="1.0" encoding="UTF-8" standalone="no"?><Vehicle><Aircraft id="a1"><Glider id="g1">DG-800</Glider><Jet id="j1">Airbus A380</Jet></Aircraft><Watercraft id="a2"><Sailboat>Bavaria 36</Sailboat><Motorboat>Bavaria Sport 29</Motorboat></Watercraft><MotorVehicles id="a3"><Car Brand="Audi" Model="A3"/><Car Brand="Audi" Model="A4"/><Car Brand="BMW" Model="i7"/><Motorcycle Brand="Honda" Model="RC212V"/></MotorVehicles><Signature xmlns="https://sec.uni-passau.de/2017/03/xmlrss"><SignatureInfo><CanonicalizationMethod Algorithm="http://www.w3.org/2006/12/xml-c14n11#WithComments"/><RedactableSignatureAlgorithm Algorithm="http://sec.uni-passau.de/2017/xmlrss/gsrss"/></SignatureInfo><References><Reference><Pointer Redactable="false" URI="#xpointer(id('a2'))"/><Proof><Data>RZ189QjLWwckrzwQAlBKd0jWFwM7AlUDR+W/wIN3siRBvgpNCbeAd8NjovND3XhDumn0Bne7/u0Q95f3yZ2J8A==</Data></Proof></Reference><Reference><Pointer URI="SignatureInfo"/><Proof><Data>KB5+1np0zNcxM7dpHxeiX3n4WZH9XNXXCkVkdpTpPBxLwQgIqHAjU2E2PpMYlxULANFgiT9klnBSjUrtq6ZpZw==</Data></Proof></Reference><Reference><Pointer Redactable="true" URI="#xpointer(id('a1'))"/><Proof><Data>YACOLuJUqyLRYnabXr433/nlrgMIOBAg/cF1vLGwVHJU6sSEd/2DPgM45wUnyB3nvdN2UmomWH0QbaIETz032A==</Data></Proof></Reference></References><SignatureValue><DSigValue>jJ70WYLCKDgDq1Q7rRSBwmUtscq0VuRrYbP2p/8FeFvVBdXDSS/stGwepsEzPUCT5WN8KD3Y7vFHnJuCOF0voA==</DSigValue><AccumulatorValue>FB2fmCoH8CJJjL781fB4HFsXlfop5puoTNB3Oi0A4Cz5BP01nvOi1unlFjCMFzd8l0e2bBsgNjSbAilXc5kAIg==</AccumulatorValue></SignatureValue></Signature></Vehicle><?xml version="1.0" encoding="UTF-8" standalone="no"?><Vehicle><Aircraft id="a1"><Glider id="g1">DG-800</Glider><Jet id="j1">Airbus A380</Jet></Aircraft><Watercraft id="a2"><Sailboat>Bavaria 36</Sailboat><Motorboat>Bavaria Sport 29</Motorboat></Watercraft><MotorVehicles id="a3"><Car Brand="Audi" Model="A3"/><Car Brand="Audi" Model="A4"/><Car Brand="BMW" Model="i7"/><Motorcycle Brand="Honda" Model="RC212V"/></MotorVehicles><Signature xmlns="https://sec.uni-passau.de/2017/03/xmlrss"><SignatureInfo><CanonicalizationMethod Algorithm="http://www.w3.org/2006/12/xml-c14n11#WithComments"/><RedactableSignatureAlgorithm Algorithm="http://sec.uni-passau.de/2017/xmlrss/gsrss"/></SignatureInfo><References><Reference><Pointer Redactable="true" URI="#xpointer(id('a3'))"/><Proof><Data>NwKALm4aY8VWcInNk9nhR9Bv7yU3hQXmoQ/8UnjeG36g0w/+G/erLHMJ+g13XaHT+8WH+wqQwfaQVUOhsBjQ1Q==</Data></Proof></Reference><Reference><Pointer URI="SignatureInfo"/><Proof><Data>Z/uri+wEr1+JeKAIcX38jdsnpv1TeHPESIbylCST5Jwpt84uiH6udwBzpqDCWv9QdrRyAPk2yNKGnorHY43YFg==</Data></Proof></Reference><Reference><Pointer Redactable="true" URI="#xpointer(id('a2'))"/><Proof><Data>WdN4riqtERKrq6yYjKsvdrTqL8niCRRU6LgHLXNOeZkOo9OORF6VF17MKdV09Uc2neXpQYSHFNNZ0RwG7Kh9yg==</Data></Proof></Reference><Reference><Pointer Redactable="true" URI="#xpointer(id('a1'))"/><Proof><Data>ZmqH8EBOdDxP7iCyzhkbImf5yA4ne+V91H6dRf4a6om22+lZGLcHCQH1ISMt/xDJepKcOTyKaV6YAHziFVmrzQ==</Data></Proof></Reference></References><SignatureValue><DSigValue>FIUYpAYY1SSZJaQbBYkMkc/xF6Gazi6ZwgsV0OckDvrJDkywoBrU7qoqI8L4MfxBwNf6SgekhaYQ/WfDkRgrIQ==</DSigValue><AccumulatorValue>LScrUZ6tIzhkfkhmEaNyt25Ly3MQVLkIOcBR2dTYIYAxvEafMzWSnwEp/Y8bCj237xHy8TQAgZoYktEiuoc5mg==</AccumulatorValue></SignatureValue></Signature></Vehicle><?xml version="1.0" encoding="utf-8" standalone="no"?><!--
  ~ XMLRSS - A Java Crypto Provider for Redactable Signatures and their
  ~ XML Signature encoding.
  ~
  ~ Copyright (c) 2017 Wolfgang Popp
  ~
  ~ This program is free software: you can redistribute it and/or modify
  ~ it under the terms of the GNU General Public License as published by
  ~ the Free Software Foundation, either version 3 of the License, or
  ~ (at your option) any later version.
  ~
  ~ This program is distributed in the hope that it will be useful,
  ~ but WITHOUT ANY WARRANTY; without even the implied warranty of
  ~ MERCHANTABILITY or FITNESS FOR A PARTICULAR PURPOSE.  See the
  ~ GNU General Public License for more details.
  ~
  ~ You should have received a copy of the GNU General Public License
  ~ along with this program.  If not, see <http://www.gnu.org/licenses/>.
  --><container xmlns="https://sec.fim.uni-passau.de/psrss"><item id="i1"><list id="l1"><entry id="e1">entry1</entry><entry id="e2">entry2</entry><entry id="e3">entry3</entry></list></item><item id="i2"><struct id="s1"><header>head</header><body>
                <data>data</data>
            </body><footer>foot</footer></struct></item><item id="i3"><data id="d1">data</data></item><Signature xmlns="https://sec.uni-passau.de/2017/03/xmlrss"><SignatureInfo><CanonicalizationMethod Algorithm="http://www.w3.org/2006/12/xml-c14n11#WithComments"/><RedactableSignatureAlgorithm Algorithm="http://sec.uni-passau.de/2017/xmlrss/gsrss"/></SignatureInfo><References><Reference><Pointer Redactable="true" URI="#xpointer(id('i2'))"/><Proof><Data>HL4ra31q5OOQy8f9YMZkmckwk6pTHsjbBZOQ5XZK3hYCHW5e0n42aBwLMiyL9MSnyxktxnYbMy9LTni9OF/yNA==</Data></Proof></Reference><Reference><Pointer Redactable="true" URI="#xpointer(id('s1'))"/><Proof><Data>ZMsl1yOdD/MTlLd9kR8pb2dEAyyVduk2Sdw4NSqZ9nyW6KbVPv/jggRIJ2M1QdYset+LQRgXh8L7BbnPNC3rfw==</Data></Proof></Reference><Reference><Pointer URI="SignatureInfo"/><Proof><Data>AVDkofVmVVBcoFSrEBatcWE9xHaUrmppte5LlWQAWCuh6paYd6yO3wpaFOsU+Uvx97/j1wtpNr1ijS17gifcBg==</Data></Proof></Reference><Reference><Pointer Redactable="true" URI="#xpointer(id('l1'))"/><Proof><Data>JjOkliyUb9kjYcFez7CbSPRnkvod2/1fNhbbJx4RIrd6ASFN/qHM9u+H+KxxeeEH2bnB62K8AUwJ75hZPnA0Hg==</Data></Proof></Reference><Reference><Pointer Redactable="true" URI="#xpointer(id('e1'))"/><Proof><Data>SI1/NMLXxI8VWF84NHwcITAZaEF5sg38+a8KKhhBQZIwy0QaWdtJuYkIyg0uxKnmO34VqsZBrxnT/1O4b2+XUg==</Data></Proof></Reference><Reference><Pointer Redactable="true" URI="#xpointer(id('i1'))"/><Proof><Data>At9nzzor1rxUQEMqlh4ijsEAB6cG+Y9h9lYX54sS5yQbiC4qBmEDQsWfw5ya512zWloWjRJyLYmjga0gOsGxJQ==</Data></Proof></Reference><Reference><Pointer Redactable="true" URI="#xpointer(id('e2'))"/><Proof><Data>UE/uakBQJre2L+1HIU9Zt1nNuoS5ZhHqNc9DiCvkxlV8CGSdiDcPshKAOuINyANDj80pk4TOxAMU6i/1U5s6YQ==</Data></Proof></Reference><Reference><Pointer Redactable="true" URI="#xpointer(id('i3'))"/><Proof><Data>NtnDe6DTkXTRioxlpJXVkGnNmhE8HnyykRpbQhGZwmMVZzTSZE4xC65QlhzA3XqvNfZIuiLIM9KNjRneiKwBlg==</Data></Proof></Reference><Reference><Pointer Redactable="true" URI="#xpointer(id('e3'))"/><Proof><Data>UELDXr/ldrVY3zuibWeITz8Jne1oSl+5NC75ZKDn+z5eNA6vb82TEf1N/bfrO1/GsRdH9n6qkVcEvsiCh1lJCA==</Data></Proof></Reference></References><SignatureValue><DSigValue>FIUYpAYY1SSZJaQbBYkMkc/xF6Gazi6ZwgsV0OckDvrJDkywoBrU7qoqI8L4MfxBwNf6SgekhaYQ/WfDkRgrIQ==</DSigValue><AccumulatorValue>Vf/8co4UTWGytUYcPnhmUbp/CX+QpE20QboyL8hJVlwYnkXA0gKe2jZvu1idPqgqOckDrOJCv4gljZZ823yMyg==</AccumulatorValue></SignatureValue></Signature></container><?xml version="1.0" encoding="utf-8" standalone="no"?><!--
  ~ XMLRSS - A Java Crypto Provider for Redactable Signatures and their
  ~ XML Signature encoding.
  ~
  ~ Copyright (c) 2017 Wolfgang Popp
  ~
  ~ This program is free software: you can redistribute it and/or modify
  ~ it under the terms of the GNU General Public License as published by
  ~ the Free Software Foundation, either version 3 of the License, or
  ~ (at your option) any later version.
  ~
  ~ This program is distributed in the hope that it will be useful,
  ~ but WITHOUT ANY WARRANTY; without even the implied warranty of
  ~ MERCHANTABILITY or FITNESS FOR A PARTICULAR PURPOSE.  See the
  ~ GNU General Public License for more details.
  ~
  ~ You should have received a copy of the GNU General Public License
  ~ along with this program.  If not, see <http://www.gnu.org/licenses/>.
  --><container xmlns="https://sec.fim.uni-passau.de/psrss"><item id="i2"><struct id="s1"><header>head</header><body>
                <data>data</data>
            </body><footer>foot</footer></struct></item><Signature xmlns="https://sec.uni-passau.de/2017/03/xmlrss"><SignatureInfo><CanonicalizationMethod Algorithm="http://www.w3.org/2006/12/xml-c14n11#WithComments"/><RedactableSignatureAlgorithm Algorithm="http://sec.uni-passau.de/2017/xmlrss/gsrss"/></SignatureInfo><References><Reference><Pointer Redactable="true" URI="#xpointer(id('i2'))"/><Proof><Data>HL4ra31q5OOQy8f9YMZkmckwk6pTHsjbBZOQ5XZK3hYCHW5e0n42aBwLMiyL9MSnyxktxnYbMy9LTni9OF/yNA==</Data></Proof></Reference><Reference><Pointer Redactable="true" URI="#xpointer(id('s1'))"/><Proof><Data>ZMsl1yOdD/MTlLd9kR8pb2dEAyyVduk2Sdw4NSqZ9nyW6KbVPv/jggRIJ2M1QdYset+LQRgXh8L7BbnPNC3rfw==</Data></Proof></Reference><Reference><Pointer URI="SignatureInfo"/><Proof><Data>AVDkofVmVVBcoFSrEBatcWE9xHaUrmppte5LlWQAWCuh6paYd6yO3wpaFOsU+Uvx97/j1wtpNr1ijS17gifcBg==</Data></Proof></Reference></References><SignatureValue><DSigValue>FIUYpAYY1SSZJaQbBYkMkc/xF6Gazi6ZwgsV0OckDvrJDkywoBrU7qoqI8L4MfxBwNf6SgekhaYQ/WfDkRgrIQ==</DSigValue><AccumulatorValue>Vf/8co4UTWGytUYcPnhmUbp/CX+QpE20QboyL8hJVlwYnkXA0gKe2jZvu1idPqgqOckDrOJCv4gljZZ823yMyg==</AccumulatorValue></SignatureValue></Signature></container><?xml version="1.0" encoding="UTF-8" standalone="no"?><Vehicle><Aircraft id="a1"><Glider id="g1">DG-800</Glider><Jet id="j1">Airbus A380</Jet></Aircraft><Watercraft id="a2"><Sailboat>Bavaria 36</Sailboat><Motorboat>Bavaria Sport 29</Motorboat></Watercraft><MotorVehicles id="a3"><Car Brand="Audi" Model="A3"/><Car Brand="Audi" Model="A4"/><Car Brand="BMW" Model="i7"/><Motorcycle Brand="Honda" Model="RC212V"/></MotorVehicles><Signature xmlns="https://sec.uni-passau.de/2017/03/xmlrss"><SignatureInfo><CanonicalizationMethod Algorithm="http://www.w3.org/2006/12/xml-c14n11#WithComments"/><RedactableSignatureAlgorithm Algorithm="http://sec.uni-passau.de/2017/xmlrss/gsrss"/></SignatureInfo><References><Reference><Pointer Redactable="true" URI="#xpointer(id('a2'))"/><Proof><Data>ZpVkLABe7mugi2MRydXfAILFNXeCX5M07e4RiIE8J1ykIUMWm8H0gG5MU28yWxjsJFqGk69QUnyrJryZeZzGUw==</Data></Proof></Reference><Reference><Pointer URI="SignatureInfo"/><Proof><Data>MtDs/5kY9TNQ4mLehUckGHyHN/+aj/P1fuT594SW/KBdi9jbzW5uffwbhOoi7SVMWmKHfnvHsq3w4zg/751O7Q==</Data></Proof></Reference><Reference><Pointer Redactable="true" URI="#xpointer(id('a3'))"/><Proof><Data>DVpENNp2f4tlLj4neJ9VGXNxk6i5WMMqyDh0mn6JnF/NBa/eWPog+78K40coYRHQ3+JwQoxtNs75xBhmrSkPSQ==</Data></Proof></Reference><Reference><Pointer Redactable="true" URI="#xpointer(id('a1'))"/><Proof><Data>K3N+655tMavgU8Jhqc5vPvDCPWN2pItVkpamYZeRKCFer0ofoeKeD9xWlvaLsAnrFX9Dr3lYcZX2qcuFdkkr/w==</Data></Proof></Reference></References><SignatureValue><DSigValue>FIUYpAYY1SSZJaQbBYkMkc/xF6Gazi6ZwgsV0OckDvrJDkywoBrU7qoqI8L4MfxBwNf6SgekhaYQ/WfDkRgrIQ==</DSigValue><AccumulatorValue>SLVHxGthVtVsUmvMwZoNBBZgizKZp0xvSz81d/ADPp8L5N4cY7oSpc87e8rZmEjMi1k5tlQgi88iPB4QZIm4dw==</AccumulatorValue></SignatureValue></Signature></Vehicle><?xml version="1.0" encoding="UTF-8" standalone="no"?><Vehicle><Aircraft id="a1"><Glider id="g1">DG-800</Glider><Jet id="j1">Airbus A380</Jet></Aircraft><Watercraft id="a2"><Sailboat>Bavaria 36</Sailboat><Motorboat>Bavaria Sport 29</Motorboat></Watercraft><MotorVehicles id="a3"><Car Brand="Audi" Model="A3"/><Car Brand="Audi" Model="A4"/><Car Brand="BMW" Model="i7"/><Motorcycle Brand="Honda" Model="RC212V"/></MotorVehicles><Signature xmlns="https://sec.uni-passau.de/2017/03/xmlrss"><SignatureInfo><CanonicalizationMethod Algorithm="http://www.w3.org/2006/12/xml-c14n11#WithComments"/><RedactableSignatureAlgorithm Algorithm="http://sec.uni-passau.de/2017/xmlrss/gsrss"/></SignatureInfo><References><Reference><Pointer Redactable="true" URI="#xpointer(id('a1'))"/><Proof><Data>KHgbyd89MtUS8bMfYSAxtZi9CrZn8pqtF+aMw7NcWmdvvc8jQhkwV2EttIW1gxRuGFiO9BCTUNenra7BUHlOag==</Data></Proof></Reference><Reference><Pointer Redactable="true" URI="#xpointer(id('a2'))"/><Proof><Data>RipyQRT9G1EM/3EDDu1Kghg7eTEQQCHYvk0r22mFccNh8DY6HS19NTDTD+9r653Pe0F3gHxpiV8eCkKwGQPYSw==</Data></Proof></Reference><Reference><Pointer URI="SignatureInfo"/><Proof><Data>DC/RRH3h5iyZkssrGZe+H9Mg8j89WUqxesoRW6HcupJYm3MgWyv0QQcigCM5ZrBo7pkUat//Q4WPltctpCpKtw==</Data></Proof></Reference><Reference><Pointer Redactable="true" URI="#xpointer(id('a3'))"/><Proof><Data>IYFiH5b7VGmVqBeqVKO36KHpsQuPCwDhA3zafwgP0po8EW+XkUbFJc+iYF1Q9kLjBXOrAF7jUZ8lvpFqt7D+zA==</Data></Proof></Reference></References><SignatureValue><DSigValue>FIUYpAYY1SSZJaQbBYkMkc/xF6Gazi6ZwgsV0OckDvrJDkywoBrU7qoqI8L4MfxBwNf6SgekhaYQ/WfDkRgrIQ==</DSigValue><AccumulatorValue>MylSL9hxRl6eFEf7qaOD+sCkAfWjRO31c0Kmgwph12RbWwrqZVGaQpp8vJxb/5T5L2J0yuhF36V8H2U8uFxoug==</AccumulatorValue></SignatureValue></Signature></Vehicle><?xml version="1.0" encoding="UTF-8" standalone="no"?><Vehicle><Aircraft id="a1"><Glider id="g1">DG-800</Glider><Jet id="j1">Airbus A380</Jet></Aircraft><Watercraft id="a2"><Sailboat>Bavaria 36</Sailboat><Motorboat>Bavaria Sport 29</Motorboat></Watercraft><MotorVehicles id="a3"><Car Brand="Audi" Model="A3"/><Car Brand="Audi" Model="A4"/><Car Brand="BMW" Model="i7"/><Motorcycle Brand="Honda" Model="RC212V"/></MotorVehicles><Signature xmlns="https://sec.uni-passau.de/2017/03/xmlrss"><SignatureInfo><CanonicalizationMethod Algorithm="http://www.w3.org/2006/12/xml-c14n11#WithComments"/><RedactableSignatureAlgorithm Algorithm="http://sec.uni-passau.de/2017/xmlrss/gsrss"/></SignatureInfo><References><Reference><Pointer URI="SignatureInfo"/><Proof><Data>ZQAHea8HlQm7z+u6BBWLP9yjHzsUfErOhGEcamQ6jqbN2AJuFCOD6DasiK4NUj8eHE/bGLTvP0J+dAnYzvlIPQ==</Data></Proof></Reference><Reference><Pointer Redactable="true" URI="#xpointer(id('a2'))"/><Proof><Data>ZmZ/FjeJCNjb3Wb/mGfg3wJuhDGN/Nuk/P9aiGQrBNR0fQH4BP6vFSYWM4hs9Q8lYy6bXQ46J7IfUBhShl6dQw==</Data></Proof></Reference><Reference><Pointer Redactable="true" URI="#xpointer(id('a3'))"/><Proof><Data>BBjls3n0UctmcLy5eRelrj7vG84WSJszIk1RhVrX8f4owh6jvUCIWBmwafud9npSEzhm+dx5F/rLayCOKYj9ZA==</Data></Proof></Reference><Reference><Pointer Redactable="true" URI="#xpointer(id('a1'))"/><Proof><Data>Uj4/LPHGEBeeDL/HSsZUrO+Up7Hq8f59vcLxMvppuR7b8VyaSIkOjsj7NI3A5RKe/wAQ+PnkUStxkROQMaIlBg==</Data></Proof></Reference></References><SignatureValue><DSigValue>FIUYpAYY1SSZJaQbBYkMkc/xF6Gazi6ZwgsV0OckDvrJDkywoBrU7qoqI8L4MfxBwNf6SgekhaYQ/WfDkRgrIQ==</DSigValue><AccumulatorValue>Zhfe21votx+QiLq3386JeaXKxVgYV5ppTyHEUOiQeEBO3jwqb+uC5wMhZ2yp7HuDDXXU6ZaWHGzpxnT2OMHj/Q==</AccumulatorValue></SignatureValue></Signature></Vehicle>]]></system-out>
  <system-err><![CDATA[]]></system-err>
</testsuite>
