<?xml version="1.0" encoding="UTF-8"?>
<testsuite name="de.unipassau.wolfgangpopp.xmlrss.wpprovider.grss.xml.GLRedactableXMLSignatureTest" tests="13" skipped="0" failures="0" errors="0" timestamp="2022-03-22T14:49:30" hostname="sentinel" time="0.216">
  <properties/>
  <testcase name="testAddNonRedactable" classname="de.unipassau.wolfgangpopp.xmlrss.wpprovider.grss.xml.GLRedactableXMLSignatureTest" time="0.087"/>
  <testcase name="testRedactNonRedactable" classname="de.unipassau.wolfgangpopp.xmlrss.wpprovider.grss.xml.GLRedactableXMLSignatureTest" time="0.007"/>
  <testcase name="testGetInstanceFromSpecificProviderObject" classname="de.unipassau.wolfgangpopp.xmlrss.wpprovider.grss.xml.GLRedactableXMLSignatureTest" time="0.0"/>
  <testcase name="testGetInstanceFromSpecificProviderString" classname="de.unipassau.wolfgangpopp.xmlrss.wpprovider.grss.xml.GLRedactableXMLSignatureTest" time="0.0"/>
  <testcase name="testRedactOverlapDTD" classname="de.unipassau.wolfgangpopp.xmlrss.wpprovider.grss.xml.GLRedactableXMLSignatureTest" time="0.013"/>
  <testcase name="testSign" classname="de.unipassau.wolfgangpopp.xmlrss.wpprovider.grss.xml.GLRedactableXMLSignatureTest" time="0.013"/>
  <testcase name="testSignThenRedactAndThenVerify" classname="de.unipassau.wolfgangpopp.xmlrss.wpprovider.grss.xml.GLRedactableXMLSignatureTest" time="0.022"/>
  <testcase name="testRedactOverlapSchema" classname="de.unipassau.wolfgangpopp.xmlrss.wpprovider.grss.xml.GLRedactableXMLSignatureTest" time="0.04"/>
  <testcase name="testVerifyFalseModifiedDoc" classname="de.unipassau.wolfgangpopp.xmlrss.wpprovider.grss.xml.GLRedactableXMLSignatureTest" time="0.01"/>
  <testcase name="testSignAndThenVerify" classname="de.unipassau.wolfgangpopp.xmlrss.wpprovider.grss.xml.GLRedactableXMLSignatureTest" time="0.011"/>
  <testcase name="testVerifyFalseModfiedSig" classname="de.unipassau.wolfgangpopp.xmlrss.wpprovider.grss.xml.GLRedactableXMLSignatureTest" time="0.009"/>
  <testcase name="testAddPartSelectorDuplicate" classname="de.unipassau.wolfgangpopp.xmlrss.wpprovider.grss.xml.GLRedactableXMLSignatureTest" time="0.002"/>
  <testcase name="testGetInstance" classname="de.unipassau.wolfgangpopp.xmlrss.wpprovider.grss.xml.GLRedactableXMLSignatureTest" time="0.0"/>
  <system-out><![CDATA[<?xml version="1.0" encoding="UTF-8" standalone="no"?><Vehicle><Aircraft id="a1"><Glider id="g1">DG-800</Glider><Jet id="j1">Airbus A380</Jet></Aircraft><Watercraft id="a2"><Sailboat>Bavaria 36</Sailboat><Motorboat>Bavaria Sport 29</Motorboat></Watercraft><MotorVehicles id="a3"><Car Brand="Audi" Model="A3"/><Car Brand="Audi" Model="A4"/><Car Brand="BMW" Model="i7"/><Motorcycle Brand="Honda" Model="RC212V"/></MotorVehicles><Signature xmlns="https://sec.uni-passau.de/2017/03/xmlrss"><SignatureInfo><CanonicalizationMethod Algorithm="http://www.w3.org/2006/12/xml-c14n11#WithComments"/><RedactableSignatureAlgorithm Algorithm="http://sec.uni-passau.de/2017/xmlrss/glrss"/></SignatureInfo><References><Reference><Pointer URI="SignatureInfo"/><Proof><GSProof>AxP5hqpBgKAmaXoW5veVyePZD5BiFUOYXkvB8ZxOoMrTo6/N7k1Dx038HfJdZkie47DOq9TrlVhRJJqtEeWrDw==</GSProof><RandomValue>3sh99TnVi2BBLLGqfVGlie3nRmDGomspae/E5AL5+s4lxY5/uwJvpH1MbeJQrV3G4+5bpyn9qnnG8BPG0zn8FQ==</RandomValue><AccumulatorValue>PRu4QDHty0ekwmQQAGE3zJxecqg87fQCguoi7PHWpnzu5v2blY8Cx0gkmiu+MLF4U1IT8Kd6ytI8gcnzmTo6Kw==</AccumulatorValue><Witnesses><Witness>QJym2FgbXLYThBbuh4/Id4fSTOy48Dow6QvN25o/piGwK2mu549dhguJLN+07PcSLDXvvTxufPEMysoGh5O44A==</Witness></Witnesses></Proof></Reference><Reference><Pointer Redactable="true" URI="#xpointer(id('a1'))"/><Proof><GSProof>CctUDYQ0hS21RWhb/PcUGiOId4jzLCll25Pw+gnm2mUdiEXMusdOe0FgfiuSSX4x6mjZFpROeQbWJDBbmYnDBQ==</GSProof><RandomValue>3nS4+dcw8X2oxIddrza8J/FhmvxVOYSz9JtYAU/Fb8zG09Bqf0penCCDTyaxtmXw3ySM3iUW3BMCg6AIJ0wPlw==</RandomValue><AccumulatorValue>LFRooljL/SWTZHfd7G2Fr8IxBVp3qjS4qvjGpzYcxm0vzkPPGYMVhDuqDOQtt5pKxPZJr9NKu5SFqOBIvIvKoA==</AccumulatorValue><Witnesses><Witness>VOLpJWWlVJcmEcBbv546fegIeAR4BACQk1WCapJVlYpv1Os15/MRFmswcSVX8Uh16xjSYm6XjB6HSg12RVN4gw==</Witness><Witness>IqAQPMVVvzMfrJaqn6TrV+UHBYkaQXy+ppMjL4+A8OcFZS3Ld1TeCF2gya29OMzx2Zf1cqCwo/I8VSAGQ7QYEA==</Witness></Witnesses></Proof></Reference><Reference><Pointer Redactable="false" URI="#xpointer(id('a2'))"/><Proof><GSProof>E1tsl9OLJIAAzEkRKNZkMs0hc8sJga1Y15TVG9ac0EgU2fQGBJ80Pt10OeTemKgj6rBVb/Plp/VDHOzqAhUvaQ==</GSProof><RandomValue>xUeTockSj4Ww12g9bCAyd9BVFtq4+gJwNAuh66aLyh8qpHD77CGKMUreIxgiS61lwFzuEHXf4OQcsn6nJSiRVQ==</RandomValue><AccumulatorValue>XMtVs248BPTsVG3uovb60OUkImTZP3TB4ApFp87wdAP0Pap92H7PVE6mWY1SSwCbE4t1HrcM2WFjBgTtqoTT1A==</AccumulatorValue><Witnesses><Witness>JaDUUh3HpIndCQazxPRbRqMIGazTVqBzyW2cDJEEsaXpC63rtVE9EnQO9R6J13oadVdvdvY98MGIEG/+2kC5jQ==</Witness><Witness>Da4AquVL55QwXL2YjM3oOBxl+VZwzNHnvdiqMkngCQz/+UEFXarFDjqb5KidL18/VfvmhIkwxSfXIDgBvaTtyw==</Witness><Witness>A3i8jSgaqphRc/RPfsS4AHAESMwTfGkukYGtx4AencRGL6SUAZ+4jELETVLzwJAqf/oQopf28jZtk9zJL4WYag==</Witness></Witnesses></Proof></Reference></References><SignatureValue><DSigValue>CmMs+olWLo/eSv6Nzpdz/+8FvxjVbf6tIOHM9yyCGd5Ws5h3cP3NK58eQgXPKZQbA/pvYU1wGey+a9lM01kI9g==</DSigValue><AccumulatorValue>JnFobaHVbf3d9BzYE/GaVv/d/qhPUelvYRNVpQBr3Lojc+i+hEMBC4RmSyxFwdCBE0ArzmWc2a8sp4kJqMXKsw==</AccumulatorValue></SignatureValue></Signature></Vehicle><?xml version="1.0" encoding="UTF-8" standalone="no"?><Vehicle><Aircraft id="a1"><Glider id="g1">DG-800</Glider><Jet id="j1">Airbus A380</Jet></Aircraft><Watercraft id="a2"><Sailboat>Bavaria 36</Sailboat><Motorboat>Bavaria Sport 29</Motorboat></Watercraft><MotorVehicles id="a3"><Car Brand="Audi" Model="A3"/><Car Brand="Audi" Model="A4"/><Car Brand="BMW" Model="i7"/><Motorcycle Brand="Honda" Model="RC212V"/></MotorVehicles><Signature xmlns="https://sec.uni-passau.de/2017/03/xmlrss"><SignatureInfo><CanonicalizationMethod Algorithm="http://www.w3.org/2006/12/xml-c14n11#WithComments"/><RedactableSignatureAlgorithm Algorithm="http://sec.uni-passau.de/2017/xmlrss/glrss"/></SignatureInfo><References><Reference><Pointer URI="SignatureInfo"/><Proof><GSProof>GCfUzI4nB25WC9+XwY4zCWZ98G1Z1bXNRJYI5TGpCibq17kVO49y+II/Lprq8x9K+TQFFUKHv+qIZ3swxQHB</GSProof><RandomValue>rMm3fE66lDTuv2pd/N3v/TanrbXxOmYzFmzkzKOB1lTP3qWGYn9G7YMXYhHdLzrtJfjOx/fepZkfcbXgpD7LNw==</RandomValue><AccumulatorValue>T+i/ylPxvTdVLWK3q9LfI4MTrRzztBb4a7S0bMo6l9jz0brKM1NwjS7beDCF2nGLH7Pa14TXxuQk46k5bN9TSA==</AccumulatorValue><Witnesses><Witness>BFCe0/TsBt3TyEKJAlyKTej/1Tu+V6fdtjSHSWlGHydCXfZAu0X/wKfGdfg6o2Mryb6qDuHqW8AWHqCeS5xYwA==</Witness></Witnesses></Proof></Reference><Reference><Pointer Redactable="true" URI="#xpointer(id('a1'))"/><Proof><GSProof>Wdfc7Fb2TW8qCwQag1J9ZT9Hy8rWu1eGJi19biNi/3i9tcB/grTucMFMeSYjC8fZQThqYnR7iLnGfndPDSUmPg==</GSProof><RandomValue>9IWH+gFojLgB4OjVGNXP1p/zy12eZzhld1j6UGjiT2raaOcaAGypHdHMwMGNLJLv434Am9YsByYC2dMr657iHA==</RandomValue><AccumulatorValue>JCVQ8RAynjSTuGT2T0dGeEMizPWasMG1jGcHYhy836TlgCs1xKzQfyroVk3R6jz3y9Tlcygm9f5BX+74s03HXw==</AccumulatorValue><Witnesses><Witness>GZLy+/6uvmgKD/UhI5psg8fiUPwKAeshyo7sRZ6kSunBLL6KbNJzZ4CcLbuFiv9E4kRBO1l8yDeuavYv4ygTnQ==</Witness><Witness>Jr9V/RrYMVHZFl7C2Kg+/vBZ9Nn4wJp+NhQ954vUEUakFMjzf8vcejVBpw5+viLWuzz5nHmVI2y0b53V8CX1Pg==</Witness></Witnesses></Proof></Reference><Reference><Pointer Redactable="false" URI="#xpointer(id('a2'))"/><Proof><GSProof>Rf4HDUHfb/oq/99dbeqKarz+o2XCIiU1oV/c0RbxUZ9OIW4xhPLE8q1AmCPJ0hvOjHcoFpASBPWXOCo+66Bi4A==</GSProof><RandomValue>c2XMQtTLGjY8VwtN30GAHQ2ItYs+ovDHXXTCQ1cB11TaWSVwCUlUYjbLjSireAbhPHDRdZdsZjRbbpuDslJgow==</RandomValue><AccumulatorValue>VXyTbjIJ5emuYF0GiCU4nV1gHiphh8+IMDy6pJ2erbg4m/FrqhIc+1G7DLnUYvtaPyE8vPUfZDDTeJcBnbshYA==</AccumulatorValue><Witnesses><Witness>MsT5QH/LuqyQhqq5JAY8wgnGgwhJHImx1xlW2ttBiV4tBjyDYx3THnrG8rnjNQ4v2Zf1VFpmnbf4QoMO3AMGNA==</Witness><Witness>Q2p3Rf/9hNCcjCPxOUrmXjVk4otw3xPK9+j4nBqwKGCnvCuaECnEjTKOEEFvTUHyxGYOvQzutFiklA8zS9WfNg==</Witness><Witness>FtWUH9OPXpiqo9gQBOsLWdO+tRNf3Pt3a1vuQfOWbjBEFE85tISxI63vG3jrbB4VczSl/NcHoUFG7jNP14fnbw==</Witness></Witnesses></Proof></Reference></References><SignatureValue><DSigValue>lg5k9sOLA21os+quX90olaEdoP+pAsOzNdWvgL9RFbIhs+QOjuaqrImkerNh0J+KoAbzNtNNGAVNUkR5XKxEUw==</DSigValue><AccumulatorValue>atfjMcC7vRmYAm1N7p8bRZbs0F6xj5kez2y6tsuHE3a5oy//TsfCzHJscb7/zHGSmb8IKwhdgeL+0F+QcNMDhQ==</AccumulatorValue></SignatureValue></Signature></Vehicle><?xml version="1.0" encoding="UTF-8" standalone="no"?><Vehicle><Aircraft id="a1"><Glider id="g1">DG-800</Glider><Jet id="j1">Airbus A380</Jet></Aircraft><Watercraft id="a2"><Sailboat>Bavaria 36</Sailboat><Motorboat>Bavaria Sport 29</Motorboat></Watercraft><MotorVehicles id="a3"><Car Brand="Audi" Model="A3"/><Car Brand="Audi" Model="A4"/><Car Brand="BMW" Model="i7"/><Motorcycle Brand="Honda" Model="RC212V"/></MotorVehicles><Signature xmlns="https://sec.uni-passau.de/2017/03/xmlrss"><SignatureInfo><CanonicalizationMethod Algorithm="http://www.w3.org/2006/12/xml-c14n11#WithComments"/><RedactableSignatureAlgorithm Algorithm="http://sec.uni-passau.de/2017/xmlrss/glrss"/></SignatureInfo><References><Reference><Pointer URI="SignatureInfo"/><Proof><GSProof>AIUqNQPgwev5Ld8wbPvT7eO9GT0gy/4RRnDrh3Z+N7wzurAZJTlWXhtnAPWD5AhgP5Agr0QBGWohG265cn8bgVQ=</GSProof><RandomValue>YyvyW5GDZ/3UaG2SxvwgbHgtuA54vZiRExPIpqyS1M7ytvYTqniQoIxiw60yk34oY5HZMxXUMuay7nebbF3LFw==</RandomValue><AccumulatorValue>QXWr641IfCFC3mSgaYzRsouUjGADXXzLMqFcfmY8oyYEyLRO4oNOU1TSqTIkdZHnYGggnViiq7S524J3loNgHA==</AccumulatorValue><Witnesses><Witness>KU+TqHqmsXCzz5RFXn60PdGgO3u/IHHOj+Hie7KsTV9fzHiNmR6vzO1HwSTM6mv5dpBt5LcVBHORLXDI7y/Lyg==</Witness></Witnesses></Proof></Reference><Reference><Pointer Redactable="true" URI="#xpointer(id('a1'))"/><Proof><GSProof>AI6Ds1udIJ+fM7ZZg5DZWRVTglh9X8Jf8uuxouTau4pVowo53N6+CIChiWhZM/OGHqOphMvVYRi5HL/x/gSeGJk=</GSProof><RandomValue>YThGhiSNTsoV9WrZ5pB9jweJVwxHb/iMBJtBOnny64s/QhFUHEy2lUumm52yLcWXYTVzRBRIjrm3wDgOlDNzZQ==</RandomValue><AccumulatorValue>JQJY1G8UBEXgEvaden3edNLJ0zkIA06kQn3Hbzo9zGrXnSlgTrxIa6By/QxqHrQVlHI+TKCiXxomrgXXxVc+xw==</AccumulatorValue><Witnesses><Witness>Vmp5i3bOkPjN67DM+smO+jcbhEm+lnh7YIcbcWSlaWZeF2d750cFhkHlpAAs6NJ/J2QcHBNtXw4thpkxw6ir/Q==</Witness><Witness>CrFd0q8E9y0Fk7R0onbEPGEKhZggOWCR6xoFyZQH58JWSFzuCh6DP+mJrn4Lbg6IHtAq3XrXszHeb9HW27sYIQ==</Witness></Witnesses></Proof></Reference><Reference><Pointer Redactable="true" URI="#xpointer(id('a2'))"/><Proof><GSProof>OFBGRwQ3JD/BT3HthEvuEEA7XZXgHvEWw2AaGmLH9YlltuREc9/lLI49VtGsjuDGDdTlXVa78JhUF3NeNZIB6w==</GSProof><RandomValue>YgasVr5Mq4U0X8EIpK9t+xZe9THEIgb+ns8E91GX6jhhsMMiGXWUE9syCUaY4Ka5ZyeUl96/eCPZZPqpp+VwIA==</RandomValue><AccumulatorValue>A62ybfsBd8km72NBZnYmNAX7sYZbkGkHOU2PzO2Mf7ssUsoE7QdXJmoS9MNoiXy3wGRsIaKvCPw4LCdUrqarpg==</AccumulatorValue><Witnesses><Witness>IsrJaKHIvqtsEubJEdoMm8otE+QZLuOEGJaAoJgghnx7cMic0Gk2/ilQ+pT6vffePDXMwk2aM9MgEC/j88YguA==</Witness><Witness>QCJ2hXIj2Q9VMRREs9KuyVVUApR2YXPlC+AS60/Fuk7lhoL1xw1/6HbVYsA2T4ET7RcGRBtwGKRTPWcbnacFGw==</Witness><Witness>G1PE98KqujMuLE4RjVnNUx5dRaKv4XZ4XcnGXTBGvhtcsaRdzxzUs/G7cq3BR5jTOU938gn8hF3KS2Z1u/DoyA==</Witness></Witnesses></Proof></Reference><Reference><Pointer Redactable="true" URI="#xpointer(id('a3'))"/><Proof><GSProof>AIgjZ8axMMvyeidWDAJxyDWtWdNjcRr93raOy/FsIO5pg+o0a9mYHmxir/rWGodXJ65jSzha2SNB4OV3GST1zPc=</GSProof><RandomValue>GISmrBcKLccTnlC4nt+X/wjayxyx7Dce7tOwtsd/GAxkHVqN+ngyVzLRhhTr+UmPR+WqtM+I2z/vSOvvp2Blfg==</RandomValue><AccumulatorValue>AItjY4OpV32VrSL8yvId+pqlJQGC14CipzV5FlpGrJioMOlMlbBkgVxSoBTpGt57BGqFq5RKsgwwTZUbzHNWfA==</AccumulatorValue><Witnesses><Witness>DD2iy0lcm/2JECXrJTT0e/fPmPRVQpvMvfSKZwJUwMqdMOt5yaP6TAQHWzng6/h7aanM1jGjfCLYy6ZHa5SL1A==</Witness><Witness>JV2Qtz2zIWdIzwrocN7yYET3DtGnDFgQgA0WpsG3OTnE/5kXjsMLuKU0FEQYVKE9kLSHP2i+O/wcLKOcZDFT5g==</Witness><Witness>C/5X+G2qn0CuK7Dk1rddcnACXFfoXCyD2mdJ7/Orvl8G8U5D+pvMiI0e9SRxQjgsyy1fQMgyUspMmKZH0JeGOg==</Witness><Witness>NdZLEXxq6MMsP/MNxRIcIVPBrGeiKvpI576XvSDF/HNFiGGMxp16lWWZdW52yXnyazig+plK0K9R1Ln3Ea2hjw==</Witness></Witnesses></Proof></Reference></References><SignatureValue><DSigValue>k951Hm6YaekP66aan17zbP+ktWEPCUMH4MdelHqylFUYLO8T7OfPVelAmY8Aia54QwCSLnh/japFPsha+TL+Rw==</DSigValue><AccumulatorValue>Luz6oeg3a8Fi1gMOjRbUEr86LllOA3TEkbmpOr051q9lGJ4cRMbxak35rZ0UhR0nS1FlGTYi8alRcqALYsFrAQ==</AccumulatorValue></SignatureValue></Signature></Vehicle><?xml version="1.0" encoding="utf-8" standalone="no"?><!--
  ~ XMLRSS - A Java Crypto Provider for Redactable Signatures and their
  ~ XML Signature encoding.
  ~
  ~ Copyright (c) 2017 Wolfgang Popp
  ~
  ~ This program is free software: you can redistribute it and/or modify
  ~ it under the terms of the GNU General Public License as published by
  ~ the Free Software Foundation, either version 3 of the License, or
  ~ (at your option) any later version.
  ~
  ~ This program is distributed in the hope that it will be useful,
  ~ but WITHOUT ANY WARRANTY; without even the implied warranty of
  ~ MERCHANTABILITY or FITNESS FOR A PARTICULAR PURPOSE.  See the
  ~ GNU General Public License for more details.
  ~
  ~ You should have received a copy of the GNU General Public License
  ~ along with this program.  If not, see <http://www.gnu.org/licenses/>.
  --><container xmlns="https://sec.fim.uni-passau.de/psrss"><item id="i1"><list id="l1"><entry id="e1">entry1</entry><entry id="e2">entry2</entry><entry id="e3">entry3</entry></list></item><item id="i2"><struct id="s1"><header>head</header><body>
                <data>data</data>
            </body><footer>foot</footer></struct></item><item id="i3"><data id="d1">data</data></item><Signature xmlns="https://sec.uni-passau.de/2017/03/xmlrss"><SignatureInfo><CanonicalizationMethod Algorithm="http://www.w3.org/2006/12/xml-c14n11#WithComments"/><RedactableSignatureAlgorithm Algorithm="http://sec.uni-passau.de/2017/xmlrss/glrss"/></SignatureInfo><References><Reference><Pointer URI="SignatureInfo"/><Proof><GSProof>VS7B7pr34cH+sVrFwK9O4C/dZuhneiipf1qwAepNufsmsnZ3JhbTDrebfo7tL3ne5YmWFqpqNCQcdbXhrb2MxA==</GSProof><RandomValue>bbhmqobmlwAPY9ZgXBy19Q4Tbzo2eSYkJi6I6uc8JIjEYckFZr70V2nFFJjYItwUEfJrdCbjVCekMOyI54+V4w==</RandomValue><AccumulatorValue>VEbR3weVMmg0/22DZQUdwQkrxXbouQbXAx4F8Ujk1pOeehcyseSn47LlMl2ak5S9NQPekGrDXDTwR/PXhCWmmw==</AccumulatorValue><Witnesses><Witness>GSswIcQuDSrWH9slDY9IeZcZTxRLhZyNdzGQLAOh638i9GKpJUqmRY/Ng5pzw7M9Ajog6D6EF8Ls0Q9L7bYPqA==</Witness></Witnesses></Proof></Reference><Reference><Pointer Redactable="true" URI="#xpointer(id('i1'))"/><Proof><GSProof>BJAkRCigEfuj18/OpSkkmFtoKS4xznSY2y61DHgAt/KSwVq9AXm4rVZi+dxSR6GENGJ5QAVPxzhL43oUTVB0+w==</GSProof><RandomValue>mV8+n72kIiCKmKfP7qQ/YEHqzukPCLdfxRU9UsBYdnKrozzT0o1jBvQwVlB+p6sNf7D0TdsHuMlcK3Tk08v0pQ==</RandomValue><AccumulatorValue>K+PFrIw3PGXb0k7TLoo2ZDIqM4nS7HvzD/waSKWt+2JbS9zauinexeUW5xMRbTrx2c3U5NxxuFgh6nEz/0xVRw==</AccumulatorValue><Witnesses><Witness>H0UCE6B1oMaxbzDez55TtbRSV9Z9pxC24Yl4oTeCc2khIUqn9qfrqhkwI8Xw6ncO4jrm1ow3YEl8hcWPvO+5dg==</Witness><Witness>NMXG25IJmog7dPLwjSuef08AOMmf8mRd31pLa6FFzNlwU11qYitHdXlbBeKXA5U91NOC9n51TMeNUVYGF6FPQw==</Witness></Witnesses></Proof></Reference><Reference><Pointer Redactable="true" URI="#xpointer(id('l1'))"/><Proof><GSProof>NqAeaUmkbSqHoFS8kuAlavXVcEIWqwNSuoleSqIOHQmLySiUkATpxlPTy0bc/NoJYzS09L+Q+X04rtsIXwx9UQ==</GSProof><RandomValue>/LuoTxaHnpc6AsBUM/nVJZZsE6Ff2/xTwZmYTvS+IDS4bmyKHh4w6xVNjAz/SFisE0Ki7iwQHHdK00tifNm/LA==</RandomValue><AccumulatorValue>BFUeyAL1M/ra5ylHYX9pCk2J32c8C6/PF40KCiheefHIRFlOBSxdBXJLQhvidaIwUmrZuagrojAhY+hGDgIoOg==</AccumulatorValue><Witnesses><Witness>PPVpwBc5hU7x/cm+8+5/dkqIbraGc5UL7dktio24zm4dmDR9UAUbmj5xMn1Xe0EQZa/nUkuf4dBwt44/j+am7w==</Witness><Witness>TjOFLbKoerV3pAsNYZ1I7fijlh811iCzAucTUn90Gey1u059Xv8wVmMaEXBJmfQL3M/xoKXJ6JyoZtWQ+QmWDA==</Witness><Witness>VGHzidgrSl93hjBFMmES4gOeiaSr+c+4ivNw8VSA/AKiCRIsjOrO60k/jqjHikFZ9BwPCJ5N4pMAsVwlYaqyXg==</Witness></Witnesses></Proof></Reference><Reference><Pointer Redactable="true" URI="#xpointer(id('e1'))"/><Proof><GSProof>AI+BLM3Uc06nGSB9ClWEwXEXhR6TkCCoNFjCee8jd5IpMiS80lPOCdQyZXKhUSJ067u4QutQ0HqztRyGlOOor5I=</GSProof><RandomValue>Q114J842ka8EwmVQvLz4suPlirN2EaSToxtUw+KC8/OY4PlQ+1L0EMGaXJOMhZYcZ73aQcKBtnvMBVWtaEErzQ==</RandomValue><AccumulatorValue>CxUl9iTJ6ZdyWSgIlPXRJvC6BJxqtX9NDRdQZ1iJaF67tnPoV+rgmO3teEcTIjmAbBM5p0aE6ht9we0/ELSBIw==</AccumulatorValue><Witnesses><Witness>Qk6HtNSMUu6ogUV6aaLZ23j9tz5pXNLbGrLix+4dHk1bzbcnyvEftrVIBtYENDSPvA8vUOWbLHCmrz8Ham2caw==</Witness><Witness>S4KovwhEXlhZeZWQRffLuXsiMSIxoznKERj60NGmnxlQ01aP1wBX44eFrXz2kCMj9/s5DkUJPbvTj3E04h/RXw==</Witness><Witness>Mpkaw6TO69GdUhCLqDUgvQ2v+xrP7sg28DE3oN1/Nf24Jj8AiJWBFtkWqgvfM2U7Y+xbYzAX4Rceh4uhf5YNQg==</Witness><Witness>CKmVbEkzOHI3lQdgLQhdqIclBnKtJauJhzI5xLwIq7d/5ZjyqjMSoMIm/zGEpzg/tQHVJTqlwnq3QfAp8peXEw==</Witness></Witnesses></Proof></Reference><Reference><Pointer Redactable="true" URI="#xpointer(id('e2'))"/><Proof><GSProof>AIG9v503vZOPuv6AHBh0U1IReEFyZ8hRky3ixTubVHrMnXhMJ7EbiIoR6emn2hN3HxOZ9jRT8nHX9XSbmQ9T6SI=</GSProof><RandomValue>kOP+aGM9J6O476jxyXWkIolOEioBQZkKIbXCjdjVfxWto5V03A32hvX0KGcRHikina9dLoi+mdLo+xl76bGN+g==</RandomValue><AccumulatorValue>Qca3xuRLOoGLAXPyjaPVJpBXPC+GYHomBAVK7iKCqX4daM1tZFTGQLC+6+I/9xfTp4jdYaGu/TZj2PNH+gc3zA==</AccumulatorValue><Witnesses><Witness>Do1fZOoZrA8uOrT52w6y+8STs6lIe8TBxG4GpXtjAu85lWKPOn/rNyd8B5oNHgnWpp2p0+SdObR0gKFWEIUe4w==</Witness><Witness>LChCXR3TgCvd4hUaBSs3YDuPQ2V7HnEKOLQn7eCAhBsSYkOe/0DJ0zJkWNTrN4akI+BiZeVwLhTmnZP/mh6sVg==</Witness><Witness>XLBMtN3Iy5D/QtY7jfXyswJ5DMiWdMDBT5I/nlrJ9ejVC0GYg/4rG5Ams+bOoFvOO6Q8TBlnYMmBKo1S1A+S1A==</Witness><Witness>Jjk03weOdfXeP11+TgQW9698X5Abb1Q3Mw+z9J0TO6tEyIp8voEkj8IODVL4sJYSJkUXW5XRIGW0SerDpxPnog==</Witness><Witness>HF2RSSyo7sJGc4sHBSQmYawF2Xpx5BJ9LxAYzIOsIP5jIy1Tkljf9QgAizYuP/9WdyomeJ2uoH0o3bnvFXdYqg==</Witness></Witnesses></Proof></Reference><Reference><Pointer Redactable="true" URI="#xpointer(id('e3'))"/><Proof><GSProof>KslGQYeIo8+QORK8hP89HdOvG6imBKs5tiIfQPEuo2Xye4FnGsQ0cReMh6NQYKqKW23lha+W4l/oURUvri9GZA==</GSProof><RandomValue>lPDLHdIH/ZCmPLT1uG9/HAMvdnSd6azn03TnOiLeqAaz5L6WXvHrXB3IRP/ulKoYFLBwqKS9wMz8F3t2nH2how==</RandomValue><AccumulatorValue>G3EZQid6O9QfLUrbej5uXAJhJBIFAA/PBHYos4ZqIKXzyZGZVt0MPDRs/U9GQtc3AXofMeIu1YHmX53CITDNNA==</AccumulatorValue><Witnesses><Witness>Mt04uJGxwQz5vRVNeZIlaJ2KgToouYaewTmpq5i5w8I8VK/IWZ+g70TbJY1keWvkf5i4oeMoe9lYr8SqZ6M4qQ==</Witness><Witness>VJODjisxdJo0SgUj/cD27ruS0csXev9AJKbQeTWlQiFRbsqmwEIQ7lboLxZ1oW1Jk+h1wPqtSzcyAkd6LGti6Q==</Witness><Witness>Knx7wKttZPAJN1OuS8bc5DDxMjdgeJaZ4JpKQdc+7HmOnVpoj5ON2kWCaxRmfqLbpHj7o7QseU57YXP5MY2vdQ==</Witness><Witness>M0tlVVeVcOa5UN1RNHmPoUNMkfBCzPceShZiMz9I24L06aaAs87z1EPNG6a4G7pqMdXeSs5KdJAEzhErQEYPig==</Witness><Witness>LNd/bPQ12Y1hHogZpRRMSR0ZhZ4UQalG+baE6QxUFpLFp17EU8w0hhiPiSrc+lnpZsPTub6Xh6zntkjXQcJ/yw==</Witness><Witness>K2dQjCHw+xXnFP/+Ta+pcL6S208FRs1V8rhRk3eKRi57XOcpXApFlnmGO5uoefWT65b4ZFIeF08IyI1ebPq2DA==</Witness></Witnesses></Proof></Reference><Reference><Pointer Redactable="true" URI="#xpointer(id('i3'))"/><Proof><GSProof>C8skrSdvlS/Hc7VeuLcuPLv53WjRORg+Xcw5w5ixUKdANZNPf3Dqq1Y40U1EdHXsNl7cDujaFzhMFihBCI2Pag==</GSProof><RandomValue>v1D+HN837k5mzutwK/+bJV+6c+wU1S5qLt5ZEvYFhrV0hTEGun2E6cr/X6RBtx6ThbT6VZmFtkQLsP1LziTqGQ==</RandomValue><AccumulatorValue>GB2w0dGzR58+WA9/jpxqjTtMsbgdMxLvQR/jqakHIhS9q1KCKNkewm6JIYHBOpLtOZRsn7pNzC02YpeJ7sRuig==</AccumulatorValue><Witnesses><Witness>SQk8GjA0ai+a9X349FIl3tVHT0M3ksL4NrJxGBKx7lxjhA23cSVn0q7SvzXEgIvYphATa6xiFJHcjJOYUgP9Ng==</Witness><Witness>Fyfdvmyid3L4UpMlt9SjrvmkV/LnlSbBGvQTPuo3KArUhU8qkIK0i6ndZFm4/vzeMwPcQUecsE2nz1SmmC39xw==</Witness><Witness>GP898cKGGLxo+5hPRz3C/TUIHfvSbmYx4h7lzjWoQz8uZCDx2Nc9PNUkS/2GgRutxcJPDG/SLvP7QPDVuKUBJA==</Witness><Witness>G0VhxF9MJtDLBfk1vnkMXIgBL3eM3GcMi9B5X4jX5PYnKoynzDfLSGcpeM3QHkICmW+MqZiWwN9+ZZUxWP4dIg==</Witness><Witness>BDgvwHeSebzon7eBOt+Ej0kRVIchhcTTNE37YGi67+G76LNpev4VmLGlZ29ZGRS3N33dpHpXDcLel1VWtQBpRg==</Witness><Witness>O1QIT70ETS88RHytvaMx90A+kaWDN9U9d9cJUNbSRZUYagsAMm9vJqsy93FjZV47t/GjcFbpgAZRM82Uik7fRw==</Witness><Witness>PFwBKrs2Z9VIOyKe4fdxY5Ud9svZJbKuS2X09Q1Jq2CPVEpnnncM5ktdW9f5SIZiHC/5RBFQ2C5yqn13064MRA==</Witness></Witnesses></Proof></Reference><Reference><Pointer Redactable="true" URI="#xpointer(id('i2'))"/><Proof><GSProof>Vfpy//Pq2ss/EnPzpx7mDCYyqgUCidOYSfIiwhm+B4POebN1yx5HEhEOcBbK2RLRjFkKXSvVzJR8X8jKEbqEmA==</GSProof><RandomValue>1+ywOp7KRaS4aedYzk4rDXJz96FdW9nM1x0vC/UTUP/xAQnwvYErotDrmq3ozDP9kCKPZLsfcEpYWKAf4TvbIA==</RandomValue><AccumulatorValue>N/MxKK5SUVgmDb29TQF+CGw5HLlAqGQFZBVqnV2ahAQgVfALRZrtFsWd4B4RMQMpAofoxqF4S4VuLeUtI1kB5Q==</AccumulatorValue><Witnesses><Witness>bM6va/0iwsKijtYgABmnKsTkRu3kPaiX/xtdqPEO/TiUa6BO0XvbEN4VOt4yg90RDMun+CrRkIki6Ccw9XZ0</Witness><Witness>VYr9Ai+Qi9B168UZWLDxXTMrLT2t3C5APJf3JmhLB+IgqZVSA9FChf3io1ztc6ulxy+2zWq4cKoeLh+m6kYSVw==</Witness><Witness>DaSUc9iGxR/Th43UxM5jnedpchplbBwl3LiF+fc9kdFhJpcu6/9dJ13XcldtKzl5iZom3uW51jQwUPfEPmQP6A==</Witness><Witness>L18igS1ZtolHUIl3fXV7JjIY2+v/LPxQ3IGOoFe4xd5/waOj9MDHS87Js/rQ5PIxIG6GWqRWGrWhR32TukXEkw==</Witness><Witness>GIwYt6FfXLdfeL92mVt7V2HVLFb7LJCsL1/VzS/oO9+YwYnsEosgcxPCwQcVnYcRuWxW6dDDM5rnjUnRyNUquQ==</Witness><Witness>QKnlKrEuKKi4b6N6koEPEE5BNGKdz/3+LjzHLngW7MGBY9WfUmFKEvF2CDr8td4BwPskcXBziK67ea71pAncNg==</Witness><Witness>CV6v6l+fl2/I+BW9ZGE3KzIV/1+9DJHqVRdqjtVFh5sMsqHrQs/nuRjJvzgrgiJR6fFInzCKmRHfGo5AxZTQHw==</Witness><Witness>SWL1RjFdEqgID3DDKyWVziCzJk9e9XVSDvTBoekf3JH5gX9ISC3LcdeiNBRlqBgvW0RTPOMxCkQHi/nNmL3VHQ==</Witness></Witnesses></Proof></Reference><Reference><Pointer Redactable="true" URI="#xpointer(id('s1'))"/><Proof><GSProof>JVUdq7+m24C+mt8O1cfR80ZuOrvF/Kxb5yq4Ay569U+eZCStc7u4oxv5PaBC2qqAU0oPbq4A2sjdwn100+AHlw==</GSProof><RandomValue>e71NZGo9QqAhiJz9lnIPmgsbe8AFOZzO62B40pDejPZqr9idufon+odmgUyct5WZFWucyoTV3hADXNjJZeTwtw==</RandomValue><AccumulatorValue>KRzWsOgK3NERlFBMygyPWkdxCEzV0b6MOcKaKhA0mYRy+EPpn37VGJ0lZgYR2WlVnFCPU+Yp2lQhurlq+bkOWA==</AccumulatorValue><Witnesses><Witness>MX+Fzf4dXKXVl2ZLvxwq46G3TPQV6s4xUDCA1NwBthp2BmjadtTfkWFWNM3araeg8Nd68jhvDkL23qVhxHOhTw==</Witness><Witness>VqQGZVjhWS/qNXJ0HYtwOOCvNqdHnDrSGJzTFidZ7X6OeqH4VV8UqFxBLbDKlg4ECXsMXDO7504mm7TlmfKz7Q==</Witness><Witness>EdihP4Vmrc8TyDzEf4Eq7E57r28ssgKYHS5h/HWE1EXvgMSeeCAoHz+2nACXV7OghRBgiIoBCduDAlqcHM3EWA==</Witness><Witness>VVUuDA1rceGZgWh04l+mWYCnSsRiVAqAULwbPMbAEwnAQ7e1EsFjQfArCC5GwJaoGQmbLlimD/W6RnPq9DvhcA==</Witness><Witness>GVv8leYfzRdsNcxHcm4TpgYmXsnIrmJcmQLGVe2Me3lqx3wZVQ8/8ZpdrM8ClVtoLqkqGNlRQwX6ILbnySEF5g==</Witness><Witness>MRXyGdIqD3VXg8l0M77if/f7YBt0HHxuSsEh8dJRMIwXaWF5wxisOzH1dQ4rP+UX80gKG9g/hJYP1DOpYgVYwA==</Witness><Witness>UsDysU/BLM7NGpiM0ftqWtewKuHMvlIyE+LWQYLAIS6yKCm2okZhuipGpXFzAFUu4CbeACLvLsW3Aem3rpoF/w==</Witness><Witness>EDl3QaZIZiB1lrU7bLm0E2umwq67QUjwFdzPCl+tlgXceU9wG8Qjo4055RlgvrNVeTGkWVpzCCj5D+JahYaRpQ==</Witness><Witness>DCkAa9GDu/mQ+XVhBTQNFk7f4KRhOC6c1yL2EQkcKLciGc9VisjnGmx4zHtkosWeRQoDomZD40tEbeQyN9U+LA==</Witness></Witnesses></Proof></Reference></References><SignatureValue><DSigValue>k951Hm6YaekP66aan17zbP+ktWEPCUMH4MdelHqylFUYLO8T7OfPVelAmY8Aia54QwCSLnh/japFPsha+TL+Rw==</DSigValue><AccumulatorValue>GUu0lXvdhR4Or5U1C+4Y69q0ycfGgvpkdpHmF1kW/w8pfGVPIYmizIFD/llv2s70jHIjBn2P5eWgwJouDLhjDA==</AccumulatorValue></SignatureValue></Signature></container><?xml version="1.0" encoding="utf-8" standalone="no"?><!--
  ~ XMLRSS - A Java Crypto Provider for Redactable Signatures and their
  ~ XML Signature encoding.
  ~
  ~ Copyright (c) 2017 Wolfgang Popp
  ~
  ~ This program is free software: you can redistribute it and/or modify
  ~ it under the terms of the GNU General Public License as published by
  ~ the Free Software Foundation, either version 3 of the License, or
  ~ (at your option) any later version.
  ~
  ~ This program is distributed in the hope that it will be useful,
  ~ but WITHOUT ANY WARRANTY; without even the implied warranty of
  ~ MERCHANTABILITY or FITNESS FOR A PARTICULAR PURPOSE.  See the
  ~ GNU General Public License for more details.
  ~
  ~ You should have received a copy of the GNU General Public License
  ~ along with this program.  If not, see <http://www.gnu.org/licenses/>.
  --><container xmlns="https://sec.fim.uni-passau.de/psrss"><item id="i2"><struct id="s1"><header>head</header><body>
                <data>data</data>
            </body><footer>foot</footer></struct></item><Signature xmlns="https://sec.uni-passau.de/2017/03/xmlrss"><SignatureInfo><CanonicalizationMethod Algorithm="http://www.w3.org/2006/12/xml-c14n11#WithComments"/><RedactableSignatureAlgorithm Algorithm="http://sec.uni-passau.de/2017/xmlrss/glrss"/></SignatureInfo><References><Reference><Pointer URI="SignatureInfo"/><Proof><GSProof>VS7B7pr34cH+sVrFwK9O4C/dZuhneiipf1qwAepNufsmsnZ3JhbTDrebfo7tL3ne5YmWFqpqNCQcdbXhrb2MxA==</GSProof><RandomValue>bbhmqobmlwAPY9ZgXBy19Q4Tbzo2eSYkJi6I6uc8JIjEYckFZr70V2nFFJjYItwUEfJrdCbjVCekMOyI54+V4w==</RandomValue><AccumulatorValue>VEbR3weVMmg0/22DZQUdwQkrxXbouQbXAx4F8Ujk1pOeehcyseSn47LlMl2ak5S9NQPekGrDXDTwR/PXhCWmmw==</AccumulatorValue><Witnesses><Witness>GSswIcQuDSrWH9slDY9IeZcZTxRLhZyNdzGQLAOh638i9GKpJUqmRY/Ng5pzw7M9Ajog6D6EF8Ls0Q9L7bYPqA==</Witness></Witnesses></Proof></Reference><Reference><Pointer Redactable="true" URI="#xpointer(id('i2'))"/><Proof><GSProof>Vfpy//Pq2ss/EnPzpx7mDCYyqgUCidOYSfIiwhm+B4POebN1yx5HEhEOcBbK2RLRjFkKXSvVzJR8X8jKEbqEmA==</GSProof><RandomValue>1+ywOp7KRaS4aedYzk4rDXJz96FdW9nM1x0vC/UTUP/xAQnwvYErotDrmq3ozDP9kCKPZLsfcEpYWKAf4TvbIA==</RandomValue><AccumulatorValue>N/MxKK5SUVgmDb29TQF+CGw5HLlAqGQFZBVqnV2ahAQgVfALRZrtFsWd4B4RMQMpAofoxqF4S4VuLeUtI1kB5Q==</AccumulatorValue><Witnesses><Witness>bM6va/0iwsKijtYgABmnKsTkRu3kPaiX/xtdqPEO/TiUa6BO0XvbEN4VOt4yg90RDMun+CrRkIki6Ccw9XZ0</Witness><Witness>SWL1RjFdEqgID3DDKyWVziCzJk9e9XVSDvTBoekf3JH5gX9ISC3LcdeiNBRlqBgvW0RTPOMxCkQHi/nNmL3VHQ==</Witness></Witnesses></Proof></Reference><Reference><Pointer Redactable="true" URI="#xpointer(id('s1'))"/><Proof><GSProof>JVUdq7+m24C+mt8O1cfR80ZuOrvF/Kxb5yq4Ay569U+eZCStc7u4oxv5PaBC2qqAU0oPbq4A2sjdwn100+AHlw==</GSProof><RandomValue>e71NZGo9QqAhiJz9lnIPmgsbe8AFOZzO62B40pDejPZqr9idufon+odmgUyct5WZFWucyoTV3hADXNjJZeTwtw==</RandomValue><AccumulatorValue>KRzWsOgK3NERlFBMygyPWkdxCEzV0b6MOcKaKhA0mYRy+EPpn37VGJ0lZgYR2WlVnFCPU+Yp2lQhurlq+bkOWA==</AccumulatorValue><Witnesses><Witness>MX+Fzf4dXKXVl2ZLvxwq46G3TPQV6s4xUDCA1NwBthp2BmjadtTfkWFWNM3araeg8Nd68jhvDkL23qVhxHOhTw==</Witness><Witness>EDl3QaZIZiB1lrU7bLm0E2umwq67QUjwFdzPCl+tlgXceU9wG8Qjo4055RlgvrNVeTGkWVpzCCj5D+JahYaRpQ==</Witness><Witness>DCkAa9GDu/mQ+XVhBTQNFk7f4KRhOC6c1yL2EQkcKLciGc9VisjnGmx4zHtkosWeRQoDomZD40tEbeQyN9U+LA==</Witness></Witnesses></Proof></Reference></References><SignatureValue><DSigValue>k951Hm6YaekP66aan17zbP+ktWEPCUMH4MdelHqylFUYLO8T7OfPVelAmY8Aia54QwCSLnh/japFPsha+TL+Rw==</DSigValue><AccumulatorValue>GUu0lXvdhR4Or5U1C+4Y69q0ycfGgvpkdpHmF1kW/w8pfGVPIYmizIFD/llv2s70jHIjBn2P5eWgwJouDLhjDA==</AccumulatorValue></SignatureValue></Signature></container><?xml version="1.0" encoding="UTF-8" standalone="no"?><Vehicle><Aircraft id="a1"><Glider id="g1">DG-800</Glider><Jet id="j1">Airbus A380</Jet></Aircraft><Watercraft id="a2"><Sailboat>Bavaria 36</Sailboat><Motorboat>Bavaria Sport 29</Motorboat></Watercraft><MotorVehicles id="a3"><Car Brand="Audi" Model="A3"/><Car Brand="Audi" Model="A4"/><Car Brand="BMW" Model="i7"/><Motorcycle Brand="Honda" Model="RC212V"/></MotorVehicles><Signature xmlns="https://sec.uni-passau.de/2017/03/xmlrss"><SignatureInfo><CanonicalizationMethod Algorithm="http://www.w3.org/2006/12/xml-c14n11#WithComments"/><RedactableSignatureAlgorithm Algorithm="http://sec.uni-passau.de/2017/xmlrss/glrss"/></SignatureInfo><References><Reference><Pointer URI="SignatureInfo"/><Proof><GSProof>SnGUriMRF14jIA516ci40BIDEHF60vAjAmdPgQ2bG6L99LHwP2mpgSa3oleepJL5obq3QrgBxW6Q5LplnmjK5A==</GSProof><RandomValue>YTRivspE3AsMSJG8cEf12qIg0zWciDsYwUM+4rGuTsw01wQu4IsWSNiB/D6aMIhEN/oK3O/RN0DtBuS5QSvFNw==</RandomValue><AccumulatorValue>OIwkq5EZn83Ly60ZTw6Zws70X9ByblSmR07nXtt0jQYG+S56xJx5oyJkGzIUOYWivJ0pw0YtnVd2VOP8uqvViw==</AccumulatorValue><Witnesses><Witness>R3Kicddilj1cROyDq55fceAeUyEDTJr9aAoQ0pDlUG6lLHULliK8WMC6ZUQkg3BbUdHHHwhr7xVDCVLDVltECA==</Witness></Witnesses></Proof></Reference><Reference><Pointer Redactable="true" URI="#xpointer(id('a1'))"/><Proof><GSProof>WcPcTssQzSw3r+QoKr0AR0Ma6VucSM+P0iraG0evtA6CYpaa1lHgZVEfO/KkDXlgg3RKqAXLxjY80u7CxEHyAQ==</GSProof><RandomValue>aNfYUkfMwnbkrQke9aXzDm8dWW4dIXY8ZkfL1IdBwiZsCfR3twEggemIoszFktIYeQmgmCh7dR70+iXU5Rrhiw==</RandomValue><AccumulatorValue>Si1IT/vLBl0JfISQL0WNkPvfWQYxHwHD2vi1peqv7gDbgqovL2GSkJR/hQazt7wRP7ZHirwW9tsoxu2bKNKU6Q==</AccumulatorValue><Witnesses><Witness>JwU7r+rkSVptWabjeFf2ua9V/RAE1hQY3glHdloPxMpQyf2F78dRpVuTuuRq/e6PLp5KqAuHtreJFg4gfKGWXA==</Witness><Witness>LgupUylQMvsIGAyRsKC+KMJpbcQf60POpAkN/2yMZMUPchGjIJXuYcTx0w0jW7Z/bigb1AWkdoL0kSdv7V6kRw==</Witness></Witnesses></Proof></Reference><Reference><Pointer Redactable="true" URI="#xpointer(id('a2'))"/><Proof><GSProof>cu/wnd+YUpdg9wCteFadlZqrCZB/yQZP4i+0z3yLXbmflyTCydn6BWUTZySq/9DOrMxGRhi4cG28fj0IG6UzQg==</GSProof><RandomValue>mH+X18HhgZ1WAQoyp8wBaI/5uIHhQm/Ap3A5TXhdUWuo5l0aqtqpPg7C99U44PXT8bZON0iCe+C/aiYS4jgRKA==</RandomValue><AccumulatorValue>RzzTgmclX/3rCcXRXSsRBQ67buF910qeYC/2Ixy5wH9D5zc4CPR9Hgdw04uHqYylQidxb8WS7K2inSOLWWx9IA==</AccumulatorValue><Witnesses><Witness>VuEsS9/JbvPgAQSsIaWW7FxLpbXqWDcM1WUdBg7DFM/AUnOMeqGyiSZEKjriKCceIFcejxZYLah0Xj9uch31/Q==</Witness><Witness>Ffzs9jZJoXWQSBaDcUBMRuyKeVf4AiSKCoGy1VZ3fEFyzZwizhde5ySpNFn7PA987NeUTflpnE0+yGbPUDeAlg==</Witness><Witness>P/E9KaSl93RNezivqFZQjaAPR5aFjtCof4t+TVJ9ZAapy51hkKc+DvJZKwSfkdAGnzVIqZnGIBvi1yzKDZETUg==</Witness></Witnesses></Proof></Reference><Reference><Pointer Redactable="true" URI="#xpointer(id('a3'))"/><Proof><GSProof>cHjq7Qmwxei82yHPISIFzpyLDzkLtQhTCwwJUzOtOqPGIzBDF40V3b/OFO+LcFhOj9d8bncCosg0Tq5k2X0Pkw==</GSProof><RandomValue>m6A8/Oj2M+MwnVE7IwcXByD8jNkKD2vKG2FMd59HlcI7SftNzyX0Dg06n1YMsJno714j5acxJH+u/KOJY1HnzA==</RandomValue><AccumulatorValue>AXcTg+LaFm3YGHaIBTcPBvPsN7yZUb+ZdNkpaivgSVRk2+456L5mto7bUHYlC3NoKEuasZ69PZfJtMSA92q6rw==</AccumulatorValue><Witnesses><Witness>NAn9qfE/uIxsqBWPGc/yBszi9Kok3V8JoGIyECaLCErp8+MBMS0oOghF2X9rP1sTDyQ5QLB+338QJdzLyk+CNQ==</Witness><Witness>IiGNvJohoLyJ0o94mDtMDI8N6l7A1GCjwVoaauADLXUxTiPZ8iUfujC4CubGYUFUcCdDxWl+e1ae9FoUIEZYrg==</Witness><Witness>HjHed+rNZtrjM95GnP5bDCobqu3IobXJNWmjq5pkfeuZ0jJPAlvJCr8By/F2LnH+qbbj9ZChGgNtlSjqohF9nA==</Witness><Witness>GCWD4JKUzjlaCwy57cdmMFswPUkuwpcwZLWvQh8bUrt3JWxTn/yzma9d8hK4nl4OeDdc0Tkt2eSHyVIL9hkk6A==</Witness></Witnesses></Proof></Reference></References><SignatureValue><DSigValue>k951Hm6YaekP66aan17zbP+ktWEPCUMH4MdelHqylFUYLO8T7OfPVelAmY8Aia54QwCSLnh/japFPsha+TL+Rw==</DSigValue><AccumulatorValue>HhdL05e6+zNKiCMIXnSnzhAULQH3Uo4R/wM3bvfqZNfjvS4zy89qqYzOazQ181x1e+EXZik8fCDA2iF3hc7KUQ==</AccumulatorValue></SignatureValue></Signature></Vehicle><?xml version="1.0" encoding="UTF-8" standalone="no"?><Vehicle><Aircraft id="a1"><Glider id="g1">DG-800</Glider><Jet id="j1">Airbus A380</Jet></Aircraft><Watercraft id="a2"><Sailboat>Bavaria 36</Sailboat><Motorboat>Bavaria Sport 29</Motorboat></Watercraft><MotorVehicles id="a3"><Car Brand="Audi" Model="A3"/><Car Brand="Audi" Model="A4"/><Car Brand="BMW" Model="i7"/><Motorcycle Brand="Honda" Model="RC212V"/></MotorVehicles><Signature xmlns="https://sec.uni-passau.de/2017/03/xmlrss"><SignatureInfo><CanonicalizationMethod Algorithm="http://www.w3.org/2006/12/xml-c14n11#WithComments"/><RedactableSignatureAlgorithm Algorithm="http://sec.uni-passau.de/2017/xmlrss/glrss"/></SignatureInfo><References><Reference><Pointer URI="SignatureInfo"/><Proof><GSProof>cw6VOkhOX8uWull98yICZw5eJiin+hrs8G39WngZpzKw7yHNSyQN6q6nni4eoF2GHOxzhe8gBgiTs+lLL7f0+g==</GSProof><RandomValue>4g4ulb3IyZgI3ORTOIwJcrPJszPWdocpy6e274ZdKJp1mwh6D625G4YHb/DXfhY1oNnzr5dAPndXCaHMzzfmwg==</RandomValue><AccumulatorValue>C7UXnA8uxuxA7ydY5uYqjyFM1NAwxogiUhiJsgoqAkG6ctvyUTeKWxcjulMRm0VOWDtP9kC1tdw71NTRME9esg==</AccumulatorValue><Witnesses><Witness>J6uCIxcGwAGQGdDEi1pYkYCEVLmdiLn4f4n5KrtPTB9aSikLzhIQM6zLPLgQwTtIkIvEez9f4j2lPZvHMS985w==</Witness></Witnesses></Proof></Reference><Reference><Pointer Redactable="true" URI="#xpointer(id('a1'))"/><Proof><GSProof>Lq6KfgjuBJ1IdLjBw9uAipUEbyzVsMDSJ6WMEvCKRaYsTfihrUsKZM0fNVVxezM0JOs3CCg+/wBi1ycH++j5yw==</GSProof><RandomValue>kEnv7bwSplPAGNZwvkxM11BQQCogjoRtmoryu1WOhem3iIS3T0LIE0Fszg0Wl2aPFNCXNcYcZVmxOyC/RlD0eQ==</RandomValue><AccumulatorValue>NQxmmu4NrYk9cyK5PZY+v8P/N9g4ckXUA4GL2PC0SxyuLm5Y1VGIlfiz+5xJIuK1b7ktQtQ9Iw8w2Cufka/Ubg==</AccumulatorValue><Witnesses><Witness>JpFFnDjf8ZRvmfx8zV5ta9T+H2wcXYmK20W26dakKXojWcoawCP9mRUuvLj/Uj1pGHOjRI82CQMnD2l5DaqInQ==</Witness><Witness>KEKZFQC8gWKDEjB8boPeWuIMeW7SwP1+girlC7c6VHfmXnRilqCJgrAWJpRxy/9jT5BNo1wRgH46xteaK+x0+w==</Witness></Witnesses></Proof></Reference><Reference><Pointer Redactable="true" URI="#xpointer(id('a2'))"/><Proof><GSProof>XHl4/EHT3J+77kdrcQWlPpVA2SYiEzd6sC2Ofj8wepY/zguijis7w0SJ1M+UZaRGTubMjpAY/j6KjEdWz9n7ig==</GSProof><RandomValue>ZV6XG0GHAdmk7iC5KoSwgq+bgTlypSm8Zz4+88GFo84T2z5CUVDhnozpTP0K8Ycp2eLGm47v8EcjRRiV7gytiA==</RandomValue><AccumulatorValue>TjFWFDwXWcMQoOWZJoOWCxvNVXMB6wdkjLDw2YCP4SZeH2+1kSKJ1StiFM2nQi3m+h7RQBO04B0sCOBtmHau0w==</AccumulatorValue><Witnesses><Witness>Pyiqq+ZB7Pdlznucdo5tlFlrpsQoU/mysShtkgzTIO5plQtcP8ixYyFxBRhv1WXHrGPks7zijFoU0UZkJe6wNQ==</Witness><Witness>HYox5fJ+5MmFDnGCCR36SLfcIeny5xlNWRKzTHsh2l3mbMcpJHkUjwCT7B1huF3wXBIAV7s6N43OnEozHJPP6g==</Witness><Witness>GBxpGl/tsAkX27V3NRaA2++7ycSQsUqMi8K6NF5inesJaIfYEfCuj3ll9Ef3N3fkDhOXRLBXODUCRa9UsvvniQ==</Witness></Witnesses></Proof></Reference><Reference><Pointer Redactable="true" URI="#xpointer(id('a3'))"/><Proof><GSProof>Yrqx2icmJZTaBphSXJRxI3FRfNSzFa22EcmRagUBNBeOata4myPbqEKwKG1ViTvTFdwWqsWkE93PVpln3tYcsw==</GSProof><RandomValue>LJs7BuauRTpC7WqtE9I/8S6vkqwY1GT+jEblO31bft28Ua598bZRUyHBP65W88p2Ia4OWyuvY5dgOp+1ysNL4A==</RandomValue><AccumulatorValue>VKuv53uI1ikZlqabAmMuq5AWaw4dUstwABU075j9bD27+2huyYy8cDbGoSvuG5+Olo5LHQlqOREQLwS5Ho0wTA==</AccumulatorValue><Witnesses><Witness>LiruYGMzrYlEjpReZtj8zMTzuoznkCYV0VAneq51R5/RkxJ+6ezhqftP4m++6SbEQM6Bi0HHgSk5Nhhk0J/FTg==</Witness><Witness>ONqTgcwWeyzodDxV5Epa8U7a9A/DGRRO7vbdbjghLzQxmAgYh2gLdli6zaBG6Tku0RWT/jR7t3whcPUHWBd6zg==</Witness><Witness>PVNv/D57mC7RrotRiMPGdPyw40hVlkF7oI+yRwI3ubpyruQI8jdnhYqsgGlJjs8SDGyROsetfmfF1eSfnQC6Kw==</Witness><Witness>KdaXm9tjfTc+fW5X4O6EWdnAkHuq8mtc0mxcxoRlY9DF9XKIWfTGSXCw8vO2/KcEqp+dMtPbMMiS0u0zaWdVUQ==</Witness></Witnesses></Proof></Reference></References><SignatureValue><DSigValue>k951Hm6YaekP66aan17zbP+ktWEPCUMH4MdelHqylFUYLO8T7OfPVelAmY8Aia54QwCSLnh/japFPsha+TL+Rw==</DSigValue><AccumulatorValue>Gl8ghVRy+s0OgYcsWHQUlt3TxgdiLtENaopMSQjqPDvp4d8gH39TgejCj5SAmN9SuPlO1rkeE+ni1rMbkSgIeQ==</AccumulatorValue></SignatureValue></Signature></Vehicle><?xml version="1.0" encoding="UTF-8" standalone="no"?><Vehicle><Aircraft id="a1"><Glider id="g1">DG-800</Glider><Jet id="j1">Airbus A380</Jet></Aircraft><Watercraft id="a2"><Sailboat>Bavaria 36</Sailboat><Motorboat>Bavaria Sport 29</Motorboat></Watercraft><MotorVehicles id="a3"><Car Brand="Audi" Model="A3"/><Car Brand="Audi" Model="A4"/><Car Brand="BMW" Model="i7"/><Motorcycle Brand="Honda" Model="RC212V"/></MotorVehicles><Signature xmlns="https://sec.uni-passau.de/2017/03/xmlrss"><SignatureInfo><CanonicalizationMethod Algorithm="http://www.w3.org/2006/12/xml-c14n11#WithComments"/><RedactableSignatureAlgorithm Algorithm="http://sec.uni-passau.de/2017/xmlrss/glrss"/></SignatureInfo><References><Reference><Pointer URI="SignatureInfo"/><Proof><GSProof>ODBpyTSd9gajC8I/oDdAggE6Pj8ataRQthWjeVb6qRYCdRb8HlseieZIMXiCH5VzOXaMEeG0kyzscsgmij3MEQ==</GSProof><RandomValue>jNhRq2BSk7CE8L2C+S5A8hUFPZL5NnGnXiA09PhnnBKy3YsGkl27X0HpOfl34SP20k+KXN9xgnOC0xWxbMBcEQ==</RandomValue><AccumulatorValue>Sy+39eQLVg+AT1/xsMXKQMli4f/fjMqyo6VaSk+MtDN5zAbBWBEVa/DthVVqtizr9lRzgynFKq5S68elKhOY1Q==</AccumulatorValue><Witnesses><Witness>D93qcsx3TG0BMD5heat/BiFIkdLKsq7Qb9V3wLbLqenKupJyCwnnxI76voJIA/DQWz2sXPhr0uSDDUinKtMxJQ==</Witness></Witnesses></Proof></Reference><Reference><Pointer Redactable="true" URI="#xpointer(id('a1'))"/><Proof><GSProof>FqARi3Ktk4NRJOR5KY7uIuA3B/Y9ODNrSxY0pAxhCZmMyCwy3Lx8xN+Q9rZcTSZDG57ugqIvUn2aSqKod64c3Q==</GSProof><RandomValue>QIv1BAc1IdtyeBvxaC5p8IkzCpocvMFxmaxkwdlNG8Jz3guTDxJODXYRfzgVOF+VcYJNp9IfhNvTV8pYrcxbow==</RandomValue><AccumulatorValue>MJ0Quhdum5Y0mY4Dw/N9gqINzAXMvxogcK2fJwy7N4h9w/nODSvhuBwIDGAaZB+L52aVSGQk0xk5bLkiq1W+oA==</AccumulatorValue><Witnesses><Witness>MFLofk63ihJApyBN4O+0QIgx84th0ZwS5z0FQ1JBshSCXQlmLYom5QxiGK04cbUTxx8dyEW42LwYkJqnTJbVjg==</Witness><Witness>NtrKSpJnNJagGxHseddOxSezgXHBs+E+aRYtBIENFl7QNx6tBjWoE7XNK2JNUgOJxGhPxevOQ6JKZpC2N1kUCg==</Witness></Witnesses></Proof></Reference><Reference><Pointer Redactable="true" URI="#xpointer(id('a2'))"/><Proof><GSProof>JgcHxthDe3lngoGlUiaBCe1rj+HpXWYzXwAC09AYixfu3i0lnC2ujCcMaYu4UdFIEkj3QcY/Dm9V0jtbLgBn8Q==</GSProof><RandomValue>Mk7caQeU46RnhTDBdmLKVQUd7FGWSIV8cUuJ7OWXxz37tuQcVO8pL5jQUQofpgUA1H2ziwwe26s2i/5uxeR3pA==</RandomValue><AccumulatorValue>WFI1Pp+vuU6y5WbTCyYzoZnQGCQWLfLrPdXGi0k/jvpn4aKk9U30wRc6/RcdPjmGwudgNPoFK1GxtEtQdUc0pQ==</AccumulatorValue><Witnesses><Witness>UeX5a5/y+EFUQLQboluwcuROWISxmY1LgJYC6L7FbULkH9kUR3scOYUyOCG64xaYZgzUMUYAuRbt+m/OTnaTcA==</Witness><Witness>SzfpoRusiWssrsBjsT/TziwtFs19C8vxcVYv8lZlp6UCFYL7pC538CKVte+35vFoNcAf5Cd207pvz2eE5R/vgA==</Witness><Witness>UABagM933eQJca1U17XdYCSJbGSKbrSydVZQarQqmCIeOfz+HwLHiaocMsR4rvqSXYfzcNkSQWFpJvCE9FhTcw==</Witness></Witnesses></Proof></Reference><Reference><Pointer Redactable="true" URI="#xpointer(id('a3'))"/><Proof><GSProof>SwlZPeYFmSZDd+qBrMIY5PBGEIXi3RCWfaYqTeFk8cqnj3OmdEKNaM2O04aB0EfouVPOsTT7pwZITD7QKHog7w==</GSProof><RandomValue>iJGD09c8KAg6DyelUfGoV1FU/CLx7CTlR/cx9KoOH3SVFvUj8bzB4wzaFXGBDndy5zAGjeUuAquCA885NPoa0A==</RandomValue><AccumulatorValue>VSKtNvSuU8+pq8/vZFW8AOtsn4vjbyM4EuB2OTRtaNkp7YzbBCmeKdguynJ8poujmHrMybnesVEw/8j3zKCBsw==</AccumulatorValue><Witnesses><Witness>PTy8A3YaNKJmE1r3Tj59V7usBHueCj+FLX2FJB4o+saSh5fPAl6ncmSOYL0+iUBhJaF0YsMAotcV0H7/8istPA==</Witness><Witness>J4NB51nyS/BUcATqXG+q6/YPGitGoKnoFMd1viXmSpCrVdzKyLNmAWxgqzWgkAqPleXX0BME5BVkJVbAQclsiQ==</Witness><Witness>Kw8VBiroYOonnHsyWzYvbaukjP19uGhXPUUOhytqJAjF5QLE+DHwpgq9pXQQUr6uOWxvCKuKZ42ND7FN1P08Uw==</Witness><Witness>EfKIQ/56jYERGr1zt7jhueFpNQkqH60u9wr4ren9NNN//p/0BTEFXU3FqHfNyHU5irNAFxa2iE9mcwmHY5maOg==</Witness></Witnesses></Proof></Reference></References><SignatureValue><DSigValue>k951Hm6YaekP66aan17zbP+ktWEPCUMH4MdelHqylFUYLO8T7OfPVelAmY8Aia54QwCSLnh/japFPsha+TL+Rw==</DSigValue><AccumulatorValue>ZI9rbF0OQNNdg59LMVhHPaM740pfJGPRJkcpYZ1dJZJx7zN0/uqvm7GWT4khHV/JrP8Y7hkAGw7V/WVtRGXvLw==</AccumulatorValue></SignatureValue></Signature></Vehicle>]]></system-out>
  <system-err><![CDATA[SLF4J: Failed to load class "org.slf4j.impl.StaticLoggerBinder".
SLF4J: Defaulting to no-operation (NOP) logger implementation
SLF4J: See http://www.slf4j.org/codes.html#StaticLoggerBinder for further details.
]]></system-err>
</testsuite>
