<?xml version="1.0" encoding="UTF-8"?>
<testsuite name="de.unipassau.wolfgangpopp.xmlrss.wpprovider.grss.xml.GLRedactableXMLSignatureTest" tests="13" skipped="0" failures="0" errors="0" timestamp="2022-03-02T14:07:22" hostname="sentinel" time="0.262">
  <properties/>
  <testcase name="testAddNonRedactable" classname="de.unipassau.wolfgangpopp.xmlrss.wpprovider.grss.xml.GLRedactableXMLSignatureTest" time="0.092"/>
  <testcase name="testRedactNonRedactable" classname="de.unipassau.wolfgangpopp.xmlrss.wpprovider.grss.xml.GLRedactableXMLSignatureTest" time="0.009"/>
  <testcase name="testGetInstanceFromSpecificProviderObject" classname="de.unipassau.wolfgangpopp.xmlrss.wpprovider.grss.xml.GLRedactableXMLSignatureTest" time="0.001"/>
  <testcase name="testGetInstanceFromSpecificProviderString" classname="de.unipassau.wolfgangpopp.xmlrss.wpprovider.grss.xml.GLRedactableXMLSignatureTest" time="0.0"/>
  <testcase name="testRedactOverlapDTD" classname="de.unipassau.wolfgangpopp.xmlrss.wpprovider.grss.xml.GLRedactableXMLSignatureTest" time="0.014"/>
  <testcase name="testSign" classname="de.unipassau.wolfgangpopp.xmlrss.wpprovider.grss.xml.GLRedactableXMLSignatureTest" time="0.012"/>
  <testcase name="testSignThenRedactAndThenVerify" classname="de.unipassau.wolfgangpopp.xmlrss.wpprovider.grss.xml.GLRedactableXMLSignatureTest" time="0.032"/>
  <testcase name="testRedactOverlapSchema" classname="de.unipassau.wolfgangpopp.xmlrss.wpprovider.grss.xml.GLRedactableXMLSignatureTest" time="0.055"/>
  <testcase name="testVerifyFalseModifiedDoc" classname="de.unipassau.wolfgangpopp.xmlrss.wpprovider.grss.xml.GLRedactableXMLSignatureTest" time="0.015"/>
  <testcase name="testSignAndThenVerify" classname="de.unipassau.wolfgangpopp.xmlrss.wpprovider.grss.xml.GLRedactableXMLSignatureTest" time="0.015"/>
  <testcase name="testVerifyFalseModfiedSig" classname="de.unipassau.wolfgangpopp.xmlrss.wpprovider.grss.xml.GLRedactableXMLSignatureTest" time="0.013"/>
  <testcase name="testAddPartSelectorDuplicate" classname="de.unipassau.wolfgangpopp.xmlrss.wpprovider.grss.xml.GLRedactableXMLSignatureTest" time="0.001"/>
  <testcase name="testGetInstance" classname="de.unipassau.wolfgangpopp.xmlrss.wpprovider.grss.xml.GLRedactableXMLSignatureTest" time="0.0"/>
  <system-out><![CDATA[<?xml version="1.0" encoding="UTF-8" standalone="no"?><Vehicle><Aircraft id="a1"><Glider id="g1">DG-800</Glider><Jet id="j1">Airbus A380</Jet></Aircraft><Watercraft id="a2"><Sailboat>Bavaria 36</Sailboat><Motorboat>Bavaria Sport 29</Motorboat></Watercraft><MotorVehicles id="a3"><Car Brand="Audi" Model="A3"/><Car Brand="Audi" Model="A4"/><Car Brand="BMW" Model="i7"/><Motorcycle Brand="Honda" Model="RC212V"/></MotorVehicles><Signature xmlns="https://sec.uni-passau.de/2017/03/xmlrss"><SignatureInfo><CanonicalizationMethod Algorithm="http://www.w3.org/2006/12/xml-c14n11#WithComments"/><RedactableSignatureAlgorithm Algorithm="http://sec.uni-passau.de/2017/xmlrss/glrss"/></SignatureInfo><References><Reference><Pointer URI="SignatureInfo"/><Proof><GSProof>CMGYMOpPbTGxnNS/bnaudgQu5WqBN/x0ajHmWoSn5WHPTQkFLRcUQWco5xN9QoL55eGzwFKG8CGJdLV5VYNPeA==</GSProof><RandomValue>laG/vXEOeIm/GN+S69x7fPRVG7+AO8xK1xH4z/h/mVipplZRX4yKfp3HgqjWR4L15nawlUR1eW+dF7tcILGLzQ==</RandomValue><AccumulatorValue>Yl2mYN6r22anayBEtWLV9WwN8zVQLh44EBSW6ZmKoxF1/pp4NBMRwLujo6f5+6PxSjmmXoN0GQF1LvgzsR+AIw==</AccumulatorValue><Witnesses><Witness>ZfyGuxXAlwAzE97bX6zglKNzkm6rzmB1F6lxBaT/25Lbe+7ErXz3RTJbnRvew5wt0LCzGNCzU9uLrozUoUx23A==</Witness></Witnesses></Proof></Reference><Reference><Pointer Redactable="true" URI="#xpointer(id('a1'))"/><Proof><GSProof>JFyjdWEKb6y6xSWh4S3/gBOjNPofqkBcdzO38E9RzMEFVhIfKtpofltL1pH6mf2IkEMrp4NOr8z+/9Ybk03L7Q==</GSProof><RandomValue>Yrvab3ZbzlV7I9l8XcFgoKwd2k5WYBwb0htPf42qG506F9kKnAJE47YdV9Bs4m2A+QIYh9Qss1qu4tyRS97xtw==</RandomValue><AccumulatorValue>QxrDgzufTiHnwT4zAzhRTna/dz0s0cnwL8HaZySyYYvuLPHM4wiPJx35w/hJtx1W1sMHLthXl8WEp0D23LqTdQ==</AccumulatorValue><Witnesses><Witness>QvH/XA7QB08sD5GOzInlbzl+Tjc/zBGXFkCO2fO1+V2Z/qwF0m1N725SwuVX2vcBYe2N2YBHzipKF63/W0wsKg==</Witness><Witness>cxw4VxT0NTHeecefCXpFItNMLis6VhWOfMdTSK7S8NayUn4WOYFOKxJjP2oV5GaTpqUNCtsHVJkLMb+kJn/1Zw==</Witness></Witnesses></Proof></Reference><Reference><Pointer Redactable="false" URI="#xpointer(id('a2'))"/><Proof><GSProof>Xyawx8xxcowkdA/akpfeJ9qMwPzmlsFCL8fRUSYdxkngpw3iYEs8C0ZoC5p0Xkc+IWZoX18pb6D06AGQ4MluGg==</GSProof><RandomValue>ZsWjyLqWzK77i/ukvuFt/ftMTNV3geQP27kxt737syNxcnHeD3M8jg0f2E7ZjdAsD6ar0i3uku7vPj9Otr70nQ==</RandomValue><AccumulatorValue>cgK1mLoXunBwMT2xYeWwYrjnU98QnjPk0IC0e+gcYEEvuVZzTxkME7ylBE3jkyt4u3x/zFMG5HbtEm3j26I00w==</AccumulatorValue><Witnesses><Witness>cW/MqXWSwRr85gak/rkadnv6ZeB8Z7sTRBIS3ercfHXyaJQBo3eKEDztsHFTRsi/QM5kWhPcrjIbWn1ImOYy8A==</Witness><Witness>W2OSiqUeq6O1JYvUfS+YLT1lgIs89yX8B2GMA28VxL9ZZFe8IvTOVNWy0XH2BmBP70Zj3U0WVoQQPBGPb0Z9pw==</Witness><Witness>Hafj7XWiL2Z/1Qrh15OYMlugQ0seLiDQsWafDr82uydN+isAmEw+4TmetpS/qECCefOJzyQS2s0yhm+6S+zWkw==</Witness></Witnesses></Proof></Reference></References><SignatureValue><DSigValue>YuE7RXdLv1QNmDFxs7OhAps3L+M0txJgoUhhZ2b9IlZ0q3IIoZsE0c4LAhnGE6wVt8U0Y0R5wXl3wzFlSS7lTw==</DSigValue><AccumulatorValue>AJjM3nJuqGAT/QzP9grMmUgnQxyoWG4ncFd56IAG7t0qa4/zD9yjSjfMjUAf4e+1FhQbnYngETaQH9JKMNjG9wg=</AccumulatorValue></SignatureValue></Signature></Vehicle><?xml version="1.0" encoding="UTF-8" standalone="no"?><Vehicle><Aircraft id="a1"><Glider id="g1">DG-800</Glider><Jet id="j1">Airbus A380</Jet></Aircraft><Watercraft id="a2"><Sailboat>Bavaria 36</Sailboat><Motorboat>Bavaria Sport 29</Motorboat></Watercraft><MotorVehicles id="a3"><Car Brand="Audi" Model="A3"/><Car Brand="Audi" Model="A4"/><Car Brand="BMW" Model="i7"/><Motorcycle Brand="Honda" Model="RC212V"/></MotorVehicles><Signature xmlns="https://sec.uni-passau.de/2017/03/xmlrss"><SignatureInfo><CanonicalizationMethod Algorithm="http://www.w3.org/2006/12/xml-c14n11#WithComments"/><RedactableSignatureAlgorithm Algorithm="http://sec.uni-passau.de/2017/xmlrss/glrss"/></SignatureInfo><References><Reference><Pointer URI="SignatureInfo"/><Proof><GSProof>S08511s/yysV+dTYFolg+DEjw9ZOWh9lI03FwP9KRWbqsAN44KUV5NKzmaJkzkhSlhqKn/OTle1efGUjqLqHBg==</GSProof><RandomValue>pDWGkfBEP0lVRLxo7WlsjykT6wZ/xQaIKYz9i7Oh1+KV7ARXls5d5Upt9JwaAFczFWTwbp/Cq8JaC66/hsmyeQ==</RandomValue><AccumulatorValue>cvhF4Qhi97lmP2excnYLDdE4GdPSUK5x1CA+pOtMYmmCF1LBe7uLeKBciZFzlGbIin5L3fKvnExTrKAeohBSTg==</AccumulatorValue><Witnesses><Witness>PyJtcBlFpPT9kUdRTIqvJbOqpdR5/jzKvx5RIqgctI4E7ayJzSFNiPAyQPRIlnd0Hv2z1lDOvN+nSAtlR98dvQ==</Witness></Witnesses></Proof></Reference><Reference><Pointer Redactable="true" URI="#xpointer(id('a1'))"/><Proof><GSProof>LU3IFo9tXcUWUD0UHLocTAegGc/BL3YwbOFnDSl74G5eM/YpYraxexFoaoDm2XPj3MZMR2Qe+e8UEJp7PGNLlA==</GSProof><RandomValue>cyUYsP2Nfobr3t4A7BRR414faqzY25QshgCFf1Xb16aPixSx5awMst7FPUai9xEvNx0WBa9JjigWGOdbuHGmAQ==</RandomValue><AccumulatorValue>eHfM30pV1WeW6z5D7LCBALGtb15lSCmf8Ucb93LUO/JKkr086c8fKkW4MdPq7sZYykJgs+8itFzMgRk8/nBHLQ==</AccumulatorValue><Witnesses><Witness>LMSIsSxmyHmibcvxTUbuRlcPxMYIafHnrN7+Tmal9zL8mKF52CWtHIUhNJeJ/L04LDSQ+veV3eLFJFD16GOq4A==</Witness><Witness>S5n3sXKp5W/Dj8hZ2BqjNGFQuAjJpcuuvv1K6sJs9n5247yCqA2lM7vVfOum2cGbQtS1Pb0OUkS0SHuTIBygPQ==</Witness></Witnesses></Proof></Reference><Reference><Pointer Redactable="false" URI="#xpointer(id('a2'))"/><Proof><GSProof>AIBfI4SccpH5ytBWXiUAQEKXSj/KVNgNh4svh2CSfZXgjCk0527Bb2Bksu4CNUzUaCKxDXh65oHF/c0S/9SM1ew=</GSProof><RandomValue>PSEqfYs03qjIop+h2nXUV0AgqPz+6prAwIBUvHo/LZyP1FuMOBquV92qV85449RflGfjMmko/UwoQRjmRh120Q==</RandomValue><AccumulatorValue>ELkr/HYXlluOq4m6VtOVmvMzdFnR6tB+0sNuLQ9Q+OB0dlTRcPYPD+f/A+Gw70mk4XYXsaemWdVRZxlvgZpDrQ==</AccumulatorValue><Witnesses><Witness>F8+WRlfpqghnyHSIM48j2RsY2uWSsEdKuWTjUjbdZBK0UU6iThKxht51NT86HDFQzWkpCtzTgm1n7f3j9Uf38Q==</Witness><Witness>AVXvryUQ3jUQKB2QfjWzko26VtXCRze11KaYRlXX7z4LeI3Xw6rPr9DSwokNWls/bpA8tEa1JbeZ3N4V0HIVRA==</Witness><Witness>JYGnG0IenThC3+aZ3x8OUezMBtorcx9Qw5SBeKY2oJ+NLrJKXfLGnw+xSAkb3fmbSxdDUP5n+w9ejVdF3/7sdQ==</Witness></Witnesses></Proof></Reference></References><SignatureValue><DSigValue>fpZV0NrEYhQ/ns8jksVwU7nrv89SO9DsIqeTjPkHk9SSsZH2mdk3qKKbofajEl44ulpPxNPfKYiH7iNAIx9nMQ==</DSigValue><AccumulatorValue>KlUt9UCxBnOh6F8G8cKNip0aGjagKjs4qfXaR3BVgdfwdZQCvD/7ihH4rozIJTJhdbxl+4vxnyGmH0gvcp3Vnw==</AccumulatorValue></SignatureValue></Signature></Vehicle><?xml version="1.0" encoding="UTF-8" standalone="no"?><Vehicle><Aircraft id="a1"><Glider id="g1">DG-800</Glider><Jet id="j1">Airbus A380</Jet></Aircraft><Watercraft id="a2"><Sailboat>Bavaria 36</Sailboat><Motorboat>Bavaria Sport 29</Motorboat></Watercraft><MotorVehicles id="a3"><Car Brand="Audi" Model="A3"/><Car Brand="Audi" Model="A4"/><Car Brand="BMW" Model="i7"/><Motorcycle Brand="Honda" Model="RC212V"/></MotorVehicles><Signature xmlns="https://sec.uni-passau.de/2017/03/xmlrss"><SignatureInfo><CanonicalizationMethod Algorithm="http://www.w3.org/2006/12/xml-c14n11#WithComments"/><RedactableSignatureAlgorithm Algorithm="http://sec.uni-passau.de/2017/xmlrss/glrss"/></SignatureInfo><References><Reference><Pointer URI="SignatureInfo"/><Proof><GSProof>AI1Mm4wj/Yg2Mr4Pd+o/GkIG1bJ1+UVm10pOxLKeLiQC5qVOV1tNlcvEUyS+BDQxS4T+JFlyUia6aDni84FQgcI=</GSProof><RandomValue>JxUkgn2ApNsXWynxGL3wabtjb0CaegnAsSCpAkhx+l/IJMu8cmV4rPFztZ785JtdM/lQBXMyAmC7ZFQAzqUadA==</RandomValue><AccumulatorValue>UBX/IiQKimy/bXH8pNJPEZ2YWFlgAVYkeFD4+hPcfRHkp54KQ3JIMwduXPgKzvQM278KPxBD4RThmFO4q2OTPQ==</AccumulatorValue><Witnesses><Witness>CCR2AXIkM44fxUBn2z4hQVfzxd7jV85TrTSTYFf+XV9AcwsNWbXwi7j4i+1uveDzI0+OF37S9cTK6nLJF/aErw==</Witness></Witnesses></Proof></Reference><Reference><Pointer Redactable="true" URI="#xpointer(id('a1'))"/><Proof><GSProof>XK/DbgCrkthkLkyTJo7SiApVVKzUJLy5HXrt2Cy9v/FnNJDNFztAGRfirpMLlMp3bZZ/pv34UqhItWe6R0LjHg==</GSProof><RandomValue>/pg1AZSTb09EhJ3Eo80vB+2kQXz8CtpeOfMQPfOqqRGi1hc33W7dYV8s1g0mlPsI0uXq9GOpvB8d7Eb4CRC+CQ==</RandomValue><AccumulatorValue>O/xdg9aDdOREgLWC32sSWjkuL+IbH654ftIMIK2OS24OMLawQ9Fm3CVgaRw9RWkJMdrSor0Ss8sHvSnEW6QRQg==</AccumulatorValue><Witnesses><Witness>XFuMp+NewWSkoB/Bg7lHl8ySVo2DxNg6WVYZDXpWVUtUk23l14f5t6zmR5Txdzp0/ADzKVOHtImgXSdMuOeR0w==</Witness><Witness>aEIwxiK/uaMuY7QytxjBt+woh4nwJnSB/kHFUBgd9z+rKfEQE4evDaKXMUtdLnjGIPKOdA5aAvRGzR69vdsxHA==</Witness></Witnesses></Proof></Reference><Reference><Pointer Redactable="true" URI="#xpointer(id('a2'))"/><Proof><GSProof>AIuM8O6/IOP07IFiYIRam+eRzAB/OcKtu8NdYkxWk6o0G+GhHGLh1InINHMA0ecMd/HUVZkRm01sGZSexJIMneY=</GSProof><RandomValue>9lGGsCpYXsU9ZXk6T9CVNeUHgANWwXhNdxBPwNQzDXSj8+Qxy3lMJMxwcitIaJBU/NHMPfVeaByufec9lEPbBg==</RandomValue><AccumulatorValue>ANa+BGdBardWEkDwWwjy++Dn0tuW5GqB5AcTUHKZBXeFrr4uBi5Y+bf39k280US4DNPSzzbiSB+XBTNYBhmcPw==</AccumulatorValue><Witnesses><Witness>Af/FIcBOn44/X3Upv/rVAan//FrclRM9BTK9g2ClDFIa7tVRFiplVZ7QXCvvj9skpch1xMjxDCTXMDNVlAao1w==</Witness><Witness>R0dy4xCivneQTORvVAcgJyLhUHMP1UKm/GyE661zfNJbGZPfTB7zqCtHjnBDRVb/U8cwRm8SGSYilLbvwXCVow==</Witness><Witness>KsKVqiwj9pHYSifnuwI3Sx4XxZTPwvVx63OSGZogRbgaJ33KBHZrW1Ca+RtCfEBXqTvgN1nzNABN9jdDRWXFFA==</Witness></Witnesses></Proof></Reference><Reference><Pointer Redactable="true" URI="#xpointer(id('a3'))"/><Proof><GSProof>AJRFnnFzJPSjjc1kRIxFF/oWNZ4dn1d8wa7Qv/gMDhK81AKexhX9DhBetEMCKH+dhnrIFRJjhcV+1a7HXUj+p2A=</GSProof><RandomValue>OdEehNOttBrwud4pzoUyBv5tu1ZtaNhMOUObaumkNMMMEzKtfhwY5R0yqn/xmj0GhT8jMCsnWtuD8mIC9DO9eA==</RandomValue><AccumulatorValue>BX+LgxbVI6KNQ4l5pfuVHKPfJg6EXyjVUYyzbScB0RB6+S+lxD/aU5Czfue/F57MD0tQchyd8wrW2aG7Oo4dwA==</AccumulatorValue><Witnesses><Witness>JA7fvYuoBCDFDAAXl60zdBkpzLPBfFxuI5W7z/i0szhpGXpEPIbt989tUsUkgQjhQ1kKA7N6+UY4AglBXUyGBg==</Witness><Witness>WsGtq5FyhX2LKxzRLRedqiburGTmmONyMr58SxFIQrntTEwr7AognREVig8pViaMyPCMEl2f5RXfe38sjRpvQw==</Witness><Witness>Ei4VaUVybDDmpLYBzjbt39MQlUN+fJFkDZyvwc9Cr07R/RNqbh7zsqR+jICc67nCR/uoDDOXRgHRWBuuesSzAA==</Witness><Witness>MS5r843Emm8JOQ5mRc0jGP+oDEu7VFlWADF9arhn0nf+tyl704DDT2W4MgL+yL6dZdahO13Xv3YeEFHNnPnteg==</Witness></Witnesses></Proof></Reference></References><SignatureValue><DSigValue>YEhyUG/qHQkm/yVhY2u2mjrQtMXAf7BDUIe1rSdVafxkMQN2Nm1rR/GEIK7Bq+nEulc/ULD6HGieZYYZXH1DyA==</DSigValue><AccumulatorValue>AKCAJBFCiFakfhjbks1ZXPK+sOWmWzfhM7nB2EVv11bgq9IpTkwyrUF8mb0Syds7wT1asd9vL6iX3hrHTM+NN/I=</AccumulatorValue></SignatureValue></Signature></Vehicle><?xml version="1.0" encoding="utf-8" standalone="no"?><!--
  ~ XMLRSS - A Java Crypto Provider for Redactable Signatures and their
  ~ XML Signature encoding.
  ~
  ~ Copyright (c) 2017 Wolfgang Popp
  ~
  ~ This program is free software: you can redistribute it and/or modify
  ~ it under the terms of the GNU General Public License as published by
  ~ the Free Software Foundation, either version 3 of the License, or
  ~ (at your option) any later version.
  ~
  ~ This program is distributed in the hope that it will be useful,
  ~ but WITHOUT ANY WARRANTY; without even the implied warranty of
  ~ MERCHANTABILITY or FITNESS FOR A PARTICULAR PURPOSE.  See the
  ~ GNU General Public License for more details.
  ~
  ~ You should have received a copy of the GNU General Public License
  ~ along with this program.  If not, see <http://www.gnu.org/licenses/>.
  --><container xmlns="https://sec.fim.uni-passau.de/psrss"><item id="i1"><list id="l1"><entry id="e1">entry1</entry><entry id="e2">entry2</entry><entry id="e3">entry3</entry></list></item><item id="i2"><struct id="s1"><header>head</header><body>
                <data>data</data>
            </body><footer>foot</footer></struct></item><item id="i3"><data id="d1">data</data></item><Signature xmlns="https://sec.uni-passau.de/2017/03/xmlrss"><SignatureInfo><CanonicalizationMethod Algorithm="http://www.w3.org/2006/12/xml-c14n11#WithComments"/><RedactableSignatureAlgorithm Algorithm="http://sec.uni-passau.de/2017/xmlrss/glrss"/></SignatureInfo><References><Reference><Pointer URI="SignatureInfo"/><Proof><GSProof>NRlUQgCpOKHQeWq/49mw+N9cNewvUFrEd2jO+KVv8n9KNBpqULt/xkYF0O7vOe2BZiqpspp25Z+aldEH73xIhA==</GSProof><RandomValue>w1vdOCZlauPhPbqWi+lP6t8paRCtPfYDpGEOvMDEH7dH+btZtIEfi2BteiGd6NISM4SvR5oj/TmHXr1gdooZew==</RandomValue><AccumulatorValue>bija4nhZ98oZbRgyKlrQQAteKaX2+Dz+Vv2To8+r0kVn4KC3SIJkuZ+sqYS9PjxnWX3Y38Soswu0IrWVqGxUuQ==</AccumulatorValue><Witnesses><Witness>SWhLGr7mQjVnDaVnLO6YpEkKIzdNpFE1EbHXz0eltgkAb1nIyQLd83WvimfKX1Pcou/7VSGC3LDGUXi3T1n4gg==</Witness></Witnesses></Proof></Reference><Reference><Pointer Redactable="true" URI="#xpointer(id('i1'))"/><Proof><GSProof>UAweVy5g/gDyaVUMkSavKwHVBetmsyZYXkBMuVa0Bp1zS85ApXO/k41NO1FOGcrhRb19oY1rgoWooF/dYNn5ag==</GSProof><RandomValue>YWhcsPM+h6/krahkYavzstzL7dzFPhNWHpB0TEcubsI4xYrY+OydvCmLdYxYhNDFoAGRCNsOvjTDEY5wa/ieOQ==</RandomValue><AccumulatorValue>DaB4omhrcA6HyDo5bn1zzu1Tp5yZ3hbRf+z+zjGTfSyj+Rqs3l55fy9HnZP+cXoON6fF3n+x+DDuUqHkAwM00Q==</AccumulatorValue><Witnesses><Witness>R8OfVcZdN94GMFx3pG7VhLBqZ7dtN69G9Ta4HZHDt1EoyoMee90eGGEgafsnCPLoISBiKvMyvIRUQLtofHansg==</Witness><Witness>ae1EJ5QOcp06faZJezuPQNZAI+a5C5vmRfe+fEdLkjAmc8x6vq8VSKmOAzApBqN4j4ke4KsbnDs7e0Oh9PMjqA==</Witness></Witnesses></Proof></Reference><Reference><Pointer Redactable="true" URI="#xpointer(id('l1'))"/><Proof><GSProof>AJykrdBdOZKo4wvfjga9FoM3rdKdwupnCxzZ6z7c60Qoeg2d07CJaf5h9GAwMx83OXfBqpAfcU9yw5s2caApQ+I=</GSProof><RandomValue>LCyeYk92GZ+2/c9Bg1f6pIfqO7JO32nlg3c3NSFZmnaFPPUOvyiZw4GN3Qxq3+r9/Y+XGCZs9UETcglN+KwvVw==</RandomValue><AccumulatorValue>GyX+0lfgELz2vKN162NnbVSI6LyqoD+yP5EmErT14a7i7lcoBRVMe9jFFPjrPWjC62we4lyZN7Rum1c07wK7aw==</AccumulatorValue><Witnesses><Witness>CpLEF5poCAnbWEgi3A6v3pjWZFOAn5msnXXoANnu4q7nrPO3TNdVGYYv4s7QVEWq2pAYW7bUZ8lazbXZ4/X+vg==</Witness><Witness>FwwS02senPDYb3o34j1Xo/di3oyTK3VSVymS3bPfYhNNX+skljYjLcw4jSzFW5rbhlC/Iy714F5YFO9ITC959w==</Witness><Witness>SQ9Ojn1u82fJ4grXt/C+52gRvpaQoq8pMvgMO5BjG5qYhyI4KzTo4o9kG/0LuAfpDp74X/lfke01uAGfzOHPcQ==</Witness></Witnesses></Proof></Reference><Reference><Pointer Redactable="true" URI="#xpointer(id('e1'))"/><Proof><GSProof>DoSa5yas1NqnPJbbJADk6iP7gNWKa/HncQXPOmSSemOJu8DRh5iBHeBs6cBgyDhue9/sZID5lDDSO1BCVpu2pw==</GSProof><RandomValue>J5mBcH06lJTmCXCUynB/AgBZj/CkzHlmWiyM52An/oQRi4QxaL77tB2UCfzzbpDWhlHjNYoEZ9aQBVSyiODXHA==</RandomValue><AccumulatorValue>R+fyZlgcaIm1NVVY4r6FVFNzODnkwseSEwfKpviZwybq4f3ikNegarypMcHtWz0eqJ4c3EXlv4RcbfITGxaHLg==</AccumulatorValue><Witnesses><Witness>HfuQLolOIjQden0gvQxVKFj8W6eV0j/aQXjpM4seMV44PVS+ibCk2EGqZu6VBF5Ir/I3yIfW73Ee0kp75GQBQA==</Witness><Witness>A+zzs4XgySzcMHw8f9GpgNv9tstnwQNta3YHL76OybZDbQG7l6tvjrlbS6DLbuGhos0W1yAolhq+cFyrNgMhmg==</Witness><Witness>VEzB7YC3hGwyR9B2AQLNQ2omxq6tI/ARCyoepd7vGpY0RWD7Bv6MOAGsmpjIg7GIitkDtCMHE6bYSUl0TwJiPg==</Witness><Witness>ajMYjDFHE3BNg8x3lE4uj3+ttMQcnWW2kPzXSUGWQtpmZ1PLE3tuBBPfGFKxcyaw4w+ucrSrLfx2Xt72dNITLQ==</Witness></Witnesses></Proof></Reference><Reference><Pointer Redactable="true" URI="#xpointer(id('e2'))"/><Proof><GSProof>AJBSnZjZTOr4TiiclgBOMYjCJa97aVF2vKlhxEmSM0ytQhPjvsQXrE2vWGfVTdrJbCYbs4m7BWwwueCVbJDx+Z4=</GSProof><RandomValue>TmOijV1TdPGhfW2KeEyTnVPvHdLIFTMOfc0t+iWNmHQfUQEXAaH314dRtMo9oo5eCWec5Cg4hZXQQRHGbbHmWQ==</RandomValue><AccumulatorValue>GRknE3lgZJ3lCq1EMRTB/8ODR7PSnpddvx5RjVAQo6IyG2cj3/2hyKomFPORUEfGzIhjd0F/y8FZMe4OTcENLQ==</AccumulatorValue><Witnesses><Witness>bkI54ooH6ecrJY+/gUdTmrScfrbDeLjq8Rb4vjvZ5C+QCIma1PuaPp6TByZTTrl1ihvPDcJAhWTaelmMC+DGTQ==</Witness><Witness>EAGpBc8jKUIlpDU89QHc8jgU9sQfUt33JHuLU4WdDMhqDxI2yHM0MsVLVcXevE0mDRJP5+Wrt5RsXJHhXt7hTQ==</Witness><Witness>MVv310zB2D8F+SO4CShvkmcW74vbew/2hT9qAuaW4CAUtMw16sX7Kz0wdOYGbEIl/4MOfTb70d23nZgqBIpv3A==</Witness><Witness>P39F34ypPNoq6J0rJHzRqcRat0xLN2pa+BIMElFlrj0UjFCz86Wm7z2zz4beSbE+s/H+ahsjc52bb+KQupxo3w==</Witness><Witness>BgmEq7XLxOYGi0syqCSTvrt9+w/7eEuDdNNbqMPmvEvqwNVmNPt/tAU6UDKq7LGldEnusoj4OXGZ8hxFjNUBUA==</Witness></Witnesses></Proof></Reference><Reference><Pointer Redactable="true" URI="#xpointer(id('e3'))"/><Proof><GSProof>AJK8kzFs+uDVVOdS56DI5u8zBh/oOHQoeKQgjDigu0jSpmpF+DK2C7nDCLaAulQ/BYxbSOK/uQKg/37BLWa53n8=</GSProof><RandomValue>fxUK+/0Vmqcx9L+CVMJDVCAbZ87jARwlkMxf8UEXxNVVbKbOD+VXLaUC028qp2tEZvqyKIZaxU0iTRY8TaJKrg==</RandomValue><AccumulatorValue>aoZuPovOV8nXy2Y4gNi51iwGLR3LBSDmx9e7xzGh3By08hz9HRSPBkBthvroLy5tHfop9VF69v6PfyeNmQfSag==</AccumulatorValue><Witnesses><Witness>Pdvi6xIWCiUfRhAvr0PGDkoI7CqTOm2xrkQABOarv+vTWuWfO0sEd8tlxBqPb3Tofu7uD9n15nJZXCzSOD8qLA==</Witness><Witness>Q5B9gT6MtDeb2GUhe7JQF3gILdSLA5tNWJ207A8N6BCzILVTKbu2/kkI9XUd1c9B1LcNeI4Hmt55w6uRNYdnsg==</Witness><Witness>TdWYPZeb1d3CiyS9nV+Q36yicTqpqLKqmf+bHq6hmivDhP1vJun7gwYBUREln/296UpoivgAzD5xByGT3swDHA==</Witness><Witness>Xw3gGsRgVnhEFizeXmYsg4WrEV5dHdOBNb+KuW0lMzkogJpIPFiGNzb7V6ppgqh//hNwAIOACMds/flU/6iMLw==</Witness><Witness>BUWK30i53qG4kmjUP7n/Jdq9UZs+5YCmnt2kz8r3dHP1JMLu7nUdFvIziVnhst3PvYqHrLXWvDRI/qcCbBeO7Q==</Witness><Witness>cxyUd+GqSjOhjip7F+L1couHlxWUqrmKvyBa3ameGgRMLN22O+2bAU3BnEkZkjb1vtMaaicEoNoorox4BSPZ0g==</Witness></Witnesses></Proof></Reference><Reference><Pointer Redactable="true" URI="#xpointer(id('i3'))"/><Proof><GSProof>L/1gtzIfc73ATHXhyMobPJ5lUFjOOt9tutfdHJSiaLVpVY7UsV6UrDBATQ5lZzs3Accw6hfSgTV1kzOsZwFzqA==</GSProof><RandomValue>SNCXMP86qb8MWabNpSUfTs+ICzq8Bm/jC4ugNhxr/0TKQzR+HzwbCNPM/GiLRiz1YAHHHHokC6jcD4GGZn6Qmw==</RandomValue><AccumulatorValue>KA3KPAnl7z/FyLTfydj/d/iJLOyhLHw6hEJkMU6JQRUjFO31Axbp3+K/vdAaYQ6k4yNi6mzrXBdOlOU7InLgqQ==</AccumulatorValue><Witnesses><Witness>BHrS5CmhkYfsNEzMPHPiw87oPpKBNYBPCE2j9rPT7OH3JsH/ZvIfhcuWazPR/HmRDxR1nzeTyxr1pykAQezIZQ==</Witness><Witness>Bqj+GaGWSbAqKFZe+qbENZyfzK1xuVvkdOY5A4gjiJfTgFsTuJfH0ClWSqh4nisavVw4nWLuTNFvzGwoSNnBZw==</Witness><Witness>PcCFPzQ3dShw8KNN2GA5E4Old1eay2KfZARdPUuihIT4df2bMutDce8uqs4j8XUw/P4EePuewe1S8D7cdRx5ZA==</Witness><Witness>Bob+7ABlDm8o8JHipHvcWHNHCDEiXC6aG+DsSYuArqrIYTLXuP23qk2gri0ybyMO61cW1RDDPDYfzi9cJJoRCQ==</Witness><Witness>bja9fUCV6yi9HYb83CEZsOWAsG9ncMq8XxdLBpk+8qPHIy6nJCDj+0UldVYGRLIDhyoHFh8pbW3ENYiqX0OMyA==</Witness><Witness>Hd+ur3b1xCeo/bktQlBigErZRZm82bKPoMeJV6NG1dq67Rw9gVf2yCyDm50++ysrAWdz1FTATbLONeUbDd/wyw==</Witness><Witness>Bve1pd3i1Mko/n6TYjKVLmTmaXw49KgVaAsZntt6i3/WRroT7EZT03KxPuEibOoReJBAcRG3DuIo3FTPg2qmuQ==</Witness></Witnesses></Proof></Reference><Reference><Pointer Redactable="true" URI="#xpointer(id('i2'))"/><Proof><GSProof>AKfRvcpLrQW3wgiwJ8mQVVzKh3iRIbQC9ukeObNb7MPGVV76Et6GvkRcM4HZBpjN55DGql7kpsSBX5h+Sd2nz3o=</GSProof><RandomValue>1lwtSxVOOaQ3OhYAMOvQ+evumBH+EHp1Y6CHGDA68NlnqsZ0ehOGgDvgTfhlsYVp2AB86r+Xn8LEF+c+OO4lSw==</RandomValue><AccumulatorValue>b7fdeMBwNs2L3hiHOFEEVhI0eaqvqtMWqC+PnJEQJPXYJ/0EwHrI0bLK5LvHbyZlXO5m8SxzkoX/q4/dBH6CSA==</AccumulatorValue><Witnesses><Witness>b1E069vI6zWfRHF83X/YSVkdhqEQFi7DfZ5pxBleko/FrQS8Dw+hOAS4Mg4AlVQiuqFUPQrN41hUWH539IPPEw==</Witness><Witness>P4kgUo/W/bukIqu4wlG912czBYr2+9eUD6kGzaYCsaCeeH519Zxeg0PZnXp8dVYykwg1dbXxvQnA08FOZDe1ew==</Witness><Witness>Us/pwRdiLB2E16zzkg48HUt2dX8BXggq+xAe9IyNIcNKQ/4uFflWdZ7qWc7vse2w0uYCS+sQmPbnBQ80V98NnQ==</Witness><Witness>IJk3/qKsRlVvZ/h3kWXVtlHuFs3DatlPzbGIRcOCETjwhD70L4b2WRg688kaoo1rCcYhL+Zi/CVRQ2Qso2C/Xg==</Witness><Witness>QBBXN1hzuiVgcAZw+YrZysTyR1ACMEape/4cyBO1t1DZpzTa52wqKgPOX9gfuY4XB4r+1L5496COeo0I6JU/yg==</Witness><Witness>IWo59yHvH0QQpO2BuAi/A/VrCUp9IsPEUO05eEkNMCztdIrHXQHwvfNn6leGsP6EzwOaYzwXufDLP9H2v43Eqg==</Witness><Witness>c4ZXyR5WgGCz0aeUn6sHYkrgclLJ3P1AUmmaF11qT+yNC0560K6Hv0COrFjbAAWPk2NAnVSgwoK7prIlE1SngQ==</Witness><Witness>CW523W1Wp4huPd8w+dkdkXCqpY5b81RsUchv4Hdbm4i91RGarzKALEnwMJ15NzB9PxSOz0OXQ1FvByUsklS3xA==</Witness></Witnesses></Proof></Reference><Reference><Pointer Redactable="true" URI="#xpointer(id('s1'))"/><Proof><GSProof>ON9bAJBua+tHKV6JFvo3BgDW+jn8q6cR6b6hfh1SpgLs8zsQgIQzRngrEJ5Ev3prAt/C1953YfrThH9u4Zra3Q==</GSProof><RandomValue>QbgFZiCvRE0g3F3K9xLiOiChIoRGGQ38kA1cEhaC2jcOVw9B3jFMyMXFMWbP3jxUi8psaKttNQhZDaggeXYq7g==</RandomValue><AccumulatorValue>OppNKgp86v7OnpPzEp6hPXsZ70fsdhTKeE10pp5zkje6vRYDux8t5l0wj6xaAtjdLiO8ITQ04rbM39ma18KW3A==</AccumulatorValue><Witnesses><Witness>Hf9k/325YucHNfJica/Et+di7AA4h5fA7iMaF3PY/iVxsRnJkLZyWkViWrdZXDkLQ3qrJaWSVCQjgRN+mL9VHw==</Witness><Witness>Dq8B05byxZQGjXsG7xgca+VfNrPHdaO4L+WwCD3jqDJgIjkjpgf532HIUc3GwiBxWTwa3NB++kc7hYkCxjwsPQ==</Witness><Witness>edvhupFpyb82+t1uwkhImLT7iXVKbL+za7jizoFx2O14JnmWgglw/gn9kvgGc/VvtF7hHLrJk78x+5MYqNZ5Jw==</Witness><Witness>aTVgXhn5dLDvjm1KNaNc4l76Na5Rr4lVIw3iKpV7TcZ6wbwOA6kJ81PtDhq8zOSxlkfGfhKQGgm+ssImogriFQ==</Witness><Witness>AIA6CC2rZsd29TpXdxmgoRKG4vCOchHAigP5G3jztxfSHaq+TY1W/kC7FIFDuyuEBfk66y9JkHwhFW6NEixvsw==</Witness><Witness>KQvlZwR+3ehjbo8RNAqtVnvx1FISDu7hL/Quo3KPLDlV9C/AygASNJoNox/1/LMcdVCB3WkPcmDwVeMWBz9e8Q==</Witness><Witness>CVSXf0UH05Q/ZoRubUsWLSdmMlATehav7Ah0lvC3Pn9O/IWBaMKjYvtkgvuCcv3g3AXVSn695KDFosV0BiAkPQ==</Witness><Witness>YeJBx2kKxhllwVUpphmuVi4TycAbLpOd8ER4LIE+j1nDefoaK/wJkFh1lhWxJKsHOvKpQdBdspgqp+OQsZNaGQ==</Witness><Witness>S0G7Ctcljg6Emtb9cAEiInWh8Fi8+gnIGanOBRwtvQnmhjeALQfQGBvse6gsNqem598uyc/kgNdI9FujskU4aA==</Witness></Witnesses></Proof></Reference></References><SignatureValue><DSigValue>YEhyUG/qHQkm/yVhY2u2mjrQtMXAf7BDUIe1rSdVafxkMQN2Nm1rR/GEIK7Bq+nEulc/ULD6HGieZYYZXH1DyA==</DSigValue><AccumulatorValue>AIaCHf++oOuu3euXaVNIeiuwy/LxnXOiqcm+AKeiVCQePF9+ZiyCqYDr0TVt2DogpnvG4IT3xJ32Bn+Mz6Ogmik=</AccumulatorValue></SignatureValue></Signature></container><?xml version="1.0" encoding="utf-8" standalone="no"?><!--
  ~ XMLRSS - A Java Crypto Provider for Redactable Signatures and their
  ~ XML Signature encoding.
  ~
  ~ Copyright (c) 2017 Wolfgang Popp
  ~
  ~ This program is free software: you can redistribute it and/or modify
  ~ it under the terms of the GNU General Public License as published by
  ~ the Free Software Foundation, either version 3 of the License, or
  ~ (at your option) any later version.
  ~
  ~ This program is distributed in the hope that it will be useful,
  ~ but WITHOUT ANY WARRANTY; without even the implied warranty of
  ~ MERCHANTABILITY or FITNESS FOR A PARTICULAR PURPOSE.  See the
  ~ GNU General Public License for more details.
  ~
  ~ You should have received a copy of the GNU General Public License
  ~ along with this program.  If not, see <http://www.gnu.org/licenses/>.
  --><container xmlns="https://sec.fim.uni-passau.de/psrss"><item id="i2"><struct id="s1"><header>head</header><body>
                <data>data</data>
            </body><footer>foot</footer></struct></item><Signature xmlns="https://sec.uni-passau.de/2017/03/xmlrss"><SignatureInfo><CanonicalizationMethod Algorithm="http://www.w3.org/2006/12/xml-c14n11#WithComments"/><RedactableSignatureAlgorithm Algorithm="http://sec.uni-passau.de/2017/xmlrss/glrss"/></SignatureInfo><References><Reference><Pointer URI="SignatureInfo"/><Proof><GSProof>NRlUQgCpOKHQeWq/49mw+N9cNewvUFrEd2jO+KVv8n9KNBpqULt/xkYF0O7vOe2BZiqpspp25Z+aldEH73xIhA==</GSProof><RandomValue>w1vdOCZlauPhPbqWi+lP6t8paRCtPfYDpGEOvMDEH7dH+btZtIEfi2BteiGd6NISM4SvR5oj/TmHXr1gdooZew==</RandomValue><AccumulatorValue>bija4nhZ98oZbRgyKlrQQAteKaX2+Dz+Vv2To8+r0kVn4KC3SIJkuZ+sqYS9PjxnWX3Y38Soswu0IrWVqGxUuQ==</AccumulatorValue><Witnesses><Witness>SWhLGr7mQjVnDaVnLO6YpEkKIzdNpFE1EbHXz0eltgkAb1nIyQLd83WvimfKX1Pcou/7VSGC3LDGUXi3T1n4gg==</Witness></Witnesses></Proof></Reference><Reference><Pointer Redactable="true" URI="#xpointer(id('i2'))"/><Proof><GSProof>AKfRvcpLrQW3wgiwJ8mQVVzKh3iRIbQC9ukeObNb7MPGVV76Et6GvkRcM4HZBpjN55DGql7kpsSBX5h+Sd2nz3o=</GSProof><RandomValue>1lwtSxVOOaQ3OhYAMOvQ+evumBH+EHp1Y6CHGDA68NlnqsZ0ehOGgDvgTfhlsYVp2AB86r+Xn8LEF+c+OO4lSw==</RandomValue><AccumulatorValue>b7fdeMBwNs2L3hiHOFEEVhI0eaqvqtMWqC+PnJEQJPXYJ/0EwHrI0bLK5LvHbyZlXO5m8SxzkoX/q4/dBH6CSA==</AccumulatorValue><Witnesses><Witness>b1E069vI6zWfRHF83X/YSVkdhqEQFi7DfZ5pxBleko/FrQS8Dw+hOAS4Mg4AlVQiuqFUPQrN41hUWH539IPPEw==</Witness><Witness>CW523W1Wp4huPd8w+dkdkXCqpY5b81RsUchv4Hdbm4i91RGarzKALEnwMJ15NzB9PxSOz0OXQ1FvByUsklS3xA==</Witness></Witnesses></Proof></Reference><Reference><Pointer Redactable="true" URI="#xpointer(id('s1'))"/><Proof><GSProof>ON9bAJBua+tHKV6JFvo3BgDW+jn8q6cR6b6hfh1SpgLs8zsQgIQzRngrEJ5Ev3prAt/C1953YfrThH9u4Zra3Q==</GSProof><RandomValue>QbgFZiCvRE0g3F3K9xLiOiChIoRGGQ38kA1cEhaC2jcOVw9B3jFMyMXFMWbP3jxUi8psaKttNQhZDaggeXYq7g==</RandomValue><AccumulatorValue>OppNKgp86v7OnpPzEp6hPXsZ70fsdhTKeE10pp5zkje6vRYDux8t5l0wj6xaAtjdLiO8ITQ04rbM39ma18KW3A==</AccumulatorValue><Witnesses><Witness>Hf9k/325YucHNfJica/Et+di7AA4h5fA7iMaF3PY/iVxsRnJkLZyWkViWrdZXDkLQ3qrJaWSVCQjgRN+mL9VHw==</Witness><Witness>YeJBx2kKxhllwVUpphmuVi4TycAbLpOd8ER4LIE+j1nDefoaK/wJkFh1lhWxJKsHOvKpQdBdspgqp+OQsZNaGQ==</Witness><Witness>S0G7Ctcljg6Emtb9cAEiInWh8Fi8+gnIGanOBRwtvQnmhjeALQfQGBvse6gsNqem598uyc/kgNdI9FujskU4aA==</Witness></Witnesses></Proof></Reference></References><SignatureValue><DSigValue>YEhyUG/qHQkm/yVhY2u2mjrQtMXAf7BDUIe1rSdVafxkMQN2Nm1rR/GEIK7Bq+nEulc/ULD6HGieZYYZXH1DyA==</DSigValue><AccumulatorValue>AIaCHf++oOuu3euXaVNIeiuwy/LxnXOiqcm+AKeiVCQePF9+ZiyCqYDr0TVt2DogpnvG4IT3xJ32Bn+Mz6Ogmik=</AccumulatorValue></SignatureValue></Signature></container><?xml version="1.0" encoding="UTF-8" standalone="no"?><Vehicle><Aircraft id="a1"><Glider id="g1">DG-800</Glider><Jet id="j1">Airbus A380</Jet></Aircraft><Watercraft id="a2"><Sailboat>Bavaria 36</Sailboat><Motorboat>Bavaria Sport 29</Motorboat></Watercraft><MotorVehicles id="a3"><Car Brand="Audi" Model="A3"/><Car Brand="Audi" Model="A4"/><Car Brand="BMW" Model="i7"/><Motorcycle Brand="Honda" Model="RC212V"/></MotorVehicles><Signature xmlns="https://sec.uni-passau.de/2017/03/xmlrss"><SignatureInfo><CanonicalizationMethod Algorithm="http://www.w3.org/2006/12/xml-c14n11#WithComments"/><RedactableSignatureAlgorithm Algorithm="http://sec.uni-passau.de/2017/xmlrss/glrss"/></SignatureInfo><References><Reference><Pointer URI="SignatureInfo"/><Proof><GSProof>QwrSU01SilM4rCcl8q2FYSDPfwWVeDXEOpfU0ctrglh/nxxCqsl8uQFMG4rlpQQ1r0C6VMh0F1d2FLsRcLNwgQ==</GSProof><RandomValue>E+wa/FSsBYzoaOz3Qrdb+9ORJYOCgblGZxWcDbh8EMoc8vmE7qLeEYHL1S9dAsIDe0YUZay5ZQru1eO1p/Bqgg==</RandomValue><AccumulatorValue>YmnLu5bqaY0G/Ol4AjkOFnywDDuk15icOmOA3AfVJxzPk21KsJuoaOK/bPt9n2g/vWyLCyFLGts4DTsENF/LTA==</AccumulatorValue><Witnesses><Witness>J6A8lSFmdmxnKpQTNkTeFZ4dE7D8Mu6dNTMalTYn1NwerQk0CGmH9AYcmgWPZgKlQwLO5s620SmY0qd1GWct4A==</Witness></Witnesses></Proof></Reference><Reference><Pointer Redactable="true" URI="#xpointer(id('a1'))"/><Proof><GSProof>E5HKHehnmdIzrtbtsfxnKAqCHaGVkaihITS0tGxImPCN1AmBF8kAQpTOZM2ZuFoMsuokI1IFNchRRCnzhSso4g==</GSProof><RandomValue>X+eqRkpSxbZzBRzfJ7Jp39Dmk9gnDtNGHlvmJzNPQQEDIfyz4IFlbNo+WuonyZQxQUX2Tss4nuWAT6egP3VGPw==</RandomValue><AccumulatorValue>YDTX5g0JlRtAabhhgNX1imMzZQwaIk93LuWRELtgPdCPeNrec7CyAQInrZPwFPSn+jKDFZ6Ux4+VFe7IELy4lQ==</AccumulatorValue><Witnesses><Witness>HzVYoYrFeOtBVAL7aMZomLOOYWyn2ExrCnj9vxXvO3ly7Zlq1OzSILx1EELyo+mtw7ekWTaqlglI1wj53H+p/A==</Witness><Witness>Zqh4+PTr78reKiCrVnMX58oSCjJW3FIoAi5QH/7v3FZORMEB99D9lpAZwbw3evhHYT+YE7va+3btvYsojAhbRw==</Witness></Witnesses></Proof></Reference><Reference><Pointer Redactable="true" URI="#xpointer(id('a2'))"/><Proof><GSProof>cxi3by+TB6ZVEUQrosHCwaSlsbPS/q4LoMt0Mojl6g4RLc5a24njKPHcXeTKdIrDRPHyDclt5nX5SXXYiwJVaQ==</GSProof><RandomValue>gDcJACg4NcRgoigj/Cu6rjGva/mFrJRap/DAuHopTmKjHTj3So09CWxSMTRPpiCU5bjEH0wJhBmmBdqHKmx9ag==</RandomValue><AccumulatorValue>FiL+OsrDwIjIqGV9GhIGinuoe8MbrgdY4iw49GSm2pYHQTzx4s/USO8TZgOh4Ukakb4Ojjhyx/2uvoUeVUhAyQ==</AccumulatorValue><Witnesses><Witness>BIsi4nw1pA52GLFgfR3iXkbfIpEx9lP/lJg4Prn3TmfErGHCviIjrbRfL1qhQyYRg9CuYX1khCvDbHnx2JqxuQ==</Witness><Witness>PkibScMtb8Z6fsfxRMKYMLYASbp2tzQkxgzg3TCNEdX7+ugVQ/m6k5k1koIm1A9+QPpVqaUlPhyb+uNgk483ag==</Witness><Witness>FPJe5URWz0u9zxYy4cVOsaD1ELYd53/7Q7JVFoVerpB6Nwj145/n2YoOgGAGsuyzsvte9PZ28wb9ohbqngCpnw==</Witness></Witnesses></Proof></Reference><Reference><Pointer Redactable="true" URI="#xpointer(id('a3'))"/><Proof><GSProof>AJfdLJVfESxGIqlX8n+gE6RtKSHVE8cceK3YDiqkV+/70PdYOwpHWKACpLls9mNJc9Yd8VfWx1REeaQFJudI9AI=</GSProof><RandomValue>2E23UZgcPi7g11KvhSuDFNuJPS+0bRXsgeaE0UA2+DWxEiCPJy9MGdr3Zb/Xj7Fu0DHYq/79n8eX0Qtol7yMhg==</RandomValue><AccumulatorValue>Ysn1szIvxwCgMMX+gsioSv6HWVxqu4AaONEYpCUxYftu12GoaSLINlgQOG7rCU1tlbDwGltL5ScqN916WtQmOQ==</AccumulatorValue><Witnesses><Witness>KprQlOcG1o6EMV2N86ol2bnQrWggJ/OlZRR9gnLrAGLu7Ue8sj/XM5q8vofUJXyCZ89OP0p8cQ2o54umRh84DQ==</Witness><Witness>cI9MuPaKnNmheGZYg/3rnTkSRt5At2uIvSEnPLIaRW6AMhV8oLoE2SoqCOzf+02qk5I/5borIMxIi2sHS7J2gg==</Witness><Witness>EEJMSDAi4e2PT71+BxA2a3lKLuqra5rgmF5ZslziBMnZbPKDjmxXeZMoO4k7enrI63ZK+cfYi078g84Gs3mecA==</Witness><Witness>GIPSi6/f4QFTbj2k/622dOV4I2PDa4sAIvYzpuQCyTH+1RtZnaaJCoD2M8fb065NpPLFqjyMPbCwV4E5dtWsIw==</Witness></Witnesses></Proof></Reference></References><SignatureValue><DSigValue>YEhyUG/qHQkm/yVhY2u2mjrQtMXAf7BDUIe1rSdVafxkMQN2Nm1rR/GEIK7Bq+nEulc/ULD6HGieZYYZXH1DyA==</DSigValue><AccumulatorValue>AKXLo8Ngdv3xbzmhK6ioY4y5FN4lbzQVwPF3nAkkWuB1rksteGuTIyKP0ZaBQRBo4d6Merd8K+Mk0RO4RjmQoek=</AccumulatorValue></SignatureValue></Signature></Vehicle><?xml version="1.0" encoding="UTF-8" standalone="no"?><Vehicle><Aircraft id="a1"><Glider id="g1">DG-800</Glider><Jet id="j1">Airbus A380</Jet></Aircraft><Watercraft id="a2"><Sailboat>Bavaria 36</Sailboat><Motorboat>Bavaria Sport 29</Motorboat></Watercraft><MotorVehicles id="a3"><Car Brand="Audi" Model="A3"/><Car Brand="Audi" Model="A4"/><Car Brand="BMW" Model="i7"/><Motorcycle Brand="Honda" Model="RC212V"/></MotorVehicles><Signature xmlns="https://sec.uni-passau.de/2017/03/xmlrss"><SignatureInfo><CanonicalizationMethod Algorithm="http://www.w3.org/2006/12/xml-c14n11#WithComments"/><RedactableSignatureAlgorithm Algorithm="http://sec.uni-passau.de/2017/xmlrss/glrss"/></SignatureInfo><References><Reference><Pointer URI="SignatureInfo"/><Proof><GSProof>AKydJ25sOP82OC2JjqsyauJjO4zs9KzcYtwdH5j+MbwfdWxmlCHKxKRzhTt0X8yN9x5VMQmR8ESMmWr9E8kXa70=</GSProof><RandomValue>wxOZ1S1IKNUtsmCKw6ZBXwoN9dAv3DxjDV7oNknKpLKJEU4dBB9b8T4ZPRpw2YXeF8KQ8TTvwD+8zP5bm+Ch/Q==</RandomValue><AccumulatorValue>RHqm3GX29EcbQMjdRMa/cWyR50j1uF6XE6/d2fZZ+Hs35C64qCtRaH4ntyz6kv6e9qC/TCjPC5xZXMeuxbuQsg==</AccumulatorValue><Witnesses><Witness>Gplya28l0IlaWKp5Ccftf/bxkcCZa0vocOsgIBuy/qXF0EGmLiaXXDZ/M8BdSm4dvLfeYgVemiKuUDIW5vLJhg==</Witness></Witnesses></Proof></Reference><Reference><Pointer Redactable="true" URI="#xpointer(id('a1'))"/><Proof><GSProof>bT96uRlPnoMtVGtiqazhNFfENV0SzVDY/As7xUyneDmLqh8b1NVaf/hKf5flvL1+sM95FPIKBVlSuH2QUFaMfw==</GSProof><RandomValue>wpTJTcFelGkZxXinmdahU5rAh3SOMasbt7SK7BJAaTJJD5YGtDvG8yMkLUmtJ9rav+hD53fhUdoy16MiuJyIww==</RandomValue><AccumulatorValue>cZnsXQtCqjVtl3x2qolcdGyfgMHoECQj8RQEutIAWGfQyzf8xS9Mg3fKubzfEG/socrDY8KUO48aCFi1XCOoUg==</AccumulatorValue><Witnesses><Witness>NQoWNUWYHo942hQgcobtlG2ooMWjhzM5qWY7c4I8VzugBxGBm8HUSwX/IMr0dXZaFziQ5o58AwiyQQb+pPuzrg==</Witness><Witness>X03Z6K8uWUM+xmY/7zGWNMVaBAdaCUcFGKJUk3CAXaH1KTLmqEcYV+gph7FhIk5yThRVC9B1qhM6AmOJzVB5GA==</Witness></Witnesses></Proof></Reference><Reference><Pointer Redactable="true" URI="#xpointer(id('a2'))"/><Proof><GSProof>E/6pJANRmjeZoA5ACOHuidWpgbg4ltUTJG1e2DYze7uTK/nsLGz/+PFmhiBOGf/2g4LfXTfn7dKeuo4ocM7inw==</GSProof><RandomValue>MWWrJFdvhjz6yyVLBsu0ZOEW5prBbbLTLjoeWNhVoN6lTW8+kC8dtp4wqsGXnbp8hnBRmOVxxmVi9z3CuvLhhw==</RandomValue><AccumulatorValue>QPRGJWsJmxEK2pENifNlc99D6YdKKJa46ueXUhIZCW8UwXkpVO+keSW0mN4N+nyrGuf1FUhrbTint0q8AVnWTA==</AccumulatorValue><Witnesses><Witness>djd8eGeaAoH1UV9ir6WK8LT5wNO0h7ThwVQ6EG04+wrKO0PY3z6PcM+KC+5XtUPOYPLKnyS3xvNb76VyYwnaXA==</Witness><Witness>M6EslGoPG246f8DffgCJ8kNehcidQIVRUAqUU8yjpdE/jbQu7RVZGOdvFU3tfaCvsJ8Msl3vNaEKDXg24knLxQ==</Witness><Witness>AYaJ4zjhL7pssb0pZXME+6ooaP9SpKL5EMRcSRN4MB6LEZRGtGbIkHjCglJFgUmVIWWwocKmzeWRU0Ocw85ZdQ==</Witness></Witnesses></Proof></Reference><Reference><Pointer Redactable="true" URI="#xpointer(id('a3'))"/><Proof><GSProof>AJ9JIkSxyAjw3DfIuRk//1baSQ68nuhac4nnUI82+fktum7wO2DkL+GA1n8Q4NMj10k/doZE+1UFyJdYiomHpIg=</GSProof><RandomValue>IqURlSfzPuV0LGp0dFG1P6RS2u4+lSagtvgfdq/dLForu9BzVhgNZ2XED+UPC3B1aYvroq9KmzhrpK1f70VUpQ==</RandomValue><AccumulatorValue>O0vlPXWDG4hn4iqisUwbCeqr9bXmSnCD3Pv7ZsHa64mKC3pLDRZbeDp1IqOAESmNxvSUm2VSgqeL7KVxLT5COA==</AccumulatorValue><Witnesses><Witness>ZgOkCtMeXmLnJJrvv0j7FVI+7osTu6AoSI+bzE8fRgUzaOWPk6r3DfhDZY9vYEDjPovT2XSQSgyYjp0O1W7lhw==</Witness><Witness>XkzPLDX6AtsszOwFxfJdjyx7Bkt2Um+FLB88dEONZ15RggzyIcaJJrQ9T4XiNKtUFntkvPX8akedBXw/1szISQ==</Witness><Witness>HzC2OFw/f5rD9n//E7iRxRWbbW2c+vYBKv4J5sveU67JllvO6MwncJRFME3AQXzYljgZ5IqLy8R/Tc3kSRZ7fw==</Witness><Witness>B5vP6WTgDe+wJksF9A5v+xiWM7kGXjSVVitUDiq6rQgFkIUHxGgeTd71n3H3JdNM59wuFVLI1NEXZTFzBaG71A==</Witness></Witnesses></Proof></Reference></References><SignatureValue><DSigValue>YEhyUG/qHQkm/yVhY2u2mjrQtMXAf7BDUIe1rSdVafxkMQN2Nm1rR/GEIK7Bq+nEulc/ULD6HGieZYYZXH1DyA==</DSigValue><AccumulatorValue>c/UDU6e06anGRiYyPZZE/lns0zjvJiK6Xh0Lds3XMzYebL4Z68aV19yyjdpU1u1tJ6c6kPdKjrJMi8tQGpCckA==</AccumulatorValue></SignatureValue></Signature></Vehicle><?xml version="1.0" encoding="UTF-8" standalone="no"?><Vehicle><Aircraft id="a1"><Glider id="g1">DG-800</Glider><Jet id="j1">Airbus A380</Jet></Aircraft><Watercraft id="a2"><Sailboat>Bavaria 36</Sailboat><Motorboat>Bavaria Sport 29</Motorboat></Watercraft><MotorVehicles id="a3"><Car Brand="Audi" Model="A3"/><Car Brand="Audi" Model="A4"/><Car Brand="BMW" Model="i7"/><Motorcycle Brand="Honda" Model="RC212V"/></MotorVehicles><Signature xmlns="https://sec.uni-passau.de/2017/03/xmlrss"><SignatureInfo><CanonicalizationMethod Algorithm="http://www.w3.org/2006/12/xml-c14n11#WithComments"/><RedactableSignatureAlgorithm Algorithm="http://sec.uni-passau.de/2017/xmlrss/glrss"/></SignatureInfo><References><Reference><Pointer URI="SignatureInfo"/><Proof><GSProof>MvTGcP3DSRgOrHcJtqNO1GKW/DzKjGvLKw07UZLiVY1GUDUHCZbCuGKnFEEG2ZnvLjKA8PZL6znGo0Cnz4+soQ==</GSProof><RandomValue>f1dNo2a47Mdo32zl7qQ7sR0sd/RHxiQSNhKyQEEGmieUqNinYFnoSaZWKmp6rEdAVkF9elMjI+giuJ45VwefgA==</RandomValue><AccumulatorValue>GcEdmMmHxP2ImX83JLpos9ML3op+ej0mtcznYBbY9LCzYqw5cwNNJZv56nfEY2IjpunI9EAQb4y2TNYl1jcYEQ==</AccumulatorValue><Witnesses><Witness>Gg9TDYq1s6Jg+8dPMUXXNZGCRr6DZNtGXeXg3h2Uc78wPRobwqSJZjMyyVzn2IyA4R8MZe/ScEvTINVRM38NBQ==</Witness></Witnesses></Proof></Reference><Reference><Pointer Redactable="true" URI="#xpointer(id('a1'))"/><Proof><GSProof>AJSe3bsQjPCdg6PDcYnFbcplXRDjclkHkiwWC7r3UMh0BJTD61Bq5MLWeF5sltT5K5SLZw0eqwcnMmH3k5Ueh3Q=</GSProof><RandomValue>cM7p1B0s/jOSvjwK9swOOABkMyKIPVSbkdnrVy+z46J7iAEZAqZT2UFfod9oVZWPi3D8eoutXiTb7b55jeKQlA==</RandomValue><AccumulatorValue>KChK9JlbKgeolf7lLbtK88U0IZzvE4VLYDQ0nbJEfiXAdp3odsYw3zByU3B1ybJRGeXZ0H3OdhcHOunbCQ2G0A==</AccumulatorValue><Witnesses><Witness>ZCxHfEM7jliMmYZccq0KshQYc0yaH8cOWue1OR3XSABD91Ww/JyST8rf+fbV33mbf+b7Rp7d0gkdCKYPeO7E0w==</Witness><Witness>DgNhTiBcXvtpbVJv7X9yxOpU/q8TYBh8/IeavHGlWxqit7TK851Gt8/7OC6hycWMVp+1qLeYHspraUI5EdBlIQ==</Witness></Witnesses></Proof></Reference><Reference><Pointer Redactable="true" URI="#xpointer(id('a2'))"/><Proof><GSProof>AJft9mKRNUGVSKXMOkX91AhjAlxoIFPaKZ/1uq6RaouXeMIVs9jXi2qtul/ivCy+/z7/n0V+/z+2DbZuI23ou/o=</GSProof><RandomValue>PLohX/Nuf7PCi8nPEt/Q3HvvachbdZldyhEJuX3cfA/j5hk6abPwf70/9I2w5U3yaGblRP30Nf8eWZkPMcvESg==</RandomValue><AccumulatorValue>cU7WETDNenRNejJb4rThSdARQGz62cUqW9p50cIaRMtm99sxhDgI+gnne47hqfaq/VgqtT+6tMisEGzjHcWV3A==</AccumulatorValue><Witnesses><Witness>GefoYl0T6OMG5+HLFUKu36lvA/YG/cuvJzM+hOGLjWYaEHAtbmN/xbj/Z7i3hT68ADIY6mQAW0C+9JqSYAAraw==</Witness><Witness>E81xm5JUqZNtNlOW6QgGNR39OrfyxqQJQ/q1L+l+TXvwGYLpvRMZKFO64FQGXjdj2FiErytI+vpC8Xtf3pL1fQ==</Witness><Witness>OiXbF3dh7sgib3Jlbe0yeEDG4p+RgEZcYIdZBEsHQRY3cz1wOTH9JOlltRbtvHHEadZc5wmF83QP5dZlXYaGBg==</Witness></Witnesses></Proof></Reference><Reference><Pointer Redactable="true" URI="#xpointer(id('a3'))"/><Proof><GSProof>c09kTgZvZMXxQ3ZiOEB8k3dw6fJ64ZyfuOutLSA2jxzRh27ejjsDqcZRUs8orlAfcRFQTym109UswOzMJ1Anrw==</GSProof><RandomValue>MTkkHYgfuWxSNPzLZ9nCQtFszkIE3CsC2LaTiiD6ACKgStC+FENpH2X8lHRHTGbr8rxOSrNODTWnXqFwumUPFA==</RandomValue><AccumulatorValue>cr5HZNLbMk38hZWkOQjqIopMEQ/dHhp3hHy0HE4SexeK8YkLGHukSreBAMSPSqaE33hD32iyHcEb4mD4w0mYaw==</AccumulatorValue><Witnesses><Witness>UWDMkXaSPXPL36mnQ2GKtKFyBYX35dpFIrZt22ddnjVZDwzghVh5GJEW0/wfCDOu4FfTM/KorQ5Pv1FEchQJaQ==</Witness><Witness>PBQyqWagKw8biHIY+uWXNMucfA2UYqY+5zlMafcbDPq0SsKr5Ox6AuzDUb2H+8QUPixLa8GFh3RO1+zIIDzSuQ==</Witness><Witness>WaUKGEyJ25F0pjX5WxhbnHXG9de+7ZwUUCx2DoZBBAAX569ToU9ELg+JxKHn30G4EK7o726WdfIdfsSOzT0aXA==</Witness><Witness>T6lkmHTPn+umquBTKw2rBN42/h7cEAPvYs6m7wi/eNJe30i9umUKrigla7MijRnviZHqn+3ZUf/5NsmTQiamog==</Witness></Witnesses></Proof></Reference></References><SignatureValue><DSigValue>YEhyUG/qHQkm/yVhY2u2mjrQtMXAf7BDUIe1rSdVafxkMQN2Nm1rR/GEIK7Bq+nEulc/ULD6HGieZYYZXH1DyA==</DSigValue><AccumulatorValue>eB19pcvCUdGQ8K0yYsIkMxsaEiTWJh+tYXj93Vgwtn4Yufr7/UTXpxxtEqpNd5/6nKBkFNhJGlryE3oq2gvxmg==</AccumulatorValue></SignatureValue></Signature></Vehicle>]]></system-out>
  <system-err><![CDATA[SLF4J: Failed to load class "org.slf4j.impl.StaticLoggerBinder".
SLF4J: Defaulting to no-operation (NOP) logger implementation
SLF4J: See http://www.slf4j.org/codes.html#StaticLoggerBinder for further details.
]]></system-err>
</testsuite>
