<?xml version="1.0" encoding="UTF-8"?>
<testsuite name="de.unipassau.wolfgangpopp.xmlrss.wpprovider.grss.GLRedactableSignatureTest" tests="15" skipped="0" failures="0" errors="0" timestamp="2022-03-04T11:49:15" hostname="sentinel" time="0.171">
  <properties/>
  <testcase name="testAddDuplicateIdentifiers" classname="de.unipassau.wolfgangpopp.xmlrss.wpprovider.grss.GLRedactableSignatureTest" time="0.004"/>
  <testcase name="testRedactNonRedactable" classname="de.unipassau.wolfgangpopp.xmlrss.wpprovider.grss.GLRedactableSignatureTest" time="0.021"/>
  <testcase name="testAddDuplicateParts" classname="de.unipassau.wolfgangpopp.xmlrss.wpprovider.grss.GLRedactableSignatureTest" time="0.019"/>
  <testcase name="testSignSomeRedactable" classname="de.unipassau.wolfgangpopp.xmlrss.wpprovider.grss.GLRedactableSignatureTest" time="0.014"/>
  <testcase name="testNonVerify" classname="de.unipassau.wolfgangpopp.xmlrss.wpprovider.grss.GLRedactableSignatureTest" time="0.011"/>
  <testcase name="testRedactAndThenRedact" classname="de.unipassau.wolfgangpopp.xmlrss.wpprovider.grss.GLRedactableSignatureTest" time="0.027"/>
  <testcase name="testGetInstanceFromSpecificProviderObject" classname="de.unipassau.wolfgangpopp.xmlrss.wpprovider.grss.GLRedactableSignatureTest" time="0.001"/>
  <testcase name="testSignAndThenVerifyOnSameObject" classname="de.unipassau.wolfgangpopp.xmlrss.wpprovider.grss.GLRedactableSignatureTest" time="0.003"/>
  <testcase name="testGetInstanceFromSpecificProviderString" classname="de.unipassau.wolfgangpopp.xmlrss.wpprovider.grss.GLRedactableSignatureTest" time="0.0"/>
  <testcase name="testSignThenRedactAndThenVerifyOnSameOject" classname="de.unipassau.wolfgangpopp.xmlrss.wpprovider.grss.GLRedactableSignatureTest" time="0.022"/>
  <testcase name="testSignAndThenVerifyOnNewObject" classname="de.unipassau.wolfgangpopp.xmlrss.wpprovider.grss.GLRedactableSignatureTest" time="0.004"/>
  <testcase name="testSignAllRedactable" classname="de.unipassau.wolfgangpopp.xmlrss.wpprovider.grss.GLRedactableSignatureTest" time="0.026"/>
  <testcase name="testSignAndThenSign" classname="de.unipassau.wolfgangpopp.xmlrss.wpprovider.grss.GLRedactableSignatureTest" time="0.006"/>
  <testcase name="testSignThenRedactAndThenVerifyOnNewObject" classname="de.unipassau.wolfgangpopp.xmlrss.wpprovider.grss.GLRedactableSignatureTest" time="0.007"/>
  <testcase name="testGetInstance" classname="de.unipassau.wolfgangpopp.xmlrss.wpprovider.grss.GLRedactableSignatureTest" time="0.0"/>
  <system-out><![CDATA[]]></system-out>
  <system-err><![CDATA[]]></system-err>
</testsuite>
