<?xml version="1.0" encoding="UTF-8"?>
<testsuite name="de.unipassau.wolfgangpopp.xmlrss.wpprovider.grss.xml.GSRedactableXMLSignatureTest" tests="13" skipped="0" failures="0" errors="0" timestamp="2022-03-02T14:07:23" hostname="sentinel" time="0.085">
  <properties/>
  <testcase name="testAddNonRedactable" classname="de.unipassau.wolfgangpopp.xmlrss.wpprovider.grss.xml.GSRedactableXMLSignatureTest" time="0.008"/>
  <testcase name="testRedactNonRedactable" classname="de.unipassau.wolfgangpopp.xmlrss.wpprovider.grss.xml.GSRedactableXMLSignatureTest" time="0.004"/>
  <testcase name="testGetInstanceFromSpecificProviderObject" classname="de.unipassau.wolfgangpopp.xmlrss.wpprovider.grss.xml.GSRedactableXMLSignatureTest" time="0.001"/>
  <testcase name="testGetInstanceFromSpecificProviderString" classname="de.unipassau.wolfgangpopp.xmlrss.wpprovider.grss.xml.GSRedactableXMLSignatureTest" time="0.0"/>
  <testcase name="testRedactOverlapDTD" classname="de.unipassau.wolfgangpopp.xmlrss.wpprovider.grss.xml.GSRedactableXMLSignatureTest" time="0.006"/>
  <testcase name="testSign" classname="de.unipassau.wolfgangpopp.xmlrss.wpprovider.grss.xml.GSRedactableXMLSignatureTest" time="0.007"/>
  <testcase name="testSignThenRedactAndThenVerify" classname="de.unipassau.wolfgangpopp.xmlrss.wpprovider.grss.xml.GSRedactableXMLSignatureTest" time="0.013"/>
  <testcase name="testRedactOverlapSchema" classname="de.unipassau.wolfgangpopp.xmlrss.wpprovider.grss.xml.GSRedactableXMLSignatureTest" time="0.016"/>
  <testcase name="testVerifyFalseModifiedDoc" classname="de.unipassau.wolfgangpopp.xmlrss.wpprovider.grss.xml.GSRedactableXMLSignatureTest" time="0.008"/>
  <testcase name="testSignAndThenVerify" classname="de.unipassau.wolfgangpopp.xmlrss.wpprovider.grss.xml.GSRedactableXMLSignatureTest" time="0.011"/>
  <testcase name="testVerifyFalseModfiedSig" classname="de.unipassau.wolfgangpopp.xmlrss.wpprovider.grss.xml.GSRedactableXMLSignatureTest" time="0.007"/>
  <testcase name="testAddPartSelectorDuplicate" classname="de.unipassau.wolfgangpopp.xmlrss.wpprovider.grss.xml.GSRedactableXMLSignatureTest" time="0.002"/>
  <testcase name="testGetInstance" classname="de.unipassau.wolfgangpopp.xmlrss.wpprovider.grss.xml.GSRedactableXMLSignatureTest" time="0.0"/>
  <system-out><![CDATA[<?xml version="1.0" encoding="UTF-8" standalone="no"?><Vehicle><Aircraft id="a1"><Glider id="g1">DG-800</Glider><Jet id="j1">Airbus A380</Jet></Aircraft><Watercraft id="a2"><Sailboat>Bavaria 36</Sailboat><Motorboat>Bavaria Sport 29</Motorboat></Watercraft><MotorVehicles id="a3"><Car Brand="Audi" Model="A3"/><Car Brand="Audi" Model="A4"/><Car Brand="BMW" Model="i7"/><Motorcycle Brand="Honda" Model="RC212V"/></MotorVehicles><Signature xmlns="https://sec.uni-passau.de/2017/03/xmlrss"><SignatureInfo><CanonicalizationMethod Algorithm="http://www.w3.org/2006/12/xml-c14n11#WithComments"/><RedactableSignatureAlgorithm Algorithm="http://sec.uni-passau.de/2017/xmlrss/gsrss"/></SignatureInfo><References><Reference><Pointer URI="SignatureInfo"/><Proof><Data>AKUdPi80uFIeBYL+k6+ODvLG7w69dtpGK7N5b/ZWI8kw4dsbX/jj3FkiC0VzN2RKdaXN0B20xVbEHb3y415eoZ8=</Data></Proof></Reference><Reference><Pointer Redactable="true" URI="#xpointer(id('a1'))"/><Proof><Data>TlwdVRxq4IXgPRAoWOumP/5v5IKS8iXkDv9tykG466ta8yxW0QdkjJx2E8i0/oPiCj8YPjWPPF11k7bOnoT6RQ==</Data></Proof></Reference><Reference><Pointer Redactable="false" URI="#xpointer(id('a2'))"/><Proof><Data>JSeqFEMO2e6evzPKVXvCf3aA/4Dy6IgL1gJ/SmpsolzhO8e75VQ3lhT/o1/MQJ93BqlpFy12032Tzxt3qnOkow==</Data></Proof></Reference></References><SignatureValue><DSigValue>NxFXoupD4Fu7eAdXQ42/YOS3cDAu3py/+a38mr0mVMH0CbHhTnSbqQyT9WISQAslm0bTPg54SVPPLFIhxOvKJA==</DSigValue><AccumulatorValue>Ac+xorob/kj7MBXlp9k2BhWGIjsEKNsmKkJpCBM8L4jx03a7dDDscmksYmjlG+Tj7Zs5lS33YbTInDsHu71wjQ==</AccumulatorValue></SignatureValue></Signature></Vehicle><?xml version="1.0" encoding="UTF-8" standalone="no"?><Vehicle><Aircraft id="a1"><Glider id="g1">DG-800</Glider><Jet id="j1">Airbus A380</Jet></Aircraft><Watercraft id="a2"><Sailboat>Bavaria 36</Sailboat><Motorboat>Bavaria Sport 29</Motorboat></Watercraft><MotorVehicles id="a3"><Car Brand="Audi" Model="A3"/><Car Brand="Audi" Model="A4"/><Car Brand="BMW" Model="i7"/><Motorcycle Brand="Honda" Model="RC212V"/></MotorVehicles><Signature xmlns="https://sec.uni-passau.de/2017/03/xmlrss"><SignatureInfo><CanonicalizationMethod Algorithm="http://www.w3.org/2006/12/xml-c14n11#WithComments"/><RedactableSignatureAlgorithm Algorithm="http://sec.uni-passau.de/2017/xmlrss/gsrss"/></SignatureInfo><References><Reference><Pointer Redactable="true" URI="#xpointer(id('a1'))"/><Proof><Data>cCclpW8N77xNA6lgoHjXhBieSNDu2uYpvOrOa1zM3elZs5spNKn6rzKUco3wMn2hz+NiAw1slmogBXGaOCSpDw==</Data></Proof></Reference><Reference><Pointer URI="SignatureInfo"/><Proof><Data>fEI8+E48h26uvFEhTccWmhL8hjwbOSZTM89Hs4hncC0Gh6X3GTOuyExp1Ahdmdp0toFdtO0BTKlLkAT5amSgHg==</Data></Proof></Reference><Reference><Pointer Redactable="false" URI="#xpointer(id('a2'))"/><Proof><Data>AJ0gyHSNbUHZ6vac/I2Ta0u2u8UUAXwW8lB8UCuXfUy1UW5Pmj9fUzm/3XUMC4ArQcW9zJmmO+azzxnbxQRXZ7M=</Data></Proof></Reference></References><SignatureValue><DSigValue>NxFXoupD4Fu7eAdXQ42/YOS3cDAu3py/+a38mr0mVMH0CbHhTnSbqQyT9WISQAslm0bTPg54SVPPLFIhxOvKJA==</DSigValue><AccumulatorValue>Vtv1bL461OIUT3kT63O7uZcq0r763DPR0Xb24Pki3wah8x9HxEsIW2CqCPoX4XNndh1F0YBUFMEQqRxcjX4hnA==</AccumulatorValue></SignatureValue></Signature></Vehicle><?xml version="1.0" encoding="UTF-8" standalone="no"?><Vehicle><Aircraft id="a1"><Glider id="g1">DG-800</Glider><Jet id="j1">Airbus A380</Jet></Aircraft><Watercraft id="a2"><Sailboat>Bavaria 36</Sailboat><Motorboat>Bavaria Sport 29</Motorboat></Watercraft><MotorVehicles id="a3"><Car Brand="Audi" Model="A3"/><Car Brand="Audi" Model="A4"/><Car Brand="BMW" Model="i7"/><Motorcycle Brand="Honda" Model="RC212V"/></MotorVehicles><Signature xmlns="https://sec.uni-passau.de/2017/03/xmlrss"><SignatureInfo><CanonicalizationMethod Algorithm="http://www.w3.org/2006/12/xml-c14n11#WithComments"/><RedactableSignatureAlgorithm Algorithm="http://sec.uni-passau.de/2017/xmlrss/gsrss"/></SignatureInfo><References><Reference><Pointer Redactable="true" URI="#xpointer(id('a1'))"/><Proof><Data>QTTD9L6F1riaUzrADr7Ospba/eUGQNVy5kQy1XBwK5/cEt9O1yqg1slEfc3nTEz8KMu7i3jwqIzGGSYXrRvT4A==</Data></Proof></Reference><Reference><Pointer Redactable="true" URI="#xpointer(id('a2'))"/><Proof><Data>YnQtYd0ummuqf9A+xHJQzbUIYz/UHhswP8Xuzv5bkcZ54EfJwWU4cjYpfCkMdnsW+8AzQPc9N52O4RRNe6diEw==</Data></Proof></Reference><Reference><Pointer Redactable="true" URI="#xpointer(id('a3'))"/><Proof><Data>WJg5CTYhB/QwHBItBawULCgmTQ7pnZZcOminR0+07KVytko94m2QbCxftnTGHIQ+1mk4GmxpHL1HQDGIQNsiJA==</Data></Proof></Reference><Reference><Pointer URI="SignatureInfo"/><Proof><Data>TBHoUNXAe6vwmaLRHVIob49EEdhtosPNLjvyo9+THuSs1UAuTj8CJix5hrfdqUS8mToxdOHbvYJeB8sj41KuFw==</Data></Proof></Reference></References><SignatureValue><DSigValue>GrvoCBAc93qZodUuJR7Bv5HowUPDfbOISBwm0w+E5EJioBPUOv04DcZQVwSja+SlV5azi9udwh+t1R3CRK47Sw==</DSigValue><AccumulatorValue>AK9Tz14mlzmPsNBVHHJdC2BTXDkxBxGzk8cVNMVJ90/qdukMvWqIap4VQJnvTHMcogQ/fV2Httik3k2bDr5lPqc=</AccumulatorValue></SignatureValue></Signature></Vehicle><?xml version="1.0" encoding="utf-8" standalone="no"?><!--
  ~ XMLRSS - A Java Crypto Provider for Redactable Signatures and their
  ~ XML Signature encoding.
  ~
  ~ Copyright (c) 2017 Wolfgang Popp
  ~
  ~ This program is free software: you can redistribute it and/or modify
  ~ it under the terms of the GNU General Public License as published by
  ~ the Free Software Foundation, either version 3 of the License, or
  ~ (at your option) any later version.
  ~
  ~ This program is distributed in the hope that it will be useful,
  ~ but WITHOUT ANY WARRANTY; without even the implied warranty of
  ~ MERCHANTABILITY or FITNESS FOR A PARTICULAR PURPOSE.  See the
  ~ GNU General Public License for more details.
  ~
  ~ You should have received a copy of the GNU General Public License
  ~ along with this program.  If not, see <http://www.gnu.org/licenses/>.
  --><container xmlns="https://sec.fim.uni-passau.de/psrss"><item id="i1"><list id="l1"><entry id="e1">entry1</entry><entry id="e2">entry2</entry><entry id="e3">entry3</entry></list></item><item id="i2"><struct id="s1"><header>head</header><body>
                <data>data</data>
            </body><footer>foot</footer></struct></item><item id="i3"><data id="d1">data</data></item><Signature xmlns="https://sec.uni-passau.de/2017/03/xmlrss"><SignatureInfo><CanonicalizationMethod Algorithm="http://www.w3.org/2006/12/xml-c14n11#WithComments"/><RedactableSignatureAlgorithm Algorithm="http://sec.uni-passau.de/2017/xmlrss/gsrss"/></SignatureInfo><References><Reference><Pointer Redactable="true" URI="#xpointer(id('l1'))"/><Proof><Data>AJ84riGhvMBgyz2wADYtv4PB3NiBCEP+2m12mMsQt3tdmWYmovh4XSfUWT1nE9ARcS9Byro37cjzgPvyAOnHVrk=</Data></Proof></Reference><Reference><Pointer Redactable="true" URI="#xpointer(id('i2'))"/><Proof><Data>Lb3jaYbLw+9r9rO0XqEUNb+Qq//FpWAvE1oc4bBB8up3pWp4mPOEdDMhpX9HhWh0SRtJgdgLetj11Nw/2dQQdA==</Data></Proof></Reference><Reference><Pointer URI="SignatureInfo"/><Proof><Data>ALVuIRjsGwYU8HKOK5VDS+uPaznJYmeWNGnL9UsiL5hsBzMvu3DUHXgUZLGVVAlj5aI2qTW0zGmyfGoNE6fASbw=</Data></Proof></Reference><Reference><Pointer Redactable="true" URI="#xpointer(id('e3'))"/><Proof><Data>AIu3/3xYjNdvsEbN0jprqKdCJqXt6wX4y08yIMeNuwhPFvrkW1/IRKF+U1G1rfCmHtjp6LchQP/fP0nBdBC599A=</Data></Proof></Reference><Reference><Pointer Redactable="true" URI="#xpointer(id('s1'))"/><Proof><Data>TDPfZ4j2a2VbR2nph5hH7ZwzkJkT3HixDM4Wou5ZeX4o23OG5IeLQS9doBIFgbglP9RkMxm4MuxLa1u78IwkQQ==</Data></Proof></Reference><Reference><Pointer Redactable="true" URI="#xpointer(id('e1'))"/><Proof><Data>AJ8u/0s4Dd6V5YmeQNYOx2mQqAQqvlFkG9wzFIeB5vlTrnq9HB36jal7YtN6dc1xH6cVOCUGqKnoWTh5ovHDuok=</Data></Proof></Reference><Reference><Pointer Redactable="true" URI="#xpointer(id('e2'))"/><Proof><Data>CbYmGCht8UQLNfDuzpBSW2sTj0f1jo8RurBcGQSmzVDMsilHuhkG/G+CRcH5PSXr2rlh/SuNl8TufEnzWtPL9Q==</Data></Proof></Reference><Reference><Pointer Redactable="true" URI="#xpointer(id('i3'))"/><Proof><Data>D7tRrMVkJjM9gnAaECrTqnmo0ZEhsWFscxy1rOz6LBTCl7C1KhKn+kW2VAd9xXI3U7KRW1TZOA6skRwwTN54Fg==</Data></Proof></Reference><Reference><Pointer Redactable="true" URI="#xpointer(id('i1'))"/><Proof><Data>OT9tM03J4tjKHJFR4NZTWgGQJHhucLAOe+RqoIWMjBhI/LxBnZgy4hNWrtdDNtihp4RNAQKuY96gKEmUQp0ssQ==</Data></Proof></Reference></References><SignatureValue><DSigValue>GrvoCBAc93qZodUuJR7Bv5HowUPDfbOISBwm0w+E5EJioBPUOv04DcZQVwSja+SlV5azi9udwh+t1R3CRK47Sw==</DSigValue><AccumulatorValue>TLLXjbsjfMQoMmKN8GH8ghb0WfTwcxWPw+azi66IjAu8nyUA7SKnnvz/miXprQSMoz5Kx5eStsc/N98aEdFw0w==</AccumulatorValue></SignatureValue></Signature></container><?xml version="1.0" encoding="utf-8" standalone="no"?><!--
  ~ XMLRSS - A Java Crypto Provider for Redactable Signatures and their
  ~ XML Signature encoding.
  ~
  ~ Copyright (c) 2017 Wolfgang Popp
  ~
  ~ This program is free software: you can redistribute it and/or modify
  ~ it under the terms of the GNU General Public License as published by
  ~ the Free Software Foundation, either version 3 of the License, or
  ~ (at your option) any later version.
  ~
  ~ This program is distributed in the hope that it will be useful,
  ~ but WITHOUT ANY WARRANTY; without even the implied warranty of
  ~ MERCHANTABILITY or FITNESS FOR A PARTICULAR PURPOSE.  See the
  ~ GNU General Public License for more details.
  ~
  ~ You should have received a copy of the GNU General Public License
  ~ along with this program.  If not, see <http://www.gnu.org/licenses/>.
  --><container xmlns="https://sec.fim.uni-passau.de/psrss"><item id="i2"><struct id="s1"><header>head</header><body>
                <data>data</data>
            </body><footer>foot</footer></struct></item><Signature xmlns="https://sec.uni-passau.de/2017/03/xmlrss"><SignatureInfo><CanonicalizationMethod Algorithm="http://www.w3.org/2006/12/xml-c14n11#WithComments"/><RedactableSignatureAlgorithm Algorithm="http://sec.uni-passau.de/2017/xmlrss/gsrss"/></SignatureInfo><References><Reference><Pointer Redactable="true" URI="#xpointer(id('i2'))"/><Proof><Data>Lb3jaYbLw+9r9rO0XqEUNb+Qq//FpWAvE1oc4bBB8up3pWp4mPOEdDMhpX9HhWh0SRtJgdgLetj11Nw/2dQQdA==</Data></Proof></Reference><Reference><Pointer URI="SignatureInfo"/><Proof><Data>ALVuIRjsGwYU8HKOK5VDS+uPaznJYmeWNGnL9UsiL5hsBzMvu3DUHXgUZLGVVAlj5aI2qTW0zGmyfGoNE6fASbw=</Data></Proof></Reference><Reference><Pointer Redactable="true" URI="#xpointer(id('s1'))"/><Proof><Data>TDPfZ4j2a2VbR2nph5hH7ZwzkJkT3HixDM4Wou5ZeX4o23OG5IeLQS9doBIFgbglP9RkMxm4MuxLa1u78IwkQQ==</Data></Proof></Reference></References><SignatureValue><DSigValue>GrvoCBAc93qZodUuJR7Bv5HowUPDfbOISBwm0w+E5EJioBPUOv04DcZQVwSja+SlV5azi9udwh+t1R3CRK47Sw==</DSigValue><AccumulatorValue>TLLXjbsjfMQoMmKN8GH8ghb0WfTwcxWPw+azi66IjAu8nyUA7SKnnvz/miXprQSMoz5Kx5eStsc/N98aEdFw0w==</AccumulatorValue></SignatureValue></Signature></container><?xml version="1.0" encoding="UTF-8" standalone="no"?><Vehicle><Aircraft id="a1"><Glider id="g1">DG-800</Glider><Jet id="j1">Airbus A380</Jet></Aircraft><Watercraft id="a2"><Sailboat>Bavaria 36</Sailboat><Motorboat>Bavaria Sport 29</Motorboat></Watercraft><MotorVehicles id="a3"><Car Brand="Audi" Model="A3"/><Car Brand="Audi" Model="A4"/><Car Brand="BMW" Model="i7"/><Motorcycle Brand="Honda" Model="RC212V"/></MotorVehicles><Signature xmlns="https://sec.uni-passau.de/2017/03/xmlrss"><SignatureInfo><CanonicalizationMethod Algorithm="http://www.w3.org/2006/12/xml-c14n11#WithComments"/><RedactableSignatureAlgorithm Algorithm="http://sec.uni-passau.de/2017/xmlrss/gsrss"/></SignatureInfo><References><Reference><Pointer URI="SignatureInfo"/><Proof><Data>EuxuYdUBPPmoSVkQ7t6637rorOJyS+Ng2Bv85S7Sf6HyhDyHax/lY/+GY/oLiAnKtlEEaJZ7ILh8nhulZKdbpw==</Data></Proof></Reference><Reference><Pointer Redactable="true" URI="#xpointer(id('a3'))"/><Proof><Data>Fsg8cnVQzhaUQpsm8E7bmP3fHaoaFDXYckMOwOP8eUottv8Dio5hL/mO5KdPu2/5SG7PDvqCG0mCEAEOvQi/Nw==</Data></Proof></Reference><Reference><Pointer Redactable="true" URI="#xpointer(id('a2'))"/><Proof><Data>AIP9DZEOzUHFDpuqfLCqlSgzw3i/vzOawQ4pZZgD3QHjtJB3Qx5bVvprWoXOHWyumHYbQvVg3+wrlEuDYe6CU3E=</Data></Proof></Reference><Reference><Pointer Redactable="true" URI="#xpointer(id('a1'))"/><Proof><Data>dFB+uY+XFPsBtIj8HacHwT/PvtXDJAoGxyufLLudrpKa/eGQLHsKvRu8c55SuDogjX/Hub4FSGWbGG+UhwyRGw==</Data></Proof></Reference></References><SignatureValue><DSigValue>GrvoCBAc93qZodUuJR7Bv5HowUPDfbOISBwm0w+E5EJioBPUOv04DcZQVwSja+SlV5azi9udwh+t1R3CRK47Sw==</DSigValue><AccumulatorValue>LEF3K5yy9GfYhWsWRSbNON9aOlypDcp4Jhlz+gg3ixATQGheyxRD/XLUZ2pvwF6XmMCERzJ4czsSG6gmvsl+Yw==</AccumulatorValue></SignatureValue></Signature></Vehicle><?xml version="1.0" encoding="UTF-8" standalone="no"?><Vehicle><Aircraft id="a1"><Glider id="g1">DG-800</Glider><Jet id="j1">Airbus A380</Jet></Aircraft><Watercraft id="a2"><Sailboat>Bavaria 36</Sailboat><Motorboat>Bavaria Sport 29</Motorboat></Watercraft><MotorVehicles id="a3"><Car Brand="Audi" Model="A3"/><Car Brand="Audi" Model="A4"/><Car Brand="BMW" Model="i7"/><Motorcycle Brand="Honda" Model="RC212V"/></MotorVehicles><Signature xmlns="https://sec.uni-passau.de/2017/03/xmlrss"><SignatureInfo><CanonicalizationMethod Algorithm="http://www.w3.org/2006/12/xml-c14n11#WithComments"/><RedactableSignatureAlgorithm Algorithm="http://sec.uni-passau.de/2017/xmlrss/gsrss"/></SignatureInfo><References><Reference><Pointer Redactable="true" URI="#xpointer(id('a3'))"/><Proof><Data>Vw7TX/pKxJiajCeOsj4TP+y2okMnsKI4BO+dk6/ug+PImYAQswMt3uodLQDk9MWJdBnhz79Syn6v3I0vchT/lg==</Data></Proof></Reference><Reference><Pointer URI="SignatureInfo"/><Proof><Data>RV/EKvyKGewSAhQEVt6SvXvQkp8CMhwv7RsNN3uoA5uIZH03n12LhpsGkmXMYkucATZgpD5KJ5Fn6bVLrLQJrA==</Data></Proof></Reference><Reference><Pointer Redactable="true" URI="#xpointer(id('a2'))"/><Proof><Data>OuOh73FYNL9dT/r0f9uwLmF4zt8UNvYg9UXbiqeJJ7o8qR6wg4svpD1w8kiTs9RpI4lstn+v4VcZsdasrnfsng==</Data></Proof></Reference><Reference><Pointer Redactable="true" URI="#xpointer(id('a1'))"/><Proof><Data>ebpfKQIj2ph2fVEobQIMMACHCrI/5ktScGYRiCpKNgHIaPYbYi5t49CVBzEC84ooyS2kh5YiWomrL3/AN6D6wQ==</Data></Proof></Reference></References><SignatureValue><DSigValue>GrvoCBAc93qZodUuJR7Bv5HowUPDfbOISBwm0w+E5EJioBPUOv04DcZQVwSja+SlV5azi9udwh+t1R3CRK47Sw==</DSigValue><AccumulatorValue>JFXZU6fQFj4lRIB3CDtP/sWLYC3W3UjA/vxFsTl/9uFnoqvunr6fgMo+8iLcIt5Pzq/F4WIFH4D8pJNL9PE+zg==</AccumulatorValue></SignatureValue></Signature></Vehicle><?xml version="1.0" encoding="UTF-8" standalone="no"?><Vehicle><Aircraft id="a1"><Glider id="g1">DG-800</Glider><Jet id="j1">Airbus A380</Jet></Aircraft><Watercraft id="a2"><Sailboat>Bavaria 36</Sailboat><Motorboat>Bavaria Sport 29</Motorboat></Watercraft><MotorVehicles id="a3"><Car Brand="Audi" Model="A3"/><Car Brand="Audi" Model="A4"/><Car Brand="BMW" Model="i7"/><Motorcycle Brand="Honda" Model="RC212V"/></MotorVehicles><Signature xmlns="https://sec.uni-passau.de/2017/03/xmlrss"><SignatureInfo><CanonicalizationMethod Algorithm="http://www.w3.org/2006/12/xml-c14n11#WithComments"/><RedactableSignatureAlgorithm Algorithm="http://sec.uni-passau.de/2017/xmlrss/gsrss"/></SignatureInfo><References><Reference><Pointer Redactable="true" URI="#xpointer(id('a2'))"/><Proof><Data>bHRltVUdK8tL+zGU616ti23bH+eBDvXsVL4V6tgAcAsd+9yYyhItHtcKqi4OBgVaB+NzN7iHfqtamy9istNNlw==</Data></Proof></Reference><Reference><Pointer URI="SignatureInfo"/><Proof><Data>Mj7MZIXNfvNltCN154cFOeUys44XV0KQ8e/UCoMKuWilsTv8yqdayfJF/kdpqmXPxvr734FIMbCOM9nHcgqXGw==</Data></Proof></Reference><Reference><Pointer Redactable="true" URI="#xpointer(id('a1'))"/><Proof><Data>XSSUZyyofxKrIdLlxa0C295d8sPPxdghxKMwUasgiGl3db9U0fVLYVhYnK9Z1Ir7KEotkoYcOTtCaYBReTuJUA==</Data></Proof></Reference><Reference><Pointer Redactable="true" URI="#xpointer(id('a3'))"/><Proof><Data>AJmQ+8illNWitMYn406PPnibfeic9OuJeJVtHNFL18F+A/Hi/e9aVWxhhajL1k2WIzDVyNT3so0E7cALnm2Cvf4=</Data></Proof></Reference></References><SignatureValue><DSigValue>GrvoCBAc93qZodUuJR7Bv5HowUPDfbOISBwm0w+E5EJioBPUOv04DcZQVwSja+SlV5azi9udwh+t1R3CRK47Sw==</DSigValue><AccumulatorValue>ccdmxb/+3Z7ErJFMCz5LE8sV5uxqjvwl5VbBgtYkZDZBamgaIL4euaCeT4XwOW0oyt6cL6IJLJdY8L/+gJSvSw==</AccumulatorValue></SignatureValue></Signature></Vehicle>]]></system-out>
  <system-err><![CDATA[]]></system-err>
</testsuite>
