<?xml version="1.0" encoding="UTF-8"?>
<testsuite name="de.unipassau.wolfgangpopp.xmlrss.wpprovider.psrss.PSRedactableSignatureTest" tests="15" skipped="0" failures="0" errors="0" timestamp="2022-03-04T11:49:18" hostname="sentinel" time="0.072">
  <properties/>
  <testcase name="testMerge" classname="de.unipassau.wolfgangpopp.xmlrss.wpprovider.psrss.PSRedactableSignatureTest" time="0.019"/>
  <testcase name="testAddDuplicateIdentifiers" classname="de.unipassau.wolfgangpopp.xmlrss.wpprovider.psrss.PSRedactableSignatureTest" time="0.0"/>
  <testcase name="testAddDuplicateParts" classname="de.unipassau.wolfgangpopp.xmlrss.wpprovider.psrss.PSRedactableSignatureTest" time="0.001"/>
  <testcase name="testSignSomeRedactable" classname="de.unipassau.wolfgangpopp.xmlrss.wpprovider.psrss.PSRedactableSignatureTest" time="0.0"/>
  <testcase name="testUpdate" classname="de.unipassau.wolfgangpopp.xmlrss.wpprovider.psrss.PSRedactableSignatureTest" time="0.008"/>
  <testcase name="testRedactAndThenRedact" classname="de.unipassau.wolfgangpopp.xmlrss.wpprovider.psrss.PSRedactableSignatureTest" time="0.006"/>
  <testcase name="testGetInstanceFromSpecificProviderObject" classname="de.unipassau.wolfgangpopp.xmlrss.wpprovider.psrss.PSRedactableSignatureTest" time="0.001"/>
  <testcase name="testSignAndThenVerifyOnSameObject" classname="de.unipassau.wolfgangpopp.xmlrss.wpprovider.psrss.PSRedactableSignatureTest" time="0.003"/>
  <testcase name="testGetInstanceFromSpecificProviderString" classname="de.unipassau.wolfgangpopp.xmlrss.wpprovider.psrss.PSRedactableSignatureTest" time="0.0"/>
  <testcase name="testSignThenRedactAndThenVerifyOnSameOject" classname="de.unipassau.wolfgangpopp.xmlrss.wpprovider.psrss.PSRedactableSignatureTest" time="0.014"/>
  <testcase name="testSignAndThenVerifyOnNewObject" classname="de.unipassau.wolfgangpopp.xmlrss.wpprovider.psrss.PSRedactableSignatureTest" time="0.005"/>
  <testcase name="testSignAllRedactable" classname="de.unipassau.wolfgangpopp.xmlrss.wpprovider.psrss.PSRedactableSignatureTest" time="0.003"/>
  <testcase name="testSignAndThenSign" classname="de.unipassau.wolfgangpopp.xmlrss.wpprovider.psrss.PSRedactableSignatureTest" time="0.004"/>
  <testcase name="testSignThenRedactAndThenVerifyOnNewObject" classname="de.unipassau.wolfgangpopp.xmlrss.wpprovider.psrss.PSRedactableSignatureTest" time="0.004"/>
  <testcase name="testGetInstance" classname="de.unipassau.wolfgangpopp.xmlrss.wpprovider.psrss.PSRedactableSignatureTest" time="0.001"/>
  <system-out><![CDATA[]]></system-out>
  <system-err><![CDATA[]]></system-err>
</testsuite>
